nohup: ignoring input
/home/alanwalker/Project/Data/WebServer1.py:55: DeprecationWarning: datetime.datetime.utcnow() is deprecated and scheduled for removal in a future version. Use timezone-aware objects to represent datetimes in UTC: datetime.datetime.now(datetime.UTC).
  timestamp = datetime.datetime.utcnow().isoformat()
Starting metrics logger for Web1 with full AI headers...
[2025-10-22T06:30:49.280481] CPU=0.207, MEM=4935680.000, LATENCY=0.001, OVERALL=1606.736
[2025-10-22T06:30:54.347198] CPU=0.207, MEM=4935680.000, LATENCY=0.002, OVERALL=1606.736
[2025-10-22T06:30:59.400261] CPU=0.207, MEM=4935680.000, LATENCY=0.001, OVERALL=1606.736
[2025-10-22T06:31:04.434897] CPU=0.207, MEM=4935680.000, LATENCY=0.001, OVERALL=1606.736
[2025-10-22T06:31:09.480042] CPU=0.207, MEM=4935680.000, LATENCY=0.001, OVERALL=1606.736
[2025-10-22T06:31:14.503166] CPU=0.207, MEM=4935680.000, LATENCY=0.001, OVERALL=1606.736
[2025-10-22T06:31:19.532366] CPU=0.207, MEM=4935680.000, LATENCY=0.001, OVERALL=1606.736
[2025-10-22T06:31:24.560363] CPU=0.207, MEM=4935680.000, LATENCY=0.004, OVERALL=1606.736
[2025-10-22T06:31:29.616589] CPU=0.207, MEM=4935680.000, LATENCY=0.002, OVERALL=1606.736
[2025-10-22T06:31:34.648640] CPU=0.207, MEM=4935680.000, LATENCY=0.001, OVERALL=1606.736
[2025-10-22T06:31:39.674414] CPU=0.207, MEM=4935680.000, LATENCY=0.001, OVERALL=1606.736
[2025-10-22T06:31:44.703816] CPU=0.207, MEM=4935680.000, LATENCY=0.002, OVERALL=1606.736
[2025-10-22T06:31:49.761170] CPU=0.207, MEM=4935680.000, LATENCY=0.001, OVERALL=1606.736
[2025-10-22T06:31:54.789491] CPU=0.207, MEM=4935680.000, LATENCY=0.001, OVERALL=1606.736
[2025-10-22T06:31:59.825785] CPU=0.207, MEM=4935680.000, LATENCY=0.000, OVERALL=1606.736
[2025-10-22T06:32:04.851611] CPU=0.207, MEM=4935680.000, LATENCY=0.001, OVERALL=1606.736
[2025-10-22T06:32:09.915462] CPU=0.207, MEM=4935680.000, LATENCY=0.001, OVERALL=1606.736
[2025-10-22T06:32:14.934228] CPU=0.207, MEM=4935680.000, LATENCY=0.001, OVERALL=1606.736
[2025-10-22T06:32:20.002351] CPU=0.207, MEM=4935680.000, LATENCY=0.000, OVERALL=1606.736
[2025-10-22T06:32:25.025318] CPU=0.207, MEM=4935680.000, LATENCY=0.000, OVERALL=1606.736
[2025-10-22T06:32:30.042963] CPU=0.207, MEM=4935680.000, LATENCY=0.002, OVERALL=1606.736
[2025-10-22T06:32:35.174402] CPU=0.207, MEM=4935680.000, LATENCY=0.001, OVERALL=1606.736
[2025-10-22T06:32:40.207916] CPU=0.207, MEM=4935680.000, LATENCY=0.001, OVERALL=1606.736
[2025-10-22T06:32:45.229530] CPU=0.207, MEM=4935680.000, LATENCY=0.001, OVERALL=1606.736
[2025-10-22T06:32:50.321255] CPU=0.207, MEM=4935680.000, LATENCY=0.001, OVERALL=1606.736
[2025-10-22T06:32:55.356214] CPU=0.207, MEM=4935680.000, LATENCY=0.001, OVERALL=1606.736
[2025-10-22T06:33:00.384751] CPU=0.207, MEM=4935680.000, LATENCY=0.002, OVERALL=1606.736
[2025-10-22T06:33:05.428987] CPU=0.207, MEM=4935680.000, LATENCY=0.001, OVERALL=1606.736
[2025-10-22T06:33:10.454642] CPU=0.207, MEM=4935680.000, LATENCY=0.001, OVERALL=1606.736
[2025-10-22T06:33:15.477394] CPU=0.207, MEM=4935680.000, LATENCY=0.001, OVERALL=1606.736
[2025-10-22T06:33:20.513967] CPU=0.207, MEM=4935680.000, LATENCY=0.001, OVERALL=1606.736
[2025-10-22T06:33:25.538296] CPU=0.207, MEM=4935680.000, LATENCY=0.002, OVERALL=1606.736
[2025-10-22T06:33:30.574194] CPU=0.207, MEM=4935680.000, LATENCY=0.001, OVERALL=1606.736
[2025-10-22T06:33:35.608513] CPU=0.207, MEM=4935680.000, LATENCY=0.001, OVERALL=1606.736
[2025-10-22T06:33:40.632906] CPU=0.207, MEM=4935680.000, LATENCY=0.001, OVERALL=1606.736
[2025-10-22T06:33:45.659687] CPU=0.207, MEM=4935680.000, LATENCY=0.001, OVERALL=1606.736
[2025-10-22T06:33:50.678567] CPU=0.207, MEM=4935680.000, LATENCY=0.001, OVERALL=1606.736
[2025-10-22T06:33:55.698950] CPU=0.207, MEM=4935680.000, LATENCY=0.001, OVERALL=1606.736
[2025-10-22T06:34:00.739687] CPU=0.207, MEM=4935680.000, LATENCY=0.001, OVERALL=1606.736
[2025-10-22T06:34:05.764642] CPU=0.207, MEM=4935680.000, LATENCY=0.001, OVERALL=1606.736
[2025-10-22T06:34:10.791440] CPU=0.207, MEM=4935680.000, LATENCY=0.001, OVERALL=1606.736
[2025-10-22T06:34:15.814285] CPU=0.207, MEM=4935680.000, LATENCY=0.001, OVERALL=1606.736
[2025-10-22T06:34:20.843644] CPU=0.207, MEM=4935680.000, LATENCY=0.001, OVERALL=1606.736
[2025-10-22T06:34:25.867722] CPU=0.207, MEM=4935680.000, LATENCY=0.001, OVERALL=1606.736
[2025-10-22T06:34:30.885885] CPU=0.207, MEM=4935680.000, LATENCY=0.001, OVERALL=1606.736
[2025-10-22T06:34:35.924216] CPU=0.207, MEM=4935680.000, LATENCY=0.001, OVERALL=1606.736
[2025-10-22T06:34:40.950414] CPU=0.207, MEM=4935680.000, LATENCY=0.001, OVERALL=1606.736
[2025-10-22T06:34:46.020856] CPU=0.207, MEM=4935680.000, LATENCY=0.004, OVERALL=1606.736
[2025-10-22T06:34:51.064929] CPU=0.207, MEM=4935680.000, LATENCY=0.001, OVERALL=1606.736
[2025-10-22T06:34:56.119410] CPU=0.207, MEM=4935680.000, LATENCY=0.001, OVERALL=1606.736
[2025-10-22T06:35:01.151762] CPU=0.207, MEM=4935680.000, LATENCY=0.001, OVERALL=1606.736
[2025-10-22T06:35:06.190982] CPU=0.207, MEM=4935680.000, LATENCY=0.004, OVERALL=1606.736
[2025-10-22T06:35:11.230064] CPU=0.207, MEM=4935680.000, LATENCY=0.001, OVERALL=1606.736
[2025-10-22T06:35:16.283755] CPU=0.207, MEM=4935680.000, LATENCY=0.002, OVERALL=1606.736
[2025-10-22T06:35:21.318020] CPU=0.207, MEM=4935680.000, LATENCY=0.002, OVERALL=1606.736
[2025-10-22T06:35:26.384429] CPU=0.207, MEM=4935680.000, LATENCY=0.001, OVERALL=1606.736
[2025-10-22T06:35:31.416188] CPU=0.207, MEM=4935680.000, LATENCY=0.001, OVERALL=1606.736
[2025-10-22T06:35:36.456342] CPU=0.207, MEM=4935680.000, LATENCY=0.000, OVERALL=1606.736
[2025-10-22T06:35:41.484107] CPU=0.207, MEM=4935680.000, LATENCY=0.001, OVERALL=1606.736
[2025-10-22T06:35:46.521460] CPU=0.207, MEM=4935680.000, LATENCY=0.001, OVERALL=1606.736
[2025-10-22T06:35:51.576244] CPU=0.207, MEM=4935680.000, LATENCY=0.001, OVERALL=1606.736
[2025-10-22T06:35:56.610784] CPU=0.207, MEM=4935680.000, LATENCY=0.001, OVERALL=1606.736
[2025-10-22T06:36:01.646600] CPU=0.207, MEM=4935680.000, LATENCY=0.002, OVERALL=1606.736
[2025-10-22T06:36:06.787737] CPU=0.207, MEM=4935680.000, LATENCY=0.004, OVERALL=1606.736
[2025-10-22T06:36:11.838809] CPU=0.207, MEM=4935680.000, LATENCY=0.004, OVERALL=1606.736
[2025-10-22T06:36:16.930039] CPU=0.207, MEM=4935680.000, LATENCY=0.001, OVERALL=1606.736
[2025-10-22T06:36:22.009520] CPU=0.207, MEM=4935680.000, LATENCY=0.000, OVERALL=1606.736
[2025-10-22T06:36:27.032287] CPU=0.207, MEM=4935680.000, LATENCY=0.001, OVERALL=1606.736
[2025-10-22T06:36:32.069788] CPU=0.207, MEM=4935680.000, LATENCY=0.001, OVERALL=1606.736
[2025-10-22T06:36:37.110709] CPU=0.207, MEM=4935680.000, LATENCY=0.001, OVERALL=1606.736
[2025-10-22T06:36:42.134874] CPU=0.207, MEM=4935680.000, LATENCY=0.001, OVERALL=1606.736
[2025-10-22T06:36:47.167090] CPU=0.207, MEM=4935680.000, LATENCY=0.001, OVERALL=1606.736
[2025-10-22T06:36:52.207279] CPU=0.207, MEM=4935680.000, LATENCY=0.001, OVERALL=1606.736
[2025-10-22T06:36:57.240188] CPU=0.207, MEM=4935680.000, LATENCY=0.001, OVERALL=1606.736
[2025-10-22T06:37:02.275522] CPU=0.207, MEM=4935680.000, LATENCY=0.001, OVERALL=1606.736
[2025-10-22T06:37:07.301138] CPU=0.207, MEM=4935680.000, LATENCY=0.001, OVERALL=1606.736
[2025-10-22T06:37:12.324058] CPU=0.207, MEM=4935680.000, LATENCY=0.001, OVERALL=1606.736
[2025-10-22T06:37:17.367582] CPU=0.207, MEM=4935680.000, LATENCY=0.001, OVERALL=1606.736
[2025-10-22T06:37:22.394404] CPU=0.207, MEM=4935680.000, LATENCY=0.003, OVERALL=1606.736
[2025-10-22T06:37:27.432114] CPU=0.207, MEM=4935680.000, LATENCY=0.001, OVERALL=1606.736
[2025-10-22T06:37:32.456632] CPU=0.207, MEM=4935680.000, LATENCY=0.001, OVERALL=1606.736
[2025-10-22T06:37:37.492751] CPU=0.207, MEM=4935680.000, LATENCY=0.001, OVERALL=1606.736
[2025-10-22T06:37:42.531352] CPU=0.207, MEM=4935680.000, LATENCY=0.001, OVERALL=1606.736
[2025-10-22T06:37:47.562997] CPU=0.207, MEM=4935680.000, LATENCY=0.001, OVERALL=1606.736
[2025-10-22T06:37:52.592043] CPU=0.207, MEM=4935680.000, LATENCY=0.001, OVERALL=1606.736
[2025-10-22T06:37:57.636469] CPU=0.207, MEM=4935680.000, LATENCY=0.001, OVERALL=1606.736
[2025-10-22T06:38:02.683069] CPU=0.207, MEM=4935680.000, LATENCY=0.001, OVERALL=1606.736
[2025-10-22T06:38:07.712639] CPU=0.207, MEM=4935680.000, LATENCY=0.004, OVERALL=1606.736
[2025-10-22T06:38:12.755204] CPU=0.207, MEM=4935680.000, LATENCY=0.001, OVERALL=1606.736
[2025-10-22T06:38:17.801652] CPU=0.207, MEM=4935680.000, LATENCY=0.001, OVERALL=1606.736
[2025-10-22T06:38:22.829117] CPU=0.207, MEM=4935680.000, LATENCY=0.001, OVERALL=1606.736
[2025-10-22T06:38:27.865595] CPU=0.207, MEM=4935680.000, LATENCY=0.001, OVERALL=1606.736
[2025-10-22T06:38:32.888338] CPU=0.207, MEM=4935680.000, LATENCY=0.001, OVERALL=1606.736
[2025-10-22T06:38:37.919660] CPU=0.207, MEM=4935680.000, LATENCY=0.001, OVERALL=1606.736
[2025-10-22T06:38:42.944136] CPU=0.207, MEM=4935680.000, LATENCY=0.001, OVERALL=1606.736
[2025-10-22T06:38:47.977242] CPU=0.207, MEM=4935680.000, LATENCY=0.001, OVERALL=1606.736
[2025-10-22T06:38:53.001687] CPU=0.207, MEM=4935680.000, LATENCY=0.001, OVERALL=1606.736
[2025-10-22T06:38:58.028653] CPU=0.207, MEM=4935680.000, LATENCY=0.001, OVERALL=1606.736
[2025-10-22T06:39:03.054551] CPU=0.207, MEM=4935680.000, LATENCY=0.001, OVERALL=1606.736
[2025-10-22T06:39:08.078469] CPU=0.207, MEM=4935680.000, LATENCY=0.001, OVERALL=1606.736
[2025-10-22T06:39:13.116866] CPU=0.207, MEM=4935680.000, LATENCY=0.000, OVERALL=1606.736
[2025-10-22T06:39:18.139912] CPU=0.207, MEM=4935680.000, LATENCY=0.001, OVERALL=1606.736
[2025-10-22T06:39:23.162654] CPU=0.207, MEM=4935680.000, LATENCY=0.001, OVERALL=1606.736
[2025-10-22T06:39:28.192744] CPU=0.207, MEM=4935680.000, LATENCY=0.001, OVERALL=1606.736
[2025-10-22T06:39:33.226449] CPU=0.207, MEM=4935680.000, LATENCY=0.001, OVERALL=1606.736
[2025-10-22T06:39:38.248421] CPU=0.207, MEM=4935680.000, LATENCY=0.001, OVERALL=1606.736
[2025-10-22T06:39:43.273168] CPU=0.207, MEM=4935680.000, LATENCY=0.001, OVERALL=1606.736
[2025-10-22T06:39:48.299512] CPU=0.207, MEM=4935680.000, LATENCY=0.001, OVERALL=1606.736
[2025-10-22T06:39:53.319171] CPU=0.207, MEM=4935680.000, LATENCY=0.001, OVERALL=1606.736
[2025-10-22T06:39:58.338555] CPU=0.207, MEM=4935680.000, LATENCY=0.001, OVERALL=1606.736
[2025-10-22T06:40:03.361441] CPU=0.207, MEM=4935680.000, LATENCY=0.001, OVERALL=1606.736
[2025-10-22T06:40:08.389967] CPU=0.207, MEM=4935680.000, LATENCY=0.001, OVERALL=1606.736
[2025-10-22T06:40:13.418204] CPU=0.207, MEM=4935680.000, LATENCY=0.001, OVERALL=1606.736
[2025-10-22T06:40:18.439017] CPU=0.207, MEM=4935680.000, LATENCY=0.001, OVERALL=1606.736
[2025-10-22T06:40:23.462576] CPU=0.207, MEM=4935680.000, LATENCY=0.001, OVERALL=1606.736
[2025-10-22T06:40:28.502079] CPU=0.207, MEM=4935680.000, LATENCY=0.000, OVERALL=1606.736
[2025-10-22T06:40:33.523004] CPU=0.207, MEM=4935680.000, LATENCY=0.000, OVERALL=1606.736
[2025-10-22T06:40:38.539948] CPU=0.207, MEM=4935680.000, LATENCY=0.001, OVERALL=1606.736
[2025-10-22T06:40:43.567883] CPU=0.207, MEM=4935680.000, LATENCY=0.003, OVERALL=1606.736
[2025-10-22T06:40:48.622790] CPU=0.207, MEM=4935680.000, LATENCY=0.001, OVERALL=1606.736
[2025-10-22T06:40:53.664397] CPU=0.207, MEM=4935680.000, LATENCY=0.001, OVERALL=1606.736
[2025-10-22T06:40:58.687343] CPU=0.207, MEM=4935680.000, LATENCY=0.001, OVERALL=1606.736
[2025-10-22T06:41:03.715531] CPU=0.207, MEM=4935680.000, LATENCY=0.002, OVERALL=1606.736
[2025-10-22T06:41:08.756910] CPU=0.207, MEM=4935680.000, LATENCY=0.001, OVERALL=1606.736
[2025-10-22T06:41:13.782829] CPU=0.207, MEM=4935680.000, LATENCY=0.001, OVERALL=1606.736
[2025-10-22T06:41:18.810748] CPU=0.207, MEM=4935680.000, LATENCY=0.000, OVERALL=1606.736
[2025-10-22T06:41:23.840441] CPU=0.207, MEM=4935680.000, LATENCY=0.001, OVERALL=1606.736
[2025-10-22T06:41:28.863100] CPU=0.207, MEM=4935680.000, LATENCY=0.001, OVERALL=1606.736
[2025-10-22T06:41:33.886061] CPU=0.207, MEM=4935680.000, LATENCY=0.001, OVERALL=1606.736
[2025-10-22T06:41:38.917394] CPU=0.207, MEM=4935680.000, LATENCY=0.001, OVERALL=1606.736
[2025-10-22T06:41:43.955273] CPU=0.207, MEM=4935680.000, LATENCY=0.001, OVERALL=1606.736
[2025-10-22T06:41:48.977436] CPU=0.207, MEM=4935680.000, LATENCY=0.001, OVERALL=1606.736
[2025-10-22T06:41:53.997519] CPU=0.207, MEM=4935680.000, LATENCY=0.001, OVERALL=1606.736
[2025-10-22T06:41:59.017936] CPU=0.207, MEM=4935680.000, LATENCY=0.001, OVERALL=1606.736
[2025-10-22T06:42:04.045870] CPU=0.207, MEM=4935680.000, LATENCY=0.001, OVERALL=1606.736
[2025-10-22T06:42:09.071980] CPU=0.207, MEM=4935680.000, LATENCY=0.000, OVERALL=1606.736
[2025-10-22T06:42:14.096086] CPU=0.207, MEM=4935680.000, LATENCY=0.001, OVERALL=1606.736
[2025-10-22T06:42:19.131679] CPU=0.207, MEM=4935680.000, LATENCY=0.000, OVERALL=1606.736
[2025-10-22T06:42:24.151126] CPU=0.207, MEM=4935680.000, LATENCY=0.000, OVERALL=1606.736
[2025-10-22T06:42:29.170158] CPU=0.207, MEM=4935680.000, LATENCY=0.001, OVERALL=1606.736
[2025-10-22T06:42:34.187248] CPU=0.207, MEM=4935680.000, LATENCY=0.000, OVERALL=1606.736
[2025-10-22T06:42:39.204408] CPU=0.207, MEM=4935680.000, LATENCY=0.000, OVERALL=1606.736
[2025-10-22T06:42:44.230902] CPU=0.207, MEM=4935680.000, LATENCY=0.000, OVERALL=1606.736
[2025-10-22T06:42:49.248303] CPU=0.207, MEM=4935680.000, LATENCY=0.000, OVERALL=1606.736
[2025-10-22T06:42:54.265352] CPU=0.207, MEM=4935680.000, LATENCY=0.000, OVERALL=1606.736
[2025-10-22T06:42:59.283503] CPU=0.207, MEM=4935680.000, LATENCY=0.001, OVERALL=1606.736
[2025-10-22T06:43:04.301813] CPU=0.207, MEM=4935680.000, LATENCY=0.001, OVERALL=1606.736
[2025-10-22T06:43:09.320156] CPU=0.207, MEM=4935680.000, LATENCY=0.000, OVERALL=1606.736
[2025-10-22T06:43:14.336315] CPU=0.207, MEM=4935680.000, LATENCY=0.001, OVERALL=1606.736
[2025-10-22T06:43:19.354273] CPU=0.207, MEM=4935680.000, LATENCY=0.000, OVERALL=1606.736
[2025-10-22T06:43:24.373187] CPU=0.207, MEM=4935680.000, LATENCY=0.000, OVERALL=1606.736
[2025-10-22T06:43:29.399223] CPU=0.207, MEM=4935680.000, LATENCY=0.000, OVERALL=1606.736
[2025-10-22T06:43:34.415431] CPU=0.207, MEM=4935680.000, LATENCY=0.000, OVERALL=1606.736
[2025-10-22T06:43:39.431723] CPU=0.207, MEM=4935680.000, LATENCY=0.001, OVERALL=1606.736
[2025-10-22T06:43:44.454484] CPU=0.207, MEM=4935680.000, LATENCY=0.001, OVERALL=1606.736
[2025-10-22T06:43:49.479661] CPU=0.207, MEM=4935680.000, LATENCY=0.001, OVERALL=1606.736
[2025-10-22T06:43:54.508726] CPU=0.207, MEM=4935680.000, LATENCY=0.001, OVERALL=1606.736
[2025-10-22T06:43:59.536201] CPU=0.207, MEM=4935680.000, LATENCY=0.001, OVERALL=1606.736
[2025-10-22T06:44:04.572721] CPU=0.207, MEM=4935680.000, LATENCY=0.000, OVERALL=1606.736
[2025-10-22T06:44:09.590430] CPU=0.207, MEM=4935680.000, LATENCY=0.000, OVERALL=1606.736
[2025-10-22T06:44:14.607285] CPU=0.207, MEM=4935680.000, LATENCY=0.000, OVERALL=1606.736
[2025-10-22T06:44:19.623740] CPU=0.207, MEM=4935680.000, LATENCY=0.000, OVERALL=1606.736
[2025-10-22T06:44:24.639983] CPU=0.207, MEM=4935680.000, LATENCY=0.000, OVERALL=1606.736
[2025-10-22T06:44:29.661222] CPU=0.207, MEM=4935680.000, LATENCY=0.001, OVERALL=1606.736
[2025-10-22T06:44:34.677927] CPU=0.207, MEM=4935680.000, LATENCY=0.000, OVERALL=1606.736
[2025-10-22T06:44:39.696013] CPU=0.207, MEM=4935680.000, LATENCY=0.000, OVERALL=1606.736
[2025-10-22T06:44:44.715822] CPU=0.207, MEM=4935680.000, LATENCY=0.000, OVERALL=1606.736
[2025-10-22T06:44:49.733413] CPU=0.207, MEM=4935680.000, LATENCY=0.000, OVERALL=1606.736
[2025-10-22T06:44:54.750400] CPU=0.207, MEM=4935680.000, LATENCY=0.000, OVERALL=1606.736
[2025-10-22T06:44:59.766436] CPU=0.207, MEM=4935680.000, LATENCY=0.000, OVERALL=1606.736
[2025-10-22T06:45:04.782886] CPU=0.207, MEM=4935680.000, LATENCY=0.000, OVERALL=1606.736
[2025-10-22T06:45:09.798975] CPU=0.207, MEM=4935680.000, LATENCY=0.000, OVERALL=1606.736
[2025-10-22T06:45:14.821144] CPU=0.207, MEM=4935680.000, LATENCY=0.000, OVERALL=1606.736
[2025-10-22T06:45:19.838304] CPU=0.207, MEM=4935680.000, LATENCY=0.000, OVERALL=1606.736
[2025-10-22T06:45:24.854626] CPU=0.207, MEM=4935680.000, LATENCY=0.000, OVERALL=1606.736
[2025-10-22T06:45:29.871498] CPU=0.207, MEM=4935680.000, LATENCY=0.000, OVERALL=1606.736
[2025-10-22T06:45:34.888290] CPU=0.207, MEM=4935680.000, LATENCY=0.001, OVERALL=1606.736
[2025-10-22T06:45:39.910202] CPU=0.207, MEM=4935680.000, LATENCY=0.000, OVERALL=1606.736
[2025-10-22T06:45:44.929458] CPU=0.207, MEM=4935680.000, LATENCY=0.000, OVERALL=1606.736
[2025-10-22T06:45:49.947477] CPU=0.207, MEM=4935680.000, LATENCY=0.001, OVERALL=1606.736
[2025-10-22T06:45:54.964934] CPU=0.207, MEM=4935680.000, LATENCY=0.000, OVERALL=1606.736
[2025-10-22T06:45:59.988596] CPU=0.207, MEM=4935680.000, LATENCY=0.000, OVERALL=1606.736
[2025-10-22T06:46:05.024524] CPU=0.207, MEM=4935680.000, LATENCY=0.000, OVERALL=1606.736
[2025-10-22T06:46:10.042053] CPU=0.207, MEM=4935680.000, LATENCY=0.000, OVERALL=1606.736
[2025-10-22T06:46:15.060287] CPU=0.207, MEM=4935680.000, LATENCY=0.001, OVERALL=1606.736
[2025-10-22T06:46:20.079678] CPU=0.207, MEM=4935680.000, LATENCY=0.000, OVERALL=1606.736
[2025-10-22T06:46:25.097144] CPU=0.207, MEM=4935680.000, LATENCY=0.001, OVERALL=1606.736
[2025-10-22T06:46:30.114701] CPU=0.207, MEM=4935680.000, LATENCY=0.000, OVERALL=1606.736
[2025-10-22T06:46:35.133607] CPU=0.207, MEM=4935680.000, LATENCY=0.001, OVERALL=1606.736
[2025-10-22T06:46:40.155280] CPU=0.207, MEM=4935680.000, LATENCY=0.001, OVERALL=1606.736
[2025-10-22T06:46:45.187943] CPU=0.207, MEM=4935680.000, LATENCY=0.001, OVERALL=1606.736
[2025-10-22T06:46:50.209043] CPU=0.207, MEM=4935680.000, LATENCY=0.001, OVERALL=1606.736
[2025-10-22T06:46:55.231243] CPU=0.207, MEM=4935680.000, LATENCY=0.000, OVERALL=1606.736
[2025-10-22T06:47:00.256339] CPU=0.207, MEM=4935680.000, LATENCY=0.000, OVERALL=1606.736
[2025-10-22T06:47:05.305668] CPU=0.207, MEM=4935680.000, LATENCY=0.000, OVERALL=1606.736
[2025-10-22T06:47:10.323618] CPU=0.207, MEM=4935680.000, LATENCY=0.000, OVERALL=1606.736
[2025-10-22T06:47:15.341971] CPU=0.207, MEM=4935680.000, LATENCY=0.000, OVERALL=1606.736
[2025-10-22T06:47:20.358771] CPU=0.207, MEM=4935680.000, LATENCY=0.000, OVERALL=1606.736
[2025-10-22T06:47:25.376327] CPU=0.207, MEM=4935680.000, LATENCY=0.000, OVERALL=1606.736
[2025-10-22T06:47:30.392208] CPU=0.207, MEM=4935680.000, LATENCY=0.000, OVERALL=1606.736
[2025-10-22T06:47:35.407581] CPU=0.207, MEM=4935680.000, LATENCY=0.000, OVERALL=1606.736
[2025-10-22T06:47:40.431843] CPU=0.207, MEM=4935680.000, LATENCY=0.000, OVERALL=1606.736
[2025-10-22T06:47:45.447450] CPU=0.207, MEM=4935680.000, LATENCY=0.000, OVERALL=1606.736
[2025-10-22T06:47:50.463150] CPU=0.207, MEM=4935680.000, LATENCY=0.000, OVERALL=1606.736
[2025-10-22T06:47:55.479820] CPU=0.207, MEM=4935680.000, LATENCY=0.000, OVERALL=1606.736
[2025-10-22T06:48:00.496667] CPU=0.207, MEM=4935680.000, LATENCY=0.001, OVERALL=1606.736
[2025-10-22T06:48:05.518610] CPU=0.207, MEM=4935680.000, LATENCY=0.000, OVERALL=1606.736
[2025-10-22T06:48:10.536471] CPU=0.207, MEM=4935680.000, LATENCY=0.000, OVERALL=1606.736
[2025-10-22T06:48:15.552954] CPU=0.207, MEM=4935680.000, LATENCY=0.000, OVERALL=1606.736
[2025-10-22T06:48:20.572078] CPU=0.207, MEM=4935680.000, LATENCY=0.000, OVERALL=1606.736
[2025-10-22T06:48:25.589754] CPU=0.207, MEM=4935680.000, LATENCY=0.001, OVERALL=1606.736
[2025-10-22T06:48:30.613657] CPU=0.207, MEM=4935680.000, LATENCY=0.000, OVERALL=1606.736
[2025-10-22T06:48:35.640115] CPU=0.207, MEM=4935680.000, LATENCY=0.001, OVERALL=1606.736
[2025-10-22T06:48:40.674105] CPU=0.207, MEM=4935680.000, LATENCY=0.000, OVERALL=1606.736
[2025-10-22T06:48:45.691051] CPU=0.207, MEM=4935680.000, LATENCY=0.001, OVERALL=1606.736
[2025-10-22T06:48:50.707608] CPU=0.207, MEM=4935680.000, LATENCY=0.000, OVERALL=1606.736
[2025-10-22T06:48:55.724439] CPU=0.207, MEM=4935680.000, LATENCY=0.001, OVERALL=1606.736
[2025-10-22T06:49:00.745989] CPU=0.207, MEM=4935680.000, LATENCY=0.002, OVERALL=1606.736
[2025-10-22T06:49:05.839884] CPU=0.207, MEM=4935680.000, LATENCY=0.003, OVERALL=1606.736
[2025-10-22T06:49:10.920494] CPU=0.207, MEM=4935680.000, LATENCY=0.002, OVERALL=1606.736
[2025-10-22T06:49:16.019469] CPU=0.207, MEM=4935680.000, LATENCY=0.001, OVERALL=1606.736
[2025-10-22T06:49:21.068129] CPU=0.207, MEM=4935680.000, LATENCY=0.001, OVERALL=1606.736
[2025-10-22T06:49:26.093734] CPU=0.207, MEM=4935680.000, LATENCY=0.002, OVERALL=1606.736
[2025-10-22T06:49:31.156525] CPU=0.207, MEM=4935680.000, LATENCY=0.001, OVERALL=1606.736
[2025-10-22T06:49:36.192372] CPU=0.207, MEM=4935680.000, LATENCY=0.001, OVERALL=1606.736
[2025-10-22T06:49:41.261547] CPU=0.207, MEM=4935680.000, LATENCY=0.001, OVERALL=1606.736
[2025-10-22T06:49:46.365975] CPU=0.207, MEM=4935680.000, LATENCY=0.002, OVERALL=1606.736
[2025-10-22T06:49:51.445548] CPU=0.207, MEM=4935680.000, LATENCY=0.008, OVERALL=1606.737
[2025-10-22T06:49:56.551305] CPU=0.207, MEM=4935680.000, LATENCY=0.000, OVERALL=1606.736
[2025-10-22T06:50:01.573120] CPU=0.207, MEM=4935680.000, LATENCY=0.001, OVERALL=1606.736
[2025-10-22T06:50:06.595698] CPU=0.207, MEM=4935680.000, LATENCY=0.001, OVERALL=1606.736
[2025-10-22T06:50:11.620508] CPU=0.207, MEM=4935680.000, LATENCY=0.001, OVERALL=1606.736
[2025-10-22T06:50:16.641926] CPU=0.207, MEM=4935680.000, LATENCY=0.001, OVERALL=1606.736
[2025-10-22T06:50:21.685670] CPU=0.207, MEM=4935680.000, LATENCY=0.001, OVERALL=1606.736
[2025-10-22T06:50:26.724912] CPU=0.207, MEM=4935680.000, LATENCY=0.001, OVERALL=1606.736
[2025-10-22T06:50:31.747912] CPU=0.207, MEM=4935680.000, LATENCY=0.001, OVERALL=1606.736
[2025-10-22T06:50:36.777511] CPU=0.207, MEM=4935680.000, LATENCY=0.001, OVERALL=1606.736
[2025-10-22T06:50:41.798613] CPU=0.207, MEM=4935680.000, LATENCY=0.001, OVERALL=1606.736
[2025-10-22T06:50:46.842185] CPU=0.207, MEM=4935680.000, LATENCY=0.001, OVERALL=1606.736
[2025-10-22T06:50:51.869516] CPU=0.207, MEM=4935680.000, LATENCY=0.001, OVERALL=1606.736
[2025-10-22T06:50:56.895818] CPU=0.207, MEM=4935680.000, LATENCY=0.001, OVERALL=1606.736
[2025-10-22T06:51:01.916304] CPU=0.207, MEM=4935680.000, LATENCY=0.001, OVERALL=1606.736
[2025-10-22T06:51:06.942649] CPU=0.207, MEM=4935680.000, LATENCY=0.001, OVERALL=1606.736
[2025-10-22T06:51:11.978300] CPU=0.207, MEM=4935680.000, LATENCY=0.001, OVERALL=1606.736
[2025-10-22T06:51:17.009826] CPU=0.207, MEM=4935680.000, LATENCY=0.001, OVERALL=1606.736
[2025-10-22T06:51:22.049595] CPU=0.207, MEM=4935680.000, LATENCY=0.001, OVERALL=1606.736
[2025-10-22T06:51:27.077339] CPU=0.207, MEM=4935680.000, LATENCY=0.001, OVERALL=1606.736
[2025-10-22T06:51:32.104282] CPU=0.207, MEM=4935680.000, LATENCY=0.001, OVERALL=1606.736
[2025-10-22T06:51:37.128857] CPU=0.207, MEM=4935680.000, LATENCY=0.001, OVERALL=1606.736
[2025-10-22T06:51:42.149764] CPU=0.207, MEM=4935680.000, LATENCY=0.001, OVERALL=1606.736
[2025-10-22T06:51:47.176468] CPU=0.207, MEM=4935680.000, LATENCY=0.001, OVERALL=1606.736
[2025-10-22T06:51:52.200215] CPU=0.207, MEM=4935680.000, LATENCY=0.001, OVERALL=1606.736
[2025-10-22T06:51:57.220154] CPU=0.207, MEM=4935680.000, LATENCY=0.000, OVERALL=1606.736
[2025-10-22T06:52:02.238795] CPU=0.207, MEM=4935680.000, LATENCY=0.000, OVERALL=1606.736
[2025-10-22T06:52:07.257860] CPU=0.207, MEM=4935680.000, LATENCY=0.001, OVERALL=1606.736
[2025-10-22T06:52:12.285785] CPU=0.207, MEM=4935680.000, LATENCY=0.001, OVERALL=1606.736
[2025-10-22T06:52:17.306462] CPU=0.207, MEM=4935680.000, LATENCY=0.001, OVERALL=1606.736
[2025-10-22T06:52:22.332462] CPU=0.207, MEM=4935680.000, LATENCY=0.000, OVERALL=1606.736
[2025-10-22T06:52:27.355546] CPU=0.207, MEM=4935680.000, LATENCY=0.001, OVERALL=1606.736
[2025-10-22T06:52:32.375875] CPU=0.207, MEM=4935680.000, LATENCY=0.001, OVERALL=1606.736
[2025-10-22T06:52:37.409895] CPU=0.207, MEM=4935680.000, LATENCY=0.001, OVERALL=1606.736
[2025-10-22T06:52:42.443829] CPU=0.207, MEM=4935680.000, LATENCY=0.001, OVERALL=1606.736
[2025-10-22T06:52:47.481142] CPU=0.207, MEM=4935680.000, LATENCY=0.001, OVERALL=1606.736
[2025-10-22T06:52:52.511753] CPU=0.207, MEM=4935680.000, LATENCY=0.001, OVERALL=1606.736
[2025-10-22T06:52:57.532814] CPU=0.207, MEM=4935680.000, LATENCY=0.001, OVERALL=1606.736
[2025-10-22T06:53:02.551844] CPU=0.207, MEM=4935680.000, LATENCY=0.001, OVERALL=1606.736
[2025-10-22T06:53:07.579140] CPU=0.207, MEM=4935680.000, LATENCY=0.001, OVERALL=1606.736
[2025-10-22T06:53:12.600695] CPU=0.207, MEM=4935680.000, LATENCY=0.001, OVERALL=1606.736
[2025-10-22T06:53:17.632980] CPU=0.207, MEM=4935680.000, LATENCY=0.001, OVERALL=1606.736
[2025-10-22T06:53:22.662207] CPU=0.207, MEM=4935680.000, LATENCY=0.001, OVERALL=1606.736
[2025-10-22T06:53:27.682798] CPU=0.207, MEM=4935680.000, LATENCY=0.001, OVERALL=1606.736
[2025-10-22T06:53:32.711125] CPU=0.207, MEM=4935680.000, LATENCY=0.001, OVERALL=1606.736
[2025-10-22T06:53:37.745066] CPU=0.207, MEM=4935680.000, LATENCY=0.001, OVERALL=1606.736
[2025-10-22T06:53:42.783072] CPU=0.207, MEM=4935680.000, LATENCY=0.001, OVERALL=1606.736
[2025-10-22T06:53:47.803952] CPU=0.207, MEM=4935680.000, LATENCY=0.001, OVERALL=1606.736
[2025-10-22T06:53:52.822458] CPU=0.207, MEM=4935680.000, LATENCY=0.001, OVERALL=1606.736
[2025-10-22T06:53:57.840092] CPU=0.207, MEM=4935680.000, LATENCY=0.000, OVERALL=1606.736
[2025-10-22T06:54:02.856737] CPU=0.207, MEM=4935680.000, LATENCY=0.000, OVERALL=1606.736
[2025-10-22T06:54:07.881637] CPU=0.207, MEM=4935680.000, LATENCY=0.000, OVERALL=1606.736
[2025-10-22T06:54:12.899026] CPU=0.207, MEM=4935680.000, LATENCY=0.001, OVERALL=1606.736
[2025-10-22T06:54:17.934909] CPU=0.207, MEM=4935680.000, LATENCY=0.001, OVERALL=1606.736
[2025-10-22T06:54:22.955946] CPU=0.207, MEM=4935680.000, LATENCY=0.000, OVERALL=1606.736
[2025-10-22T06:54:27.975087] CPU=0.207, MEM=4935680.000, LATENCY=0.001, OVERALL=1606.736
[2025-10-22T06:54:32.997150] CPU=0.207, MEM=4935680.000, LATENCY=0.001, OVERALL=1606.736
[2025-10-22T06:54:38.019962] CPU=0.207, MEM=4935680.000, LATENCY=0.001, OVERALL=1606.736
[2025-10-22T06:54:43.049810] CPU=0.207, MEM=4935680.000, LATENCY=0.001, OVERALL=1606.736
[2025-10-22T06:54:48.072704] CPU=0.207, MEM=4935680.000, LATENCY=0.000, OVERALL=1606.736
[2025-10-22T06:54:53.094254] CPU=0.207, MEM=4935680.000, LATENCY=0.000, OVERALL=1606.736
[2025-10-22T06:54:58.114524] CPU=0.207, MEM=4935680.000, LATENCY=0.001, OVERALL=1606.736
[2025-10-22T06:55:03.137728] CPU=0.207, MEM=4935680.000, LATENCY=0.001, OVERALL=1606.736
[2025-10-22T06:55:08.168144] CPU=0.207, MEM=4935680.000, LATENCY=0.001, OVERALL=1606.736
[2025-10-22T06:55:13.188417] CPU=0.207, MEM=4935680.000, LATENCY=0.001, OVERALL=1606.736
[2025-10-22T06:55:18.219383] CPU=0.207, MEM=4935680.000, LATENCY=0.001, OVERALL=1606.736
[2025-10-22T06:55:23.242931] CPU=0.207, MEM=4935680.000, LATENCY=0.000, OVERALL=1606.736
[2025-10-22T06:55:28.264278] CPU=0.207, MEM=4935680.000, LATENCY=0.001, OVERALL=1606.736
[2025-10-22T06:55:33.286559] CPU=0.207, MEM=4935680.000, LATENCY=0.001, OVERALL=1606.736
[2025-10-22T06:55:38.307707] CPU=0.207, MEM=4935680.000, LATENCY=0.001, OVERALL=1606.736
[2025-10-22T06:55:43.356373] CPU=0.207, MEM=4935680.000, LATENCY=0.000, OVERALL=1606.736
[2025-10-22T06:55:48.377253] CPU=0.207, MEM=4935680.000, LATENCY=0.001, OVERALL=1606.736
[2025-10-22T06:55:53.397603] CPU=0.207, MEM=4935680.000, LATENCY=0.001, OVERALL=1606.736
[2025-10-22T06:55:58.416841] CPU=0.207, MEM=4935680.000, LATENCY=0.001, OVERALL=1606.736
[2025-10-22T06:56:03.439577] CPU=0.207, MEM=4935680.000, LATENCY=0.001, OVERALL=1606.736
[2025-10-22T06:56:08.485726] CPU=0.207, MEM=4935680.000, LATENCY=0.001, OVERALL=1606.736
[2025-10-22T06:56:13.507509] CPU=0.207, MEM=4935680.000, LATENCY=0.001, OVERALL=1606.736
[2025-10-22T06:56:18.531354] CPU=0.207, MEM=4935680.000, LATENCY=0.001, OVERALL=1606.736
[2025-10-22T06:56:23.555806] CPU=0.207, MEM=4935680.000, LATENCY=0.001, OVERALL=1606.736
[2025-10-22T06:56:28.592623] CPU=0.207, MEM=4935680.000, LATENCY=0.001, OVERALL=1606.736
[2025-10-22T06:56:33.620999] CPU=0.207, MEM=4935680.000, LATENCY=0.001, OVERALL=1606.736
[2025-10-22T06:56:38.641835] CPU=0.207, MEM=4935680.000, LATENCY=0.000, OVERALL=1606.736
[2025-10-22T06:56:43.660834] CPU=0.207, MEM=4935680.000, LATENCY=0.001, OVERALL=1606.736
[2025-10-22T06:56:48.684366] CPU=0.207, MEM=4935680.000, LATENCY=0.001, OVERALL=1606.736
[2025-10-22T06:56:53.720828] CPU=0.207, MEM=4935680.000, LATENCY=0.001, OVERALL=1606.736
[2025-10-22T06:56:58.747933] CPU=0.207, MEM=4935680.000, LATENCY=0.001, OVERALL=1606.736
[2025-10-22T06:57:03.769220] CPU=0.207, MEM=4935680.000, LATENCY=0.001, OVERALL=1606.736
[2025-10-22T06:57:08.825908] CPU=0.207, MEM=4935680.000, LATENCY=0.001, OVERALL=1606.736
[2025-10-22T06:57:13.846892] CPU=0.207, MEM=4935680.000, LATENCY=0.000, OVERALL=1606.736
[2025-10-22T06:57:18.867139] CPU=0.207, MEM=4935680.000, LATENCY=0.001, OVERALL=1606.736
[2025-10-22T06:57:23.903628] CPU=0.207, MEM=4935680.000, LATENCY=0.000, OVERALL=1606.736
[2025-10-22T06:57:28.923038] CPU=0.207, MEM=4935680.000, LATENCY=0.001, OVERALL=1606.736
[2025-10-22T06:57:33.942532] CPU=0.207, MEM=4935680.000, LATENCY=0.000, OVERALL=1606.736
[2025-10-22T06:57:38.962234] CPU=0.207, MEM=4935680.000, LATENCY=0.000, OVERALL=1606.736
[2025-10-22T06:57:43.985894] CPU=0.207, MEM=4935680.000, LATENCY=0.001, OVERALL=1606.736
[2025-10-22T06:57:49.010913] CPU=0.207, MEM=4935680.000, LATENCY=0.001, OVERALL=1606.736
[2025-10-22T06:57:54.041028] CPU=0.207, MEM=4935680.000, LATENCY=0.000, OVERALL=1606.736
[2025-10-22T06:57:59.057576] CPU=0.207, MEM=4935680.000, LATENCY=0.001, OVERALL=1606.736
[2025-10-22T06:58:04.074730] CPU=0.207, MEM=4935680.000, LATENCY=0.000, OVERALL=1606.736
[2025-10-22T06:58:09.090342] CPU=0.207, MEM=4935680.000, LATENCY=0.000, OVERALL=1606.736
[2025-10-22T06:58:14.106884] CPU=0.207, MEM=4935680.000, LATENCY=0.001, OVERALL=1606.736
[2025-10-22T06:58:19.130980] CPU=0.207, MEM=4935680.000, LATENCY=0.000, OVERALL=1606.736
[2025-10-22T06:58:24.153610] CPU=0.207, MEM=4935680.000, LATENCY=0.001, OVERALL=1606.736
[2025-10-22T06:58:29.172404] CPU=0.207, MEM=4935680.000, LATENCY=0.000, OVERALL=1606.736
[2025-10-22T06:58:34.190043] CPU=0.207, MEM=4935680.000, LATENCY=0.000, OVERALL=1606.736
[2025-10-22T06:58:39.208491] CPU=0.207, MEM=4935680.000, LATENCY=0.001, OVERALL=1606.736
[2025-10-22T06:58:44.229899] CPU=0.207, MEM=4935680.000, LATENCY=0.000, OVERALL=1606.736
[2025-10-22T06:58:49.250784] CPU=0.207, MEM=4935680.000, LATENCY=0.000, OVERALL=1606.736
[2025-10-22T06:58:54.273165] CPU=0.207, MEM=4935680.000, LATENCY=0.001, OVERALL=1606.736
[2025-10-22T06:58:59.295284] CPU=0.207, MEM=4935680.000, LATENCY=0.000, OVERALL=1606.736
[2025-10-22T06:59:04.319002] CPU=0.207, MEM=4935680.000, LATENCY=0.000, OVERALL=1606.736
[2025-10-22T06:59:09.335944] CPU=0.207, MEM=4935680.000, LATENCY=0.000, OVERALL=1606.736
[2025-10-22T06:59:14.353093] CPU=0.207, MEM=4935680.000, LATENCY=0.000, OVERALL=1606.736
[2025-10-22T06:59:19.384964] CPU=0.207, MEM=4935680.000, LATENCY=0.000, OVERALL=1606.736
[2025-10-22T06:59:24.401937] CPU=0.207, MEM=4935680.000, LATENCY=0.000, OVERALL=1606.736
[2025-10-22T06:59:29.418221] CPU=0.207, MEM=4935680.000, LATENCY=0.000, OVERALL=1606.736
[2025-10-22T06:59:34.436852] CPU=0.207, MEM=4935680.000, LATENCY=0.000, OVERALL=1606.736
[2025-10-22T06:59:39.454834] CPU=0.207, MEM=4935680.000, LATENCY=0.000, OVERALL=1606.736
[2025-10-22T06:59:44.476369] CPU=0.207, MEM=4935680.000, LATENCY=0.000, OVERALL=1606.736
[2025-10-22T06:59:49.492770] CPU=0.207, MEM=4935680.000, LATENCY=0.000, OVERALL=1606.736
[2025-10-22T06:59:54.509528] CPU=0.207, MEM=4935680.000, LATENCY=0.000, OVERALL=1606.736
[2025-10-22T06:59:59.526138] CPU=0.207, MEM=4935680.000, LATENCY=0.000, OVERALL=1606.736
[2025-10-22T07:00:04.541994] CPU=0.207, MEM=4935680.000, LATENCY=0.000, OVERALL=1606.736
[2025-10-22T07:00:09.559479] CPU=0.207, MEM=4935680.000, LATENCY=0.000, OVERALL=1606.736
[2025-10-22T07:00:14.576547] CPU=0.207, MEM=4935680.000, LATENCY=0.000, OVERALL=1606.736
[2025-10-22T07:00:19.598995] CPU=0.207, MEM=4935680.000, LATENCY=0.000, OVERALL=1606.736
[2025-10-22T07:00:24.616386] CPU=0.207, MEM=4935680.000, LATENCY=0.000, OVERALL=1606.736
[2025-10-22T07:00:29.633121] CPU=0.207, MEM=4935680.000, LATENCY=0.000, OVERALL=1606.736
[2025-10-22T07:00:34.649621] CPU=0.207, MEM=4935680.000, LATENCY=0.000, OVERALL=1606.736
[2025-10-22T07:00:39.665604] CPU=0.207, MEM=4935680.000, LATENCY=0.000, OVERALL=1606.736
[2025-10-22T07:00:44.688122] CPU=0.207, MEM=4935680.000, LATENCY=0.000, OVERALL=1606.736
[2025-10-22T07:00:49.704770] CPU=0.207, MEM=4935680.000, LATENCY=0.000, OVERALL=1606.736
[2025-10-22T07:00:54.721441] CPU=0.207, MEM=4935680.000, LATENCY=0.000, OVERALL=1606.736
[2025-10-22T07:00:59.737731] CPU=0.207, MEM=4935680.000, LATENCY=0.000, OVERALL=1606.736
[2025-10-22T07:01:04.754787] CPU=0.207, MEM=4935680.000, LATENCY=0.000, OVERALL=1606.736
[2025-10-22T07:01:09.771185] CPU=0.207, MEM=4935680.000, LATENCY=0.000, OVERALL=1606.736
[2025-10-22T07:01:14.796894] CPU=0.207, MEM=4935680.000, LATENCY=0.000, OVERALL=1606.736
[2025-10-22T07:01:19.814434] CPU=0.207, MEM=4935680.000, LATENCY=0.001, OVERALL=1606.736
[2025-10-22T07:01:24.831372] CPU=0.207, MEM=4935680.000, LATENCY=0.000, OVERALL=1606.736
[2025-10-22T07:01:29.856838] CPU=0.207, MEM=4935680.000, LATENCY=0.001, OVERALL=1606.736
[2025-10-22T07:01:34.873174] CPU=0.207, MEM=4935680.000, LATENCY=0.000, OVERALL=1606.736
[2025-10-22T07:01:39.890590] CPU=0.207, MEM=4935680.000, LATENCY=0.001, OVERALL=1606.736
[2025-10-22T07:01:44.910972] CPU=0.207, MEM=4935680.000, LATENCY=0.001, OVERALL=1606.736
[2025-10-22T07:01:49.934138] CPU=0.207, MEM=4935680.000, LATENCY=0.000, OVERALL=1606.736
[2025-10-22T07:01:54.969094] CPU=0.207, MEM=4935680.000, LATENCY=0.000, OVERALL=1606.736
[2025-10-22T07:01:59.986220] CPU=0.207, MEM=4935680.000, LATENCY=0.000, OVERALL=1606.736
[2025-10-22T07:02:05.007655] CPU=0.207, MEM=4935680.000, LATENCY=0.001, OVERALL=1606.736
[2025-10-22T07:02:10.024667] CPU=0.207, MEM=4935680.000, LATENCY=0.000, OVERALL=1606.736
[2025-10-22T07:02:15.042729] CPU=0.207, MEM=4935680.000, LATENCY=0.000, OVERALL=1606.736
[2025-10-22T07:02:20.060531] CPU=0.207, MEM=4935680.000, LATENCY=0.000, OVERALL=1606.736
[2025-10-22T07:02:25.076590] CPU=0.207, MEM=4935680.000, LATENCY=0.001, OVERALL=1606.736
[2025-10-22T07:02:30.108742] CPU=0.207, MEM=4935680.000, LATENCY=0.000, OVERALL=1606.736
[2025-10-22T07:02:35.125047] CPU=0.207, MEM=4935680.000, LATENCY=0.000, OVERALL=1606.736
[2025-10-22T07:02:40.144922] CPU=0.207, MEM=4935680.000, LATENCY=0.000, OVERALL=1606.736
[2025-10-22T07:02:45.160807] CPU=0.207, MEM=4935680.000, LATENCY=0.000, OVERALL=1606.736
[2025-10-22T07:02:50.177563] CPU=0.207, MEM=4935680.000, LATENCY=0.000, OVERALL=1606.736
[2025-10-22T07:02:55.200437] CPU=0.207, MEM=4935680.000, LATENCY=0.000, OVERALL=1606.736
[2025-10-22T07:03:00.217621] CPU=0.207, MEM=4935680.000, LATENCY=0.000, OVERALL=1606.736
[2025-10-22T07:03:05.234710] CPU=0.207, MEM=4935680.000, LATENCY=0.001, OVERALL=1606.736
[2025-10-22T07:03:10.251142] CPU=0.207, MEM=4935680.000, LATENCY=0.000, OVERALL=1606.736
[2025-10-22T07:03:15.266904] CPU=0.207, MEM=4935680.000, LATENCY=0.000, OVERALL=1606.736
[2025-10-22T07:03:20.283373] CPU=0.207, MEM=4935680.000, LATENCY=0.000, OVERALL=1606.736
[2025-10-22T07:03:25.300028] CPU=0.207, MEM=4935680.000, LATENCY=0.000, OVERALL=1606.736
[2025-10-22T07:03:30.316792] CPU=0.207, MEM=4935680.000, LATENCY=0.000, OVERALL=1606.736
[2025-10-22T07:03:35.333107] CPU=0.207, MEM=4935680.000, LATENCY=0.000, OVERALL=1606.736
[2025-10-22T07:03:40.349200] CPU=0.207, MEM=4935680.000, LATENCY=0.000, OVERALL=1606.736
[2025-10-22T07:03:45.369150] CPU=0.207, MEM=4935680.000, LATENCY=0.001, OVERALL=1606.736
[2025-10-22T07:03:50.399828] CPU=0.207, MEM=4935680.000, LATENCY=0.000, OVERALL=1606.736
[2025-10-22T07:03:55.428317] CPU=0.207, MEM=4935680.000, LATENCY=0.001, OVERALL=1606.736
[2025-10-22T07:04:00.456434] CPU=0.207, MEM=4935680.000, LATENCY=0.000, OVERALL=1606.736
[2025-10-22T07:04:05.481754] CPU=0.207, MEM=4935680.000, LATENCY=0.001, OVERALL=1606.736
[2025-10-22T07:04:10.504568] CPU=0.207, MEM=4935680.000, LATENCY=0.000, OVERALL=1606.736
[2025-10-22T07:04:15.523186] CPU=0.207, MEM=4935680.000, LATENCY=0.000, OVERALL=1606.736
[2025-10-22T07:04:20.539254] CPU=0.207, MEM=4935680.000, LATENCY=0.000, OVERALL=1606.736
[2025-10-22T07:04:25.556728] CPU=0.207, MEM=4935680.000, LATENCY=0.001, OVERALL=1606.736
[2025-10-22T07:04:30.582026] CPU=0.207, MEM=4935680.000, LATENCY=0.000, OVERALL=1606.736
[2025-10-22T07:04:35.598678] CPU=0.207, MEM=4935680.000, LATENCY=0.001, OVERALL=1606.736
[2025-10-22T07:04:40.622097] CPU=0.207, MEM=4935680.000, LATENCY=0.000, OVERALL=1606.736
[2025-10-22T07:04:45.639612] CPU=0.207, MEM=4935680.000, LATENCY=0.000, OVERALL=1606.736
[2025-10-22T07:04:50.658317] CPU=0.207, MEM=4935680.000, LATENCY=0.001, OVERALL=1606.736
[2025-10-22T07:04:55.674425] CPU=0.207, MEM=4935680.000, LATENCY=0.000, OVERALL=1606.736
[2025-10-22T07:05:00.690750] CPU=0.207, MEM=4935680.000, LATENCY=0.000, OVERALL=1606.736
[2025-10-22T07:05:05.707818] CPU=0.207, MEM=4935680.000, LATENCY=0.000, OVERALL=1606.736
[2025-10-22T07:05:10.724022] CPU=0.207, MEM=4935680.000, LATENCY=0.000, OVERALL=1606.736
[2025-10-22T07:05:15.741122] CPU=0.207, MEM=4935680.000, LATENCY=0.000, OVERALL=1606.736
[2025-10-22T07:05:20.758300] CPU=0.207, MEM=4935680.000, LATENCY=0.001, OVERALL=1606.736
[2025-10-22T07:05:25.778914] CPU=0.207, MEM=4935680.000, LATENCY=0.000, OVERALL=1606.736
[2025-10-22T07:05:30.797756] CPU=0.207, MEM=4935680.000, LATENCY=0.000, OVERALL=1606.736
[2025-10-22T07:05:35.814500] CPU=0.207, MEM=4935680.000, LATENCY=0.000, OVERALL=1606.736
[2025-10-22T07:05:40.830822] CPU=0.207, MEM=4935680.000, LATENCY=0.000, OVERALL=1606.736
[2025-10-22T07:05:45.848195] CPU=0.207, MEM=4935680.000, LATENCY=0.001, OVERALL=1606.736
[2025-10-22T07:05:50.868749] CPU=0.207, MEM=4935680.000, LATENCY=0.001, OVERALL=1606.736
[2025-10-22T07:05:55.892320] CPU=0.207, MEM=4935680.000, LATENCY=0.001, OVERALL=1606.736
[2025-10-22T07:06:00.917118] CPU=0.207, MEM=4935680.000, LATENCY=0.000, OVERALL=1606.736
[2025-10-22T07:06:05.942667] CPU=0.207, MEM=4935680.000, LATENCY=0.000, OVERALL=1606.736
[2025-10-22T07:06:10.960188] CPU=0.207, MEM=4935680.000, LATENCY=0.000, OVERALL=1606.736
[2025-10-22T07:06:15.976940] CPU=0.207, MEM=4935680.000, LATENCY=0.000, OVERALL=1606.736
[2025-10-22T07:06:20.994343] CPU=0.207, MEM=4935680.000, LATENCY=0.000, OVERALL=1606.736
[2025-10-22T07:06:26.012085] CPU=0.207, MEM=4935680.000, LATENCY=0.000, OVERALL=1606.736
[2025-10-22T07:06:31.029315] CPU=0.207, MEM=4935680.000, LATENCY=0.000, OVERALL=1606.736
[2025-10-22T07:06:36.046289] CPU=0.207, MEM=4935680.000, LATENCY=0.000, OVERALL=1606.736
[2025-10-22T07:06:41.064093] CPU=0.207, MEM=4935680.000, LATENCY=0.000, OVERALL=1606.736
[2025-10-22T07:06:46.094767] CPU=0.207, MEM=4935680.000, LATENCY=0.000, OVERALL=1606.736
[2025-10-22T07:06:51.111490] CPU=0.207, MEM=4935680.000, LATENCY=0.000, OVERALL=1606.736
[2025-10-22T07:06:56.129231] CPU=0.207, MEM=4935680.000, LATENCY=0.000, OVERALL=1606.736
[2025-10-22T07:07:01.148396] CPU=0.207, MEM=4935680.000, LATENCY=0.000, OVERALL=1606.736
[2025-10-22T07:07:06.165645] CPU=0.207, MEM=4935680.000, LATENCY=0.000, OVERALL=1606.736
[2025-10-22T07:07:11.185332] CPU=0.207, MEM=4935680.000, LATENCY=0.000, OVERALL=1606.736
[2025-10-22T07:07:16.205138] CPU=0.207, MEM=4935680.000, LATENCY=0.000, OVERALL=1606.736
[2025-10-22T07:07:21.227764] CPU=0.207, MEM=4935680.000, LATENCY=0.001, OVERALL=1606.736
[2025-10-22T07:07:26.255362] CPU=0.207, MEM=4935680.000, LATENCY=0.000, OVERALL=1606.736
[2025-10-22T07:07:31.278742] CPU=0.207, MEM=4935680.000, LATENCY=0.000, OVERALL=1606.736
[2025-10-22T07:07:36.304713] CPU=0.207, MEM=4935680.000, LATENCY=0.001, OVERALL=1606.736
[2025-10-22T07:07:41.359017] CPU=0.207, MEM=4935680.000, LATENCY=0.000, OVERALL=1606.736
[2025-10-22T07:07:46.375383] CPU=0.207, MEM=4935680.000, LATENCY=0.000, OVERALL=1606.736
[2025-10-22T07:07:51.391705] CPU=0.207, MEM=4935680.000, LATENCY=0.000, OVERALL=1606.736
[2025-10-22T07:07:56.411073] CPU=0.207, MEM=4935680.000, LATENCY=0.000, OVERALL=1606.736
[2025-10-22T07:08:01.433905] CPU=0.207, MEM=4935680.000, LATENCY=0.000, OVERALL=1606.736
[2025-10-22T07:08:06.449972] CPU=0.207, MEM=4935680.000, LATENCY=0.000, OVERALL=1606.736
[2025-10-22T07:08:11.466834] CPU=0.207, MEM=4935680.000, LATENCY=0.001, OVERALL=1606.736
[2025-10-22T07:08:16.489604] CPU=0.207, MEM=4935680.000, LATENCY=0.000, OVERALL=1606.736
[2025-10-22T07:08:21.507448] CPU=0.207, MEM=4935680.000, LATENCY=0.000, OVERALL=1606.736
[2025-10-22T07:08:26.530502] CPU=0.207, MEM=4935680.000, LATENCY=0.000, OVERALL=1606.736
[2025-10-22T07:08:31.547942] CPU=0.207, MEM=4935680.000, LATENCY=0.001, OVERALL=1606.736
[2025-10-22T07:08:36.612319] CPU=0.207, MEM=4935680.000, LATENCY=0.001, OVERALL=1606.736
[2025-10-22T07:08:41.636085] CPU=0.207, MEM=4935680.000, LATENCY=0.000, OVERALL=1606.736
[2025-10-22T07:08:46.654370] CPU=0.207, MEM=4935680.000, LATENCY=0.000, OVERALL=1606.736
[2025-10-22T07:08:51.685370] CPU=0.207, MEM=4935680.000, LATENCY=0.000, OVERALL=1606.736
[2025-10-22T07:08:56.702124] CPU=0.207, MEM=4935680.000, LATENCY=0.000, OVERALL=1606.736
[2025-10-22T07:09:01.718542] CPU=0.207, MEM=4935680.000, LATENCY=0.000, OVERALL=1606.736
[2025-10-22T07:09:06.734632] CPU=0.207, MEM=4935680.000, LATENCY=0.000, OVERALL=1606.736
[2025-10-22T07:09:11.752225] CPU=0.207, MEM=4935680.000, LATENCY=0.001, OVERALL=1606.736
[2025-10-22T07:09:16.778916] CPU=0.207, MEM=4935680.000, LATENCY=0.000, OVERALL=1606.736
[2025-10-22T07:09:21.796923] CPU=0.207, MEM=4935680.000, LATENCY=0.000, OVERALL=1606.736
[2025-10-22T07:09:26.813174] CPU=0.207, MEM=4935680.000, LATENCY=0.000, OVERALL=1606.736
[2025-10-22T07:09:31.829257] CPU=0.207, MEM=4935680.000, LATENCY=0.000, OVERALL=1606.736
[2025-10-22T07:09:36.845406] CPU=0.207, MEM=4935680.000, LATENCY=0.000, OVERALL=1606.736
[2025-10-22T07:09:41.861888] CPU=0.207, MEM=4935680.000, LATENCY=0.001, OVERALL=1606.736
[2025-10-22T07:09:46.886547] CPU=0.207, MEM=4935680.000, LATENCY=0.001, OVERALL=1606.736
[2025-10-22T07:09:51.908552] CPU=0.207, MEM=4935680.000, LATENCY=0.001, OVERALL=1606.736
[2025-10-22T07:09:56.944002] CPU=0.207, MEM=4935680.000, LATENCY=0.001, OVERALL=1606.736
[2025-10-22T07:10:01.963411] CPU=0.207, MEM=4935680.000, LATENCY=0.000, OVERALL=1606.736
[2025-10-22T07:10:06.979042] CPU=0.207, MEM=4935680.000, LATENCY=0.000, OVERALL=1606.736
[2025-10-22T07:10:12.002258] CPU=0.207, MEM=4935680.000, LATENCY=0.001, OVERALL=1606.736
[2025-10-22T07:10:17.019014] CPU=0.207, MEM=4935680.000, LATENCY=0.000, OVERALL=1606.736
[2025-10-22T07:10:22.034811] CPU=0.207, MEM=4935680.000, LATENCY=0.000, OVERALL=1606.736
[2025-10-22T07:10:27.052066] CPU=0.207, MEM=4935680.000, LATENCY=0.000, OVERALL=1606.736
[2025-10-22T07:10:32.069237] CPU=0.207, MEM=4935680.000, LATENCY=0.000, OVERALL=1606.736
[2025-10-22T07:10:37.099292] CPU=0.207, MEM=4935680.000, LATENCY=0.000, OVERALL=1606.736
[2025-10-22T07:10:42.117066] CPU=0.207, MEM=4935680.000, LATENCY=0.000, OVERALL=1606.736
[2025-10-22T07:10:47.140082] CPU=0.207, MEM=4935680.000, LATENCY=0.000, OVERALL=1606.736
[2025-10-22T07:10:52.156442] CPU=0.207, MEM=4935680.000, LATENCY=0.000, OVERALL=1606.736
[2025-10-22T07:10:57.175306] CPU=0.207, MEM=4935680.000, LATENCY=0.000, OVERALL=1606.736
[2025-10-22T07:11:02.191725] CPU=0.207, MEM=4935680.000, LATENCY=0.000, OVERALL=1606.736
[2025-10-22T07:11:07.207794] CPU=0.207, MEM=4935680.000, LATENCY=0.001, OVERALL=1606.736
[2025-10-22T07:11:12.224717] CPU=0.207, MEM=4935680.000, LATENCY=0.000, OVERALL=1606.736
[2025-10-22T07:11:17.242730] CPU=0.207, MEM=4935680.000, LATENCY=0.000, OVERALL=1606.736
[2025-10-22T07:11:22.259713] CPU=0.207, MEM=4935680.000, LATENCY=0.000, OVERALL=1606.736
[2025-10-22T07:11:27.282208] CPU=0.207, MEM=4935680.000, LATENCY=0.000, OVERALL=1606.736
[2025-10-22T07:11:32.299026] CPU=0.207, MEM=4935680.000, LATENCY=0.000, OVERALL=1606.736
[2025-10-22T07:11:37.319381] CPU=0.207, MEM=4935680.000, LATENCY=0.000, OVERALL=1606.736
[2025-10-22T07:11:42.336387] CPU=0.207, MEM=4935680.000, LATENCY=0.001, OVERALL=1606.736
[2025-10-22T07:11:47.358338] CPU=0.207, MEM=4935680.000, LATENCY=0.001, OVERALL=1606.736
[2025-10-22T07:11:52.382277] CPU=0.207, MEM=4935680.000, LATENCY=0.001, OVERALL=1606.736
[2025-10-22T07:11:57.406971] CPU=0.207, MEM=4935680.000, LATENCY=0.001, OVERALL=1606.736
[2025-10-22T07:12:02.439179] CPU=0.207, MEM=4935680.000, LATENCY=0.000, OVERALL=1606.736
[2025-10-22T07:12:07.456635] CPU=0.207, MEM=4935680.000, LATENCY=0.000, OVERALL=1606.736
[2025-10-22T07:12:12.477798] CPU=0.207, MEM=4935680.000, LATENCY=0.001, OVERALL=1606.736
[2025-10-22T07:12:17.493945] CPU=0.207, MEM=4935680.000, LATENCY=0.000, OVERALL=1606.736
[2025-10-22T07:12:22.509336] CPU=0.207, MEM=4935680.000, LATENCY=0.000, OVERALL=1606.736
[2025-10-22T07:12:27.525961] CPU=0.207, MEM=4935680.000, LATENCY=0.000, OVERALL=1606.736
[2025-10-22T07:12:32.542671] CPU=0.207, MEM=4935680.000, LATENCY=0.000, OVERALL=1606.736
[2025-10-22T07:12:37.559388] CPU=0.207, MEM=4935680.000, LATENCY=0.000, OVERALL=1606.736
[2025-10-22T07:12:42.579748] CPU=0.207, MEM=4935680.000, LATENCY=0.000, OVERALL=1606.736
[2025-10-22T07:12:47.596778] CPU=0.207, MEM=4935680.000, LATENCY=0.000, OVERALL=1606.736
[2025-10-22T07:12:52.613859] CPU=0.207, MEM=4935680.000, LATENCY=0.000, OVERALL=1606.736
[2025-10-22T07:12:57.631258] CPU=0.207, MEM=4935680.000, LATENCY=0.001, OVERALL=1606.736
[2025-10-22T07:13:02.647636] CPU=0.207, MEM=4935680.000, LATENCY=0.000, OVERALL=1606.736
[2025-10-22T07:13:07.664201] CPU=0.207, MEM=4935680.000, LATENCY=0.000, OVERALL=1606.736
[2025-10-22T07:13:12.679552] CPU=0.207, MEM=4935680.000, LATENCY=0.001, OVERALL=1606.736
[2025-10-22T07:13:17.696504] CPU=0.207, MEM=4935680.000, LATENCY=0.000, OVERALL=1606.736
[2025-10-22T07:13:22.719774] CPU=0.207, MEM=4935680.000, LATENCY=0.001, OVERALL=1606.736
[2025-10-22T07:13:27.739649] CPU=0.207, MEM=4935680.000, LATENCY=0.000, OVERALL=1606.736
[2025-10-22T07:13:32.756364] CPU=0.207, MEM=4935680.000, LATENCY=0.000, OVERALL=1606.736
[2025-10-22T07:13:37.778355] CPU=0.207, MEM=4935680.000, LATENCY=0.000, OVERALL=1606.736
[2025-10-22T07:13:42.795083] CPU=0.207, MEM=4935680.000, LATENCY=0.000, OVERALL=1606.736
[2025-10-22T07:13:47.812087] CPU=0.207, MEM=4935680.000, LATENCY=0.000, OVERALL=1606.736
[2025-10-22T07:13:52.828481] CPU=0.207, MEM=4935680.000, LATENCY=0.000, OVERALL=1606.736
[2025-10-22T07:13:57.848682] CPU=0.207, MEM=4935680.000, LATENCY=0.000, OVERALL=1606.736
[2025-10-22T07:14:02.865624] CPU=0.207, MEM=4935680.000, LATENCY=0.000, OVERALL=1606.736
[2025-10-22T07:14:07.894137] CPU=0.207, MEM=4935680.000, LATENCY=0.001, OVERALL=1606.736
[2025-10-22T07:14:12.910443] CPU=0.207, MEM=4935680.000, LATENCY=0.001, OVERALL=1606.736
[2025-10-22T07:14:17.928535] CPU=0.207, MEM=4935680.000, LATENCY=0.000, OVERALL=1606.736
[2025-10-22T07:14:22.951185] CPU=0.207, MEM=4935680.000, LATENCY=0.001, OVERALL=1606.736
[2025-10-22T07:14:27.973533] CPU=0.207, MEM=4935680.000, LATENCY=0.001, OVERALL=1606.736
[2025-10-22T07:14:32.998162] CPU=0.207, MEM=4935680.000, LATENCY=0.001, OVERALL=1606.736
[2025-10-22T07:14:38.025618] CPU=0.207, MEM=4935680.000, LATENCY=0.001, OVERALL=1606.736
[2025-10-22T07:14:43.049188] CPU=0.207, MEM=4935680.000, LATENCY=0.000, OVERALL=1606.736
[2025-10-22T07:14:48.065971] CPU=0.207, MEM=4935680.000, LATENCY=0.000, OVERALL=1606.736
[2025-10-22T07:14:53.083298] CPU=0.207, MEM=4935680.000, LATENCY=0.000, OVERALL=1606.736
[2025-10-22T07:14:58.099360] CPU=0.207, MEM=4935680.000, LATENCY=0.001, OVERALL=1606.736
[2025-10-22T07:15:03.122435] CPU=0.207, MEM=4935680.000, LATENCY=0.000, OVERALL=1606.736
[2025-10-22T07:15:08.138188] CPU=0.207, MEM=4935680.000, LATENCY=0.001, OVERALL=1606.736
[2025-10-22T07:15:13.154891] CPU=0.207, MEM=4935680.000, LATENCY=0.000, OVERALL=1606.736
[2025-10-22T07:15:18.180175] CPU=0.207, MEM=4935680.000, LATENCY=0.000, OVERALL=1606.736
[2025-10-22T07:15:23.197178] CPU=0.207, MEM=4935680.000, LATENCY=0.000, OVERALL=1606.736
[2025-10-22T07:15:28.213289] CPU=0.207, MEM=4935680.000, LATENCY=0.001, OVERALL=1606.736
[2025-10-22T07:15:33.230620] CPU=0.207, MEM=4935680.000, LATENCY=0.000, OVERALL=1606.736
[2025-10-22T07:15:38.247262] CPU=0.207, MEM=4935680.000, LATENCY=0.000, OVERALL=1606.736
[2025-10-22T07:15:43.264027] CPU=0.207, MEM=4935680.000, LATENCY=0.001, OVERALL=1606.736
[2025-10-22T07:15:48.280837] CPU=0.207, MEM=4935680.000, LATENCY=0.000, OVERALL=1606.736
[2025-10-22T07:15:53.297883] CPU=0.207, MEM=4935680.000, LATENCY=0.000, OVERALL=1606.736
[2025-10-22T07:15:58.313606] CPU=0.207, MEM=4935680.000, LATENCY=0.000, OVERALL=1606.736
[2025-10-22T07:16:03.329652] CPU=0.207, MEM=4935680.000, LATENCY=0.000, OVERALL=1606.736
[2025-10-22T07:16:08.345923] CPU=0.207, MEM=4935680.000, LATENCY=0.000, OVERALL=1606.736
[2025-10-22T07:16:13.369059] CPU=0.207, MEM=4935680.000, LATENCY=0.000, OVERALL=1606.736
[2025-10-22T07:16:18.384838] CPU=0.207, MEM=4935680.000, LATENCY=0.000, OVERALL=1606.736
[2025-10-22T07:16:23.400254] CPU=0.207, MEM=4935680.000, LATENCY=0.000, OVERALL=1606.736
[2025-10-22T07:16:28.415700] CPU=0.207, MEM=4935680.000, LATENCY=0.000, OVERALL=1606.736
[2025-10-22T07:16:33.431939] CPU=0.207, MEM=4935680.000, LATENCY=0.000, OVERALL=1606.736
[2025-10-22T07:16:38.447341] CPU=0.207, MEM=4935680.000, LATENCY=0.000, OVERALL=1606.736
[2025-10-22T07:16:43.463825] CPU=0.207, MEM=4935680.000, LATENCY=0.000, OVERALL=1606.736
[2025-10-22T07:16:48.483034] CPU=0.207, MEM=4935680.000, LATENCY=0.000, OVERALL=1606.736
[2025-10-22T07:16:53.503711] CPU=0.207, MEM=4935680.000, LATENCY=0.001, OVERALL=1606.736
[2025-10-22T07:16:58.528013] CPU=0.207, MEM=4935680.000, LATENCY=0.001, OVERALL=1606.736
[2025-10-22T07:17:03.550145] CPU=0.207, MEM=4935680.000, LATENCY=0.000, OVERALL=1606.736
[2025-10-22T07:17:08.576278] CPU=0.207, MEM=4935680.000, LATENCY=0.000, OVERALL=1606.736
[2025-10-22T07:17:13.599747] CPU=0.207, MEM=4935680.000, LATENCY=0.000, OVERALL=1606.736
[2025-10-22T07:17:18.617147] CPU=0.207, MEM=4935680.000, LATENCY=0.000, OVERALL=1606.736
[2025-10-22T07:17:23.633210] CPU=0.207, MEM=4935680.000, LATENCY=0.000, OVERALL=1606.736
[2025-10-22T07:17:28.649846] CPU=0.207, MEM=4935680.000, LATENCY=0.000, OVERALL=1606.736
[2025-10-22T07:17:33.674484] CPU=0.207, MEM=4935680.000, LATENCY=0.000, OVERALL=1606.736
[2025-10-22T07:17:38.692382] CPU=0.207, MEM=4935680.000, LATENCY=0.000, OVERALL=1606.736
[2025-10-22T07:17:43.709237] CPU=0.207, MEM=4935680.000, LATENCY=0.001, OVERALL=1606.736
[2025-10-22T07:17:48.728306] CPU=0.207, MEM=4935680.000, LATENCY=0.000, OVERALL=1606.736
[2025-10-22T07:17:53.744662] CPU=0.207, MEM=4935680.000, LATENCY=0.000, OVERALL=1606.736
[2025-10-22T07:17:58.768302] CPU=0.207, MEM=4935680.000, LATENCY=0.000, OVERALL=1606.736
[2025-10-22T07:18:03.784778] CPU=0.207, MEM=4935680.000, LATENCY=0.000, OVERALL=1606.736
[2025-10-22T07:18:08.800741] CPU=0.207, MEM=4935680.000, LATENCY=0.000, OVERALL=1606.736
[2025-10-22T07:18:13.818005] CPU=0.207, MEM=4935680.000, LATENCY=0.001, OVERALL=1606.736
[2025-10-22T07:18:18.834845] CPU=0.207, MEM=4935680.000, LATENCY=0.000, OVERALL=1606.736
[2025-10-22T07:18:23.851537] CPU=0.207, MEM=4935680.000, LATENCY=0.000, OVERALL=1606.736
[2025-10-22T07:18:28.870591] CPU=0.207, MEM=4935680.000, LATENCY=0.001, OVERALL=1606.736
[2025-10-22T07:18:33.896622] CPU=0.207, MEM=4935680.000, LATENCY=0.000, OVERALL=1606.736
[2025-10-22T07:18:38.913089] CPU=0.207, MEM=4935680.000, LATENCY=0.000, OVERALL=1606.736
[2025-10-22T07:18:43.932076] CPU=0.207, MEM=4935680.000, LATENCY=0.000, OVERALL=1606.736
[2025-10-22T07:18:48.949681] CPU=0.207, MEM=4935680.000, LATENCY=0.000, OVERALL=1606.736
[2025-10-22T07:18:53.966414] CPU=0.207, MEM=4935680.000, LATENCY=0.000, OVERALL=1606.736
[2025-10-22T07:18:58.983883] CPU=0.207, MEM=4935680.000, LATENCY=0.000, OVERALL=1606.736
[2025-10-22T07:19:04.001382] CPU=0.207, MEM=4935680.000, LATENCY=0.000, OVERALL=1606.736
[2025-10-22T07:19:09.018084] CPU=0.207, MEM=4935680.000, LATENCY=0.000, OVERALL=1606.736
[2025-10-22T07:19:14.035668] CPU=0.207, MEM=4935680.000, LATENCY=0.000, OVERALL=1606.736
[2025-10-22T07:19:19.053173] CPU=0.207, MEM=4935680.000, LATENCY=0.000, OVERALL=1606.736
[2025-10-22T07:19:24.071221] CPU=0.207, MEM=4935680.000, LATENCY=0.001, OVERALL=1606.736
[2025-10-22T07:19:29.091588] CPU=0.207, MEM=4935680.000, LATENCY=0.001, OVERALL=1606.736
[2025-10-22T07:19:34.114685] CPU=0.207, MEM=4935680.000, LATENCY=0.001, OVERALL=1606.736
[2025-10-22T07:19:39.141797] CPU=0.207, MEM=4935680.000, LATENCY=0.000, OVERALL=1606.736
[2025-10-22T07:19:44.159548] CPU=0.207, MEM=4935680.000, LATENCY=0.001, OVERALL=1606.736
[2025-10-22T07:19:49.182750] CPU=0.207, MEM=4935680.000, LATENCY=0.000, OVERALL=1606.736
[2025-10-22T07:19:54.198943] CPU=0.207, MEM=4935680.000, LATENCY=0.000, OVERALL=1606.736
[2025-10-22T07:19:59.216250] CPU=0.207, MEM=4935680.000, LATENCY=0.000, OVERALL=1606.736
[2025-10-22T07:20:04.234180] CPU=0.207, MEM=4935680.000, LATENCY=0.000, OVERALL=1606.736
[2025-10-22T07:20:09.251661] CPU=0.207, MEM=4935680.000, LATENCY=0.000, OVERALL=1606.736
[2025-10-22T07:20:14.269276] CPU=0.207, MEM=4935680.000, LATENCY=0.001, OVERALL=1606.736
[2025-10-22T07:20:19.288682] CPU=0.207, MEM=4935680.000, LATENCY=0.000, OVERALL=1606.736
[2025-10-22T07:20:24.306085] CPU=0.207, MEM=4935680.000, LATENCY=0.001, OVERALL=1606.736
[2025-10-22T07:20:29.330152] CPU=0.207, MEM=4935680.000, LATENCY=0.000, OVERALL=1606.736
[2025-10-22T07:20:34.345998] CPU=0.207, MEM=4935680.000, LATENCY=0.001, OVERALL=1606.736
[2025-10-22T07:20:39.379907] CPU=0.207, MEM=4935680.000, LATENCY=0.000, OVERALL=1606.736
[2025-10-22T07:20:44.396252] CPU=0.207, MEM=4935680.000, LATENCY=0.000, OVERALL=1606.736
[2025-10-22T07:20:49.412824] CPU=0.207, MEM=4935680.000, LATENCY=0.000, OVERALL=1606.736
[2025-10-22T07:20:54.428250] CPU=0.207, MEM=4935680.000, LATENCY=0.000, OVERALL=1606.736
[2025-10-22T07:20:59.444655] CPU=0.207, MEM=4935680.000, LATENCY=0.000, OVERALL=1606.736
[2025-10-22T07:21:04.467059] CPU=0.207, MEM=4935680.000, LATENCY=0.000, OVERALL=1606.736
[2025-10-22T07:21:09.484708] CPU=0.207, MEM=4935680.000, LATENCY=0.001, OVERALL=1606.736
[2025-10-22T07:21:14.500874] CPU=0.207, MEM=4935680.000, LATENCY=0.000, OVERALL=1606.736
[2025-10-22T07:21:19.517139] CPU=0.207, MEM=4935680.000, LATENCY=0.000, OVERALL=1606.736
[2025-10-22T07:21:24.534487] CPU=0.207, MEM=4935680.000, LATENCY=0.000, OVERALL=1606.736
[2025-10-22T07:21:29.551107] CPU=0.207, MEM=4935680.000, LATENCY=0.000, OVERALL=1606.736
[2025-10-22T07:21:34.567950] CPU=0.207, MEM=4935680.000, LATENCY=0.000, OVERALL=1606.736
[2025-10-22T07:21:39.586093] CPU=0.207, MEM=4935680.000, LATENCY=0.000, OVERALL=1606.736
[2025-10-22T07:21:44.609380] CPU=0.207, MEM=4935680.000, LATENCY=0.000, OVERALL=1606.736
[2025-10-22T07:21:49.625968] CPU=0.207, MEM=4935680.000, LATENCY=0.000, OVERALL=1606.736
[2025-10-22T07:21:54.642598] CPU=0.207, MEM=4935680.000, LATENCY=0.000, OVERALL=1606.736
[2025-10-22T07:21:59.662949] CPU=0.207, MEM=4935680.000, LATENCY=0.000, OVERALL=1606.736
[2025-10-22T07:22:04.688520] CPU=0.207, MEM=4935680.000, LATENCY=0.000, OVERALL=1606.736
[2025-10-22T07:22:09.709704] CPU=0.207, MEM=4935680.000, LATENCY=0.001, OVERALL=1606.736
[2025-10-22T07:22:14.732777] CPU=0.207, MEM=4935680.000, LATENCY=0.001, OVERALL=1606.736
[2025-10-22T07:22:19.763858] CPU=0.207, MEM=4935680.000, LATENCY=0.000, OVERALL=1606.736
[2025-10-22T07:22:24.783709] CPU=0.207, MEM=4935680.000, LATENCY=0.001, OVERALL=1606.736
[2025-10-22T07:22:29.802300] CPU=0.207, MEM=4935680.000, LATENCY=0.001, OVERALL=1606.736
[2025-10-22T07:22:34.820440] CPU=0.207, MEM=4935680.000, LATENCY=0.000, OVERALL=1606.736
[2025-10-22T07:22:39.838872] CPU=0.207, MEM=4935680.000, LATENCY=0.000, OVERALL=1606.736
[2025-10-22T07:22:44.855060] CPU=0.207, MEM=4935680.000, LATENCY=0.001, OVERALL=1606.736
[2025-10-22T07:22:49.872251] CPU=0.207, MEM=4935680.000, LATENCY=0.000, OVERALL=1606.736
[2025-10-22T07:24:25.200112] CPU=0.207, MEM=4935680.000, LATENCY=0.001, OVERALL=1606.736
[2025-10-22T07:24:30.229266] CPU=0.207, MEM=4935680.000, LATENCY=0.001, OVERALL=1606.736
[2025-10-22T07:24:35.255244] CPU=0.207, MEM=4935680.000, LATENCY=0.001, OVERALL=1606.736
[2025-10-22T07:24:40.275449] CPU=0.207, MEM=4935680.000, LATENCY=0.000, OVERALL=1606.736
[2025-10-22T07:24:45.298671] CPU=0.207, MEM=4935680.000, LATENCY=0.001, OVERALL=1606.736
[2025-10-22T07:24:50.325189] CPU=0.207, MEM=4935680.000, LATENCY=0.001, OVERALL=1606.736
[2025-10-22T07:24:55.354178] CPU=0.208, MEM=5468160.000, LATENCY=0.001, OVERALL=1780.070
[2025-10-22T07:25:00.383291] CPU=0.208, MEM=5468160.000, LATENCY=0.001, OVERALL=1780.070
[2025-10-22T07:25:05.407980] CPU=0.208, MEM=5468160.000, LATENCY=0.001, OVERALL=1780.069
[2025-10-22T07:25:10.436158] CPU=0.208, MEM=5468160.000, LATENCY=0.000, OVERALL=1780.069
[2025-10-22T07:25:15.456852] CPU=0.208, MEM=5468160.000, LATENCY=0.001, OVERALL=1780.070
[2025-10-22T07:25:20.481637] CPU=0.208, MEM=5468160.000, LATENCY=0.001, OVERALL=1780.070
[2025-10-22T07:25:25.503093] CPU=0.208, MEM=5468160.000, LATENCY=0.001, OVERALL=1780.070
[2025-10-22T07:25:30.524560] CPU=0.208, MEM=5468160.000, LATENCY=0.001, OVERALL=1780.070
[2025-10-22T07:25:35.563782] CPU=0.208, MEM=5468160.000, LATENCY=0.001, OVERALL=1780.070
[2025-10-22T07:25:40.585448] CPU=0.208, MEM=5468160.000, LATENCY=0.001, OVERALL=1780.070
[2025-10-22T07:25:45.605957] CPU=0.208, MEM=5468160.000, LATENCY=0.001, OVERALL=1780.070
[2025-10-22T07:25:50.625742] CPU=0.208, MEM=5468160.000, LATENCY=0.000, OVERALL=1780.069
[2025-10-22T07:25:55.644999] CPU=0.208, MEM=5468160.000, LATENCY=0.001, OVERALL=1780.070
[2025-10-22T07:26:00.683896] CPU=0.208, MEM=5468160.000, LATENCY=0.001, OVERALL=1780.070
[2025-10-22T07:26:05.705517] CPU=0.208, MEM=5468160.000, LATENCY=0.001, OVERALL=1780.070
[2025-10-22T07:26:10.727370] CPU=0.208, MEM=5468160.000, LATENCY=0.001, OVERALL=1780.070
[2025-10-22T07:26:15.755244] CPU=0.208, MEM=5468160.000, LATENCY=0.001, OVERALL=1780.070
[2025-10-22T07:26:20.779231] CPU=0.208, MEM=5468160.000, LATENCY=0.001, OVERALL=1780.070
[2025-10-22T07:26:25.801876] CPU=0.208, MEM=5468160.000, LATENCY=0.001, OVERALL=1780.070
[2025-10-22T07:26:30.822614] CPU=0.208, MEM=5468160.000, LATENCY=0.001, OVERALL=1780.070
[2025-10-22T07:26:35.841484] CPU=0.208, MEM=5468160.000, LATENCY=0.001, OVERALL=1780.070
[2025-10-22T07:26:40.869720] CPU=0.208, MEM=5468160.000, LATENCY=0.001, OVERALL=1780.070
[2025-10-22T07:26:45.910445] CPU=0.208, MEM=5468160.000, LATENCY=0.001, OVERALL=1780.070
[2025-10-22T07:26:50.938466] CPU=0.208, MEM=5468160.000, LATENCY=0.001, OVERALL=1780.070
[2025-10-22T07:26:55.959947] CPU=0.208, MEM=5468160.000, LATENCY=0.001, OVERALL=1780.069
[2025-10-22T07:27:00.980785] CPU=0.208, MEM=5468160.000, LATENCY=0.001, OVERALL=1780.070
[2025-10-22T07:27:06.000521] CPU=0.208, MEM=5468160.000, LATENCY=0.000, OVERALL=1780.069
[2025-10-22T07:27:11.018205] CPU=0.208, MEM=5468160.000, LATENCY=0.000, OVERALL=1780.069
[2025-10-22T07:27:16.042554] CPU=0.208, MEM=5468160.000, LATENCY=0.001, OVERALL=1780.070
[2025-10-22T07:27:21.064495] CPU=0.208, MEM=5468160.000, LATENCY=0.000, OVERALL=1780.069
[2025-10-22T07:27:26.081211] CPU=0.208, MEM=5468160.000, LATENCY=0.001, OVERALL=1780.070
[2025-10-22T07:27:31.105856] CPU=0.208, MEM=5468160.000, LATENCY=0.001, OVERALL=1780.070
[2025-10-22T07:27:36.125996] CPU=0.208, MEM=5468160.000, LATENCY=0.001, OVERALL=1780.069
[2025-10-22T07:27:41.145967] CPU=0.208, MEM=5468160.000, LATENCY=0.001, OVERALL=1780.070
[2025-10-22T07:27:46.166839] CPU=0.208, MEM=5468160.000, LATENCY=0.001, OVERALL=1780.070
[2025-10-22T07:27:51.189740] CPU=0.208, MEM=5468160.000, LATENCY=0.001, OVERALL=1780.070
[2025-10-22T07:27:56.220186] CPU=0.208, MEM=5468160.000, LATENCY=0.001, OVERALL=1780.070
[2025-10-22T07:28:01.252130] CPU=0.208, MEM=5468160.000, LATENCY=0.000, OVERALL=1780.069
[2025-10-22T07:28:06.274386] CPU=0.208, MEM=5468160.000, LATENCY=0.001, OVERALL=1780.070
[2025-10-22T07:28:11.293454] CPU=0.208, MEM=5468160.000, LATENCY=0.001, OVERALL=1780.070
[2025-10-22T07:28:16.313089] CPU=0.208, MEM=5468160.000, LATENCY=0.001, OVERALL=1780.070
[2025-10-22T07:28:21.344503] CPU=0.208, MEM=5468160.000, LATENCY=0.001, OVERALL=1780.070
[2025-10-22T07:28:26.372094] CPU=0.208, MEM=5468160.000, LATENCY=0.001, OVERALL=1780.070
[2025-10-22T07:28:31.391387] CPU=0.208, MEM=5468160.000, LATENCY=0.001, OVERALL=1780.070
[2025-10-22T07:28:36.412331] CPU=0.208, MEM=5468160.000, LATENCY=0.001, OVERALL=1780.070
[2025-10-22T07:28:41.433025] CPU=0.208, MEM=5468160.000, LATENCY=0.001, OVERALL=1780.070
[2025-10-22T07:28:46.451813] CPU=0.208, MEM=5468160.000, LATENCY=0.000, OVERALL=1780.069
[2025-10-22T07:28:51.473577] CPU=0.208, MEM=5468160.000, LATENCY=0.000, OVERALL=1780.069
[2025-10-22T07:28:56.496139] CPU=0.208, MEM=5468160.000, LATENCY=0.001, OVERALL=1780.070
[2025-10-22T07:29:01.519493] CPU=0.208, MEM=5468160.000, LATENCY=0.000, OVERALL=1780.069
[2025-10-22T07:29:06.554423] CPU=0.208, MEM=5468160.000, LATENCY=0.001, OVERALL=1780.070
[2025-10-22T07:29:11.581222] CPU=0.208, MEM=5468160.000, LATENCY=0.002, OVERALL=1780.070
[2025-10-22T07:29:16.607714] CPU=0.208, MEM=5468160.000, LATENCY=0.000, OVERALL=1780.069
[2025-10-22T07:29:21.627650] CPU=0.208, MEM=5468160.000, LATENCY=0.001, OVERALL=1780.070
[2025-10-22T07:29:26.646478] CPU=0.208, MEM=5468160.000, LATENCY=0.000, OVERALL=1780.069
[2025-10-22T07:29:31.666015] CPU=0.208, MEM=5468160.000, LATENCY=0.001, OVERALL=1780.070
[2025-10-22T07:29:36.694464] CPU=0.208, MEM=5468160.000, LATENCY=0.000, OVERALL=1780.069
[2025-10-22T07:29:41.715999] CPU=0.208, MEM=5468160.000, LATENCY=0.000, OVERALL=1780.069
[2025-10-22T07:29:46.735918] CPU=0.208, MEM=5468160.000, LATENCY=0.001, OVERALL=1780.070
[2025-10-22T07:29:51.793720] CPU=0.208, MEM=5468160.000, LATENCY=0.001, OVERALL=1780.070
[2025-10-22T07:29:56.816840] CPU=0.208, MEM=5468160.000, LATENCY=0.000, OVERALL=1780.069
[2025-10-22T07:30:01.841141] CPU=0.208, MEM=5468160.000, LATENCY=0.000, OVERALL=1780.069
[2025-10-22T07:30:06.861839] CPU=0.208, MEM=5468160.000, LATENCY=0.000, OVERALL=1780.069
[2025-10-22T07:30:11.878549] CPU=0.208, MEM=5468160.000, LATENCY=0.000, OVERALL=1780.069
[2025-10-22T07:30:16.895809] CPU=0.208, MEM=5468160.000, LATENCY=0.001, OVERALL=1780.070
[2025-10-22T07:30:21.913138] CPU=0.208, MEM=5468160.000, LATENCY=0.000, OVERALL=1780.069
[2025-10-22T07:30:26.931028] CPU=0.208, MEM=5468160.000, LATENCY=0.000, OVERALL=1780.069
[2025-10-22T07:30:31.947734] CPU=0.208, MEM=5468160.000, LATENCY=0.000, OVERALL=1780.069
[2025-10-22T07:30:36.965779] CPU=0.208, MEM=5468160.000, LATENCY=0.001, OVERALL=1780.070
[2025-10-22T07:30:41.988458] CPU=0.208, MEM=5468160.000, LATENCY=0.000, OVERALL=1780.069
[2025-10-22T07:30:47.005959] CPU=0.208, MEM=5468160.000, LATENCY=0.001, OVERALL=1780.070
[2025-10-22T07:30:52.030721] CPU=0.208, MEM=5468160.000, LATENCY=0.000, OVERALL=1780.069
[2025-10-22T07:30:57.048789] CPU=0.208, MEM=5468160.000, LATENCY=0.000, OVERALL=1780.069
[2025-10-22T07:31:02.065166] CPU=0.208, MEM=5468160.000, LATENCY=0.000, OVERALL=1780.069
[2025-10-22T07:31:07.082542] CPU=0.208, MEM=5468160.000, LATENCY=0.000, OVERALL=1780.069
[2025-10-22T07:31:12.098793] CPU=0.208, MEM=5468160.000, LATENCY=0.000, OVERALL=1780.069
[2025-10-22T07:31:17.116044] CPU=0.208, MEM=5468160.000, LATENCY=0.001, OVERALL=1780.070
[2025-10-22T07:31:22.141735] CPU=0.208, MEM=5468160.000, LATENCY=0.001, OVERALL=1780.070
[2025-10-22T07:31:27.165627] CPU=0.208, MEM=5468160.000, LATENCY=0.001, OVERALL=1780.070
[2025-10-22T07:31:32.186369] CPU=0.208, MEM=5468160.000, LATENCY=0.001, OVERALL=1780.070
[2025-10-22T07:31:37.215979] CPU=0.208, MEM=5468160.000, LATENCY=0.001, OVERALL=1780.069
[2025-10-22T07:31:42.237694] CPU=0.208, MEM=5468160.000, LATENCY=0.000, OVERALL=1780.069
[2025-10-22T07:31:47.255095] CPU=0.208, MEM=5468160.000, LATENCY=0.001, OVERALL=1780.070
[2025-10-22T07:31:52.288462] CPU=0.208, MEM=5468160.000, LATENCY=0.000, OVERALL=1780.069
[2025-10-22T07:31:57.304622] CPU=0.208, MEM=5468160.000, LATENCY=0.000, OVERALL=1780.069
[2025-10-22T07:32:02.322356] CPU=0.208, MEM=5468160.000, LATENCY=0.000, OVERALL=1780.069
[2025-10-22T07:32:07.345996] CPU=0.208, MEM=5468160.000, LATENCY=0.000, OVERALL=1780.069
[2025-10-22T07:32:12.364120] CPU=0.208, MEM=5468160.000, LATENCY=0.001, OVERALL=1780.070
[2025-10-22T07:32:17.387073] CPU=0.208, MEM=5468160.000, LATENCY=0.001, OVERALL=1780.069
[2025-10-22T07:32:22.420173] CPU=0.208, MEM=5468160.000, LATENCY=0.000, OVERALL=1780.069
[2025-10-22T07:32:27.439706] CPU=0.208, MEM=5468160.000, LATENCY=0.000, OVERALL=1780.069
[2025-10-22T07:32:32.457044] CPU=0.208, MEM=5468160.000, LATENCY=0.000, OVERALL=1780.069
[2025-10-22T07:32:37.473089] CPU=0.208, MEM=5468160.000, LATENCY=0.000, OVERALL=1780.069
[2025-10-22T07:32:42.489338] CPU=0.208, MEM=5468160.000, LATENCY=0.000, OVERALL=1780.069
[2025-10-22T07:32:47.506721] CPU=0.208, MEM=5468160.000, LATENCY=0.000, OVERALL=1780.069
[2025-10-22T07:32:52.523799] CPU=0.208, MEM=5468160.000, LATENCY=0.000, OVERALL=1780.069
[2025-10-22T07:32:57.544379] CPU=0.208, MEM=5468160.000, LATENCY=0.000, OVERALL=1780.069
[2025-10-22T07:33:02.567522] CPU=0.208, MEM=5468160.000, LATENCY=0.000, OVERALL=1780.069
[2025-10-22T07:33:07.583519] CPU=0.208, MEM=5468160.000, LATENCY=0.000, OVERALL=1780.069
[2025-10-22T07:33:12.600571] CPU=0.208, MEM=5468160.000, LATENCY=0.000, OVERALL=1780.069
[2025-10-22T07:33:17.617461] CPU=0.208, MEM=5468160.000, LATENCY=0.000, OVERALL=1780.069
[2025-10-22T07:33:22.634317] CPU=0.208, MEM=5468160.000, LATENCY=0.000, OVERALL=1780.069
[2025-10-22T07:33:27.650236] CPU=0.208, MEM=5468160.000, LATENCY=0.000, OVERALL=1780.069
[2025-10-22T07:33:32.666535] CPU=0.208, MEM=5468160.000, LATENCY=0.000, OVERALL=1780.069
[2025-10-22T07:33:37.682781] CPU=0.208, MEM=5468160.000, LATENCY=0.000, OVERALL=1780.069
[2025-10-22T07:33:42.706865] CPU=0.208, MEM=5468160.000, LATENCY=0.001, OVERALL=1780.070
[2025-10-22T07:33:47.738619] CPU=0.208, MEM=5468160.000, LATENCY=0.001, OVERALL=1780.069
[2025-10-22T07:33:52.763235] CPU=0.208, MEM=5468160.000, LATENCY=0.001, OVERALL=1780.069
[2025-10-22T07:33:57.803056] CPU=0.208, MEM=5468160.000, LATENCY=0.001, OVERALL=1780.070
[2025-10-22T07:34:02.826511] CPU=0.208, MEM=5468160.000, LATENCY=0.001, OVERALL=1780.069
[2025-10-22T07:34:07.844713] CPU=0.208, MEM=5468160.000, LATENCY=0.000, OVERALL=1780.069
[2025-10-22T07:34:12.861511] CPU=0.208, MEM=5468160.000, LATENCY=0.001, OVERALL=1780.070
[2025-10-22T07:34:17.886432] CPU=0.208, MEM=5468160.000, LATENCY=0.000, OVERALL=1780.069
[2025-10-22T07:34:22.902640] CPU=0.208, MEM=5468160.000, LATENCY=0.000, OVERALL=1780.069
[2025-10-22T07:34:27.922822] CPU=0.208, MEM=5468160.000, LATENCY=0.000, OVERALL=1780.069
[2025-10-22T07:34:32.940067] CPU=0.208, MEM=5468160.000, LATENCY=0.000, OVERALL=1780.069
[2025-10-22T07:34:37.957355] CPU=0.208, MEM=5468160.000, LATENCY=0.000, OVERALL=1780.069
[2025-10-22T07:34:42.973388] CPU=0.208, MEM=5468160.000, LATENCY=0.000, OVERALL=1780.069
[2025-10-22T07:34:47.990720] CPU=0.208, MEM=5468160.000, LATENCY=0.001, OVERALL=1780.069
[2025-10-22T07:34:53.014256] CPU=0.208, MEM=5468160.000, LATENCY=0.000, OVERALL=1780.069
[2025-10-22T07:34:58.033477] CPU=0.208, MEM=5468160.000, LATENCY=0.000, OVERALL=1780.069
[2025-10-22T07:35:03.049977] CPU=0.208, MEM=5468160.000, LATENCY=0.000, OVERALL=1780.069
[2025-10-22T07:35:08.065576] CPU=0.208, MEM=5468160.000, LATENCY=0.000, OVERALL=1780.069
[2025-10-22T07:35:13.083062] CPU=0.208, MEM=5468160.000, LATENCY=0.000, OVERALL=1780.069
[2025-10-22T07:35:18.106154] CPU=0.208, MEM=5468160.000, LATENCY=0.001, OVERALL=1780.070
[2025-10-22T07:35:23.129699] CPU=0.208, MEM=5468160.000, LATENCY=0.001, OVERALL=1780.070
[2025-10-22T07:35:28.158064] CPU=0.208, MEM=5468160.000, LATENCY=0.001, OVERALL=1780.070
[2025-10-22T07:35:33.181811] CPU=0.208, MEM=5468160.000, LATENCY=0.000, OVERALL=1780.069
[2025-10-22T07:35:38.197955] CPU=0.208, MEM=5468160.000, LATENCY=0.000, OVERALL=1780.069
[2025-10-22T07:35:43.223717] CPU=0.208, MEM=5468160.000, LATENCY=0.000, OVERALL=1780.069
[2025-10-22T07:35:48.239616] CPU=0.208, MEM=5468160.000, LATENCY=0.000, OVERALL=1780.069
[2025-10-22T07:35:53.265304] CPU=0.208, MEM=5468160.000, LATENCY=0.000, OVERALL=1780.069
[2025-10-22T07:35:58.282282] CPU=0.208, MEM=5468160.000, LATENCY=0.001, OVERALL=1780.070
[2025-10-22T07:36:03.306293] CPU=0.208, MEM=5468160.000, LATENCY=0.000, OVERALL=1780.069
[2025-10-22T07:36:08.323454] CPU=0.208, MEM=5468160.000, LATENCY=0.000, OVERALL=1780.069
[2025-10-22T07:36:13.341008] CPU=0.208, MEM=5468160.000, LATENCY=0.000, OVERALL=1780.069
[2025-10-22T07:36:18.360377] CPU=0.208, MEM=5468160.000, LATENCY=0.000, OVERALL=1780.069
[2025-10-22T07:36:23.377273] CPU=0.208, MEM=5468160.000, LATENCY=0.000, OVERALL=1780.069
[2025-10-22T07:36:28.395403] CPU=0.208, MEM=5468160.000, LATENCY=0.000, OVERALL=1780.069
[2025-10-22T07:36:33.412440] CPU=0.208, MEM=5468160.000, LATENCY=0.000, OVERALL=1780.069
[2025-10-22T07:36:38.429447] CPU=0.208, MEM=5468160.000, LATENCY=0.000, OVERALL=1780.069
[2025-10-22T07:36:43.449855] CPU=0.208, MEM=5468160.000, LATENCY=0.001, OVERALL=1780.070
[2025-10-22T07:36:48.466531] CPU=0.208, MEM=5468160.000, LATENCY=0.001, OVERALL=1780.070
[2025-10-22T07:36:53.484413] CPU=0.208, MEM=5468160.000, LATENCY=0.000, OVERALL=1780.069
[2025-10-22T07:36:58.502723] CPU=0.208, MEM=5468160.000, LATENCY=0.001, OVERALL=1780.070
[2025-10-22T07:37:03.528512] CPU=0.208, MEM=5468160.000, LATENCY=0.004, OVERALL=1780.070
[2025-10-22T07:37:08.554511] CPU=0.208, MEM=5468160.000, LATENCY=0.000, OVERALL=1780.069
[2025-10-22T07:37:13.577454] CPU=0.208, MEM=5468160.000, LATENCY=0.000, OVERALL=1780.069
[2025-10-22T07:37:18.594900] CPU=0.208, MEM=5468160.000, LATENCY=0.000, OVERALL=1780.069
[2025-10-22T07:37:23.611928] CPU=0.208, MEM=5468160.000, LATENCY=0.000, OVERALL=1780.069
[2025-10-22T07:37:28.638205] CPU=0.208, MEM=5468160.000, LATENCY=0.000, OVERALL=1780.069
[2025-10-22T07:37:33.655679] CPU=0.208, MEM=5468160.000, LATENCY=0.000, OVERALL=1780.069
[2025-10-22T07:37:38.673877] CPU=0.208, MEM=5468160.000, LATENCY=0.000, OVERALL=1780.069
[2025-10-22T07:37:43.692368] CPU=0.208, MEM=5468160.000, LATENCY=0.001, OVERALL=1780.070
[2025-10-22T07:37:48.710478] CPU=0.208, MEM=5468160.000, LATENCY=0.001, OVERALL=1780.069
[2025-10-22T07:37:53.727412] CPU=0.208, MEM=5468160.000, LATENCY=0.001, OVERALL=1780.070
[2025-10-22T07:37:58.747440] CPU=0.208, MEM=5468160.000, LATENCY=0.001, OVERALL=1780.070
[2025-10-22T07:38:03.770083] CPU=0.208, MEM=5468160.000, LATENCY=0.001, OVERALL=1780.070
[2025-10-22T07:38:08.803333] CPU=0.208, MEM=5468160.000, LATENCY=0.001, OVERALL=1780.070
[2025-10-22T07:38:13.824065] CPU=0.208, MEM=5468160.000, LATENCY=0.001, OVERALL=1780.070
[2025-10-22T07:38:18.844841] CPU=0.208, MEM=5468160.000, LATENCY=0.001, OVERALL=1780.069
[2025-10-22T07:38:23.866481] CPU=0.208, MEM=5468160.000, LATENCY=0.001, OVERALL=1780.070
[2025-10-22T07:38:28.891998] CPU=0.208, MEM=5468160.000, LATENCY=0.001, OVERALL=1780.070
[2025-10-22T07:38:33.951360] CPU=0.208, MEM=5468160.000, LATENCY=0.000, OVERALL=1780.069
[2025-10-22T07:38:38.981058] CPU=0.208, MEM=5468160.000, LATENCY=0.001, OVERALL=1780.070
[2025-10-22T07:38:44.004092] CPU=0.208, MEM=5468160.000, LATENCY=0.001, OVERALL=1780.070
[2025-10-22T07:38:49.028444] CPU=0.208, MEM=5468160.000, LATENCY=0.001, OVERALL=1780.070
[2025-10-22T07:38:54.048560] CPU=0.208, MEM=5468160.000, LATENCY=0.001, OVERALL=1780.070
[2025-10-22T07:38:59.075255] CPU=0.208, MEM=5468160.000, LATENCY=0.001, OVERALL=1780.070
[2025-10-22T07:39:04.096717] CPU=0.208, MEM=5468160.000, LATENCY=0.001, OVERALL=1780.070
[2025-10-22T07:39:09.127446] CPU=0.208, MEM=5468160.000, LATENCY=0.001, OVERALL=1780.070
[2025-10-22T07:39:14.156019] CPU=0.208, MEM=5468160.000, LATENCY=0.001, OVERALL=1780.069
[2025-10-22T07:39:19.186843] CPU=0.208, MEM=5468160.000, LATENCY=0.001, OVERALL=1780.070
[2025-10-22T07:39:24.207514] CPU=0.208, MEM=5468160.000, LATENCY=0.001, OVERALL=1780.070
[2025-10-22T07:39:29.267897] CPU=0.208, MEM=5468160.000, LATENCY=0.001, OVERALL=1780.070
[2025-10-22T07:39:34.288196] CPU=0.208, MEM=5468160.000, LATENCY=0.001, OVERALL=1780.070
[2025-10-22T07:39:39.316567] CPU=0.208, MEM=5468160.000, LATENCY=0.000, OVERALL=1780.069
[2025-10-22T07:39:44.346722] CPU=0.208, MEM=5468160.000, LATENCY=0.001, OVERALL=1780.070
[2025-10-22T07:39:49.369276] CPU=0.208, MEM=5468160.000, LATENCY=0.001, OVERALL=1780.070
[2025-10-22T07:39:54.398745] CPU=0.208, MEM=5468160.000, LATENCY=0.001, OVERALL=1780.070
[2025-10-22T07:39:59.427775] CPU=0.208, MEM=5468160.000, LATENCY=0.002, OVERALL=1780.070
[2025-10-22T07:40:04.494375] CPU=0.208, MEM=5468160.000, LATENCY=0.001, OVERALL=1780.070
[2025-10-22T07:40:09.556716] CPU=0.208, MEM=5468160.000, LATENCY=0.005, OVERALL=1780.070
[2025-10-22T07:40:14.679244] CPU=0.208, MEM=5468160.000, LATENCY=0.001, OVERALL=1780.070
[2025-10-22T07:40:19.726774] CPU=0.208, MEM=5468160.000, LATENCY=0.001, OVERALL=1780.070
[2025-10-22T07:40:24.762750] CPU=0.208, MEM=5468160.000, LATENCY=0.001, OVERALL=1780.070
[2025-10-22T07:40:29.811522] CPU=0.208, MEM=5468160.000, LATENCY=0.001, OVERALL=1780.070
[2025-10-22T07:40:34.833048] CPU=0.208, MEM=5468160.000, LATENCY=0.001, OVERALL=1780.070
[2025-10-22T07:40:39.891174] CPU=0.208, MEM=5160960.000, LATENCY=0.001, OVERALL=1680.070
[2025-10-22T07:40:44.917462] CPU=0.208, MEM=5160960.000, LATENCY=0.001, OVERALL=1680.070
[2025-10-22T07:40:49.960507] CPU=0.208, MEM=5160960.000, LATENCY=0.000, OVERALL=1680.069
[2025-10-22T07:40:54.999619] CPU=0.208, MEM=5160960.000, LATENCY=0.000, OVERALL=1680.069
[2025-10-22T07:41:00.021725] CPU=0.208, MEM=5160960.000, LATENCY=0.001, OVERALL=1680.070
[2025-10-22T07:41:05.168026] CPU=0.208, MEM=5160960.000, LATENCY=0.002, OVERALL=1680.070
[2025-10-22T07:41:10.216956] CPU=0.208, MEM=4898816.000, LATENCY=0.001, OVERALL=1594.736
[2025-10-22T07:41:15.269787] CPU=0.208, MEM=4898816.000, LATENCY=0.001, OVERALL=1594.736
[2025-10-22T07:41:20.313939] CPU=0.208, MEM=4898816.000, LATENCY=0.001, OVERALL=1594.736
[2025-10-22T07:41:25.371969] CPU=0.208, MEM=4898816.000, LATENCY=0.001, OVERALL=1594.736
[2025-10-22T07:41:30.401806] CPU=0.208, MEM=4898816.000, LATENCY=0.001, OVERALL=1594.736
[2025-10-22T07:41:35.440027] CPU=0.208, MEM=4898816.000, LATENCY=0.001, OVERALL=1594.736
[2025-10-22T07:41:40.462807] CPU=0.208, MEM=4898816.000, LATENCY=0.001, OVERALL=1594.736
[2025-10-22T07:41:45.484866] CPU=0.208, MEM=4898816.000, LATENCY=0.001, OVERALL=1594.736
[2025-10-22T07:41:50.533572] CPU=0.208, MEM=4898816.000, LATENCY=0.001, OVERALL=1594.736
[2025-10-22T07:41:55.571590] CPU=0.208, MEM=4898816.000, LATENCY=0.001, OVERALL=1594.736
[2025-10-22T07:42:00.604208] CPU=0.208, MEM=4898816.000, LATENCY=0.001, OVERALL=1594.736
[2025-10-22T07:42:05.635325] CPU=0.208, MEM=4898816.000, LATENCY=0.001, OVERALL=1594.736
[2025-10-22T07:42:10.662675] CPU=0.208, MEM=4898816.000, LATENCY=0.001, OVERALL=1594.736
[2025-10-22T07:42:15.689895] CPU=0.208, MEM=4898816.000, LATENCY=0.001, OVERALL=1594.736
[2025-10-22T07:42:20.757935] CPU=0.208, MEM=4898816.000, LATENCY=0.000, OVERALL=1594.736
[2025-10-22T07:42:25.786092] CPU=0.208, MEM=4898816.000, LATENCY=0.001, OVERALL=1594.736
[2025-10-22T07:42:30.835716] CPU=0.208, MEM=4898816.000, LATENCY=0.001, OVERALL=1594.736
[2025-10-22T07:42:35.887926] CPU=0.208, MEM=4898816.000, LATENCY=0.001, OVERALL=1594.736
[2025-10-22T07:42:40.925129] CPU=0.208, MEM=4898816.000, LATENCY=0.001, OVERALL=1594.736
[2025-10-22T07:42:45.951000] CPU=0.208, MEM=4898816.000, LATENCY=0.001, OVERALL=1594.736
[2025-10-22T07:42:51.003523] CPU=0.208, MEM=4898816.000, LATENCY=0.001, OVERALL=1594.736
[2025-10-22T07:42:56.028547] CPU=0.208, MEM=4898816.000, LATENCY=0.001, OVERALL=1594.736
[2025-10-22T07:43:01.050294] CPU=0.208, MEM=4898816.000, LATENCY=0.001, OVERALL=1594.736
[2025-10-22T07:43:06.091008] CPU=0.208, MEM=4898816.000, LATENCY=0.001, OVERALL=1594.736
[2025-10-22T07:43:11.119364] CPU=0.208, MEM=4898816.000, LATENCY=0.001, OVERALL=1594.736
[2025-10-22T07:43:16.164154] CPU=0.208, MEM=4898816.000, LATENCY=0.000, OVERALL=1594.736
[2025-10-22T07:43:21.186438] CPU=0.208, MEM=4898816.000, LATENCY=0.001, OVERALL=1594.736
[2025-10-22T07:43:26.211157] CPU=0.208, MEM=4898816.000, LATENCY=0.001, OVERALL=1594.736
[2025-10-22T07:43:31.247311] CPU=0.208, MEM=4898816.000, LATENCY=0.001, OVERALL=1594.736
[2025-10-22T07:43:36.275730] CPU=0.208, MEM=4898816.000, LATENCY=0.001, OVERALL=1594.736
[2025-10-22T07:43:41.321647] CPU=0.208, MEM=4898816.000, LATENCY=0.002, OVERALL=1594.736
[2025-10-22T07:43:46.356260] CPU=0.208, MEM=4898816.000, LATENCY=0.001, OVERALL=1594.736
[2025-10-22T07:43:51.399882] CPU=0.208, MEM=4898816.000, LATENCY=0.001, OVERALL=1594.736
[2025-10-22T07:43:56.439345] CPU=0.208, MEM=4898816.000, LATENCY=0.001, OVERALL=1594.736
[2025-10-22T07:44:01.460053] CPU=0.208, MEM=4898816.000, LATENCY=0.000, OVERALL=1594.736
[2025-10-22T07:44:06.495628] CPU=0.208, MEM=4898816.000, LATENCY=0.007, OVERALL=1594.737
[2025-10-22T07:44:11.578740] CPU=0.208, MEM=4898816.000, LATENCY=0.001, OVERALL=1594.736
[2025-10-22T07:44:16.612938] CPU=0.208, MEM=4898816.000, LATENCY=0.001, OVERALL=1594.736
[2025-10-22T07:44:21.638805] CPU=0.208, MEM=4898816.000, LATENCY=0.001, OVERALL=1594.736
[2025-10-22T07:44:26.672450] CPU=0.208, MEM=4898816.000, LATENCY=0.000, OVERALL=1594.736
[2025-10-22T07:44:31.717541] CPU=0.208, MEM=4898816.000, LATENCY=0.001, OVERALL=1594.736
[2025-10-22T07:44:36.754074] CPU=0.208, MEM=4898816.000, LATENCY=0.002, OVERALL=1594.736
[2025-10-22T07:44:41.809547] CPU=0.208, MEM=4898816.000, LATENCY=0.001, OVERALL=1594.736
[2025-10-22T07:44:46.828410] CPU=0.208, MEM=4898816.000, LATENCY=0.000, OVERALL=1594.736
[2025-10-22T07:44:51.849355] CPU=0.208, MEM=4898816.000, LATENCY=0.001, OVERALL=1594.736
[2025-10-22T07:44:56.870753] CPU=0.208, MEM=4898816.000, LATENCY=0.001, OVERALL=1594.736
[2025-10-22T07:45:01.902377] CPU=0.208, MEM=4898816.000, LATENCY=0.001, OVERALL=1594.736
[2025-10-22T07:45:06.932800] CPU=0.208, MEM=4898816.000, LATENCY=0.001, OVERALL=1594.736
[2025-10-22T07:45:11.964860] CPU=0.208, MEM=4898816.000, LATENCY=0.000, OVERALL=1594.736
[2025-10-22T07:45:16.985467] CPU=0.208, MEM=4898816.000, LATENCY=0.001, OVERALL=1594.736
[2025-10-22T07:45:22.006872] CPU=0.208, MEM=4898816.000, LATENCY=0.001, OVERALL=1594.736
[2025-10-22T07:45:27.045251] CPU=0.208, MEM=4898816.000, LATENCY=0.001, OVERALL=1594.736
[2025-10-22T07:45:32.074759] CPU=0.208, MEM=4898816.000, LATENCY=0.001, OVERALL=1594.736
[2025-10-22T07:45:37.109854] CPU=0.208, MEM=4898816.000, LATENCY=0.002, OVERALL=1594.736
[2025-10-22T07:45:42.146303] CPU=0.208, MEM=4898816.000, LATENCY=0.001, OVERALL=1594.736
[2025-10-22T07:45:47.180141] CPU=0.208, MEM=4898816.000, LATENCY=0.001, OVERALL=1594.736
[2025-10-22T07:45:52.212076] CPU=0.208, MEM=4898816.000, LATENCY=0.000, OVERALL=1594.736
[2025-10-22T07:45:57.228453] CPU=0.208, MEM=4898816.000, LATENCY=0.000, OVERALL=1594.736
[2025-10-22T07:46:02.246452] CPU=0.208, MEM=4898816.000, LATENCY=0.000, OVERALL=1594.736
[2025-10-22T07:46:07.267072] CPU=0.208, MEM=4898816.000, LATENCY=0.001, OVERALL=1594.736
[2025-10-22T07:46:12.287662] CPU=0.208, MEM=4898816.000, LATENCY=0.000, OVERALL=1594.736
[2025-10-22T07:46:17.311519] CPU=0.208, MEM=4898816.000, LATENCY=0.001, OVERALL=1594.736
[2025-10-22T07:46:22.333720] CPU=0.208, MEM=4898816.000, LATENCY=0.000, OVERALL=1594.736
[2025-10-22T07:46:27.349980] CPU=0.208, MEM=4898816.000, LATENCY=0.001, OVERALL=1594.736
[2025-10-22T07:46:32.371401] CPU=0.208, MEM=4898816.000, LATENCY=0.001, OVERALL=1594.736
[2025-10-22T07:46:37.394696] CPU=0.208, MEM=4898816.000, LATENCY=0.001, OVERALL=1594.736
[2025-10-22T07:46:42.445855] CPU=0.208, MEM=4898816.000, LATENCY=0.001, OVERALL=1594.736
[2025-10-22T07:46:47.478159] CPU=0.208, MEM=4898816.000, LATENCY=0.002, OVERALL=1594.736
[2025-10-22T07:46:52.523869] CPU=0.208, MEM=4898816.000, LATENCY=0.001, OVERALL=1594.736
[2025-10-22T07:46:57.554719] CPU=0.208, MEM=4898816.000, LATENCY=0.001, OVERALL=1594.736
[2025-10-22T07:47:02.574234] CPU=0.208, MEM=4898816.000, LATENCY=0.001, OVERALL=1594.736
[2025-10-22T07:47:07.593303] CPU=0.208, MEM=4898816.000, LATENCY=0.001, OVERALL=1594.736
[2025-10-22T07:47:12.613317] CPU=0.208, MEM=4898816.000, LATENCY=0.000, OVERALL=1594.736
[2025-10-22T07:47:17.630654] CPU=0.208, MEM=4898816.000, LATENCY=0.001, OVERALL=1594.736
[2025-10-22T07:47:22.655508] CPU=0.208, MEM=4898816.000, LATENCY=0.001, OVERALL=1594.736
[2025-10-22T07:47:27.674695] CPU=0.208, MEM=4898816.000, LATENCY=0.001, OVERALL=1594.736
[2025-10-22T07:47:32.694284] CPU=0.208, MEM=4898816.000, LATENCY=0.001, OVERALL=1594.736
[2025-10-22T07:47:37.727933] CPU=0.208, MEM=4898816.000, LATENCY=0.001, OVERALL=1594.736
[2025-10-22T07:47:42.750425] CPU=0.208, MEM=4898816.000, LATENCY=0.001, OVERALL=1594.736
[2025-10-22T07:47:47.774990] CPU=0.208, MEM=4898816.000, LATENCY=0.001, OVERALL=1594.736
[2025-10-22T07:47:52.796249] CPU=0.208, MEM=4898816.000, LATENCY=0.001, OVERALL=1594.736
[2025-10-22T07:47:57.825185] CPU=0.208, MEM=4898816.000, LATENCY=0.001, OVERALL=1594.736
[2025-10-22T07:48:02.858018] CPU=0.208, MEM=4898816.000, LATENCY=0.001, OVERALL=1594.736
[2025-10-22T07:48:07.882058] CPU=0.208, MEM=4898816.000, LATENCY=0.001, OVERALL=1594.736
[2025-10-22T07:48:12.910139] CPU=0.208, MEM=4898816.000, LATENCY=0.001, OVERALL=1594.736
[2025-10-22T07:48:17.937280] CPU=0.208, MEM=4898816.000, LATENCY=0.001, OVERALL=1594.736
[2025-10-22T07:48:22.958654] CPU=0.208, MEM=4898816.000, LATENCY=0.001, OVERALL=1594.736
[2025-10-22T07:48:27.979847] CPU=0.208, MEM=4898816.000, LATENCY=0.001, OVERALL=1594.736
[2025-10-22T07:48:33.010549] CPU=0.208, MEM=4898816.000, LATENCY=0.001, OVERALL=1594.736
[2025-10-22T07:48:38.031885] CPU=0.208, MEM=4898816.000, LATENCY=0.001, OVERALL=1594.736
[2025-10-22T07:48:43.071021] CPU=0.208, MEM=4898816.000, LATENCY=0.001, OVERALL=1594.736
[2025-10-22T07:48:48.093637] CPU=0.208, MEM=4898816.000, LATENCY=0.001, OVERALL=1594.736
[2025-10-22T07:48:53.113619] CPU=0.208, MEM=4898816.000, LATENCY=0.001, OVERALL=1594.736
[2025-10-22T07:48:58.135031] CPU=0.208, MEM=4898816.000, LATENCY=0.001, OVERALL=1594.736
[2025-10-22T07:49:03.158978] CPU=0.208, MEM=4898816.000, LATENCY=0.001, OVERALL=1594.736
[2025-10-22T07:49:08.180759] CPU=0.208, MEM=4898816.000, LATENCY=0.001, OVERALL=1594.736
[2025-10-22T07:49:13.204033] CPU=0.208, MEM=4898816.000, LATENCY=0.001, OVERALL=1594.736
[2025-10-22T07:49:18.224042] CPU=0.208, MEM=4898816.000, LATENCY=0.001, OVERALL=1594.736
[2025-10-22T07:49:23.247059] CPU=0.208, MEM=4898816.000, LATENCY=0.001, OVERALL=1594.736
[2025-10-22T07:49:28.298996] CPU=0.208, MEM=4898816.000, LATENCY=0.001, OVERALL=1594.736
[2025-10-22T07:49:33.317265] CPU=0.208, MEM=4898816.000, LATENCY=0.001, OVERALL=1594.736
[2025-10-22T07:49:38.339650] CPU=0.208, MEM=4898816.000, LATENCY=0.001, OVERALL=1594.736
[2025-10-22T07:49:43.362238] CPU=0.208, MEM=4898816.000, LATENCY=0.001, OVERALL=1594.736
[2025-10-22T07:49:48.384326] CPU=0.208, MEM=4898816.000, LATENCY=0.001, OVERALL=1594.736
[2025-10-22T07:49:53.406742] CPU=0.208, MEM=4898816.000, LATENCY=0.001, OVERALL=1594.736
[2025-10-22T07:49:58.430662] CPU=0.208, MEM=4898816.000, LATENCY=0.001, OVERALL=1594.736
[2025-10-22T07:50:03.456819] CPU=0.208, MEM=4898816.000, LATENCY=0.001, OVERALL=1594.736