nohup: ignoring input
/home/alanwalker/Project/Data/WebServer2.py:55: DeprecationWarning: datetime.datetime.utcnow() is deprecated and scheduled for removal in a future version. Use timezone-aware objects to represent datetimes in UTC: datetime.datetime.now(datetime.UTC).
  timestamp = datetime.datetime.utcnow().isoformat()
Starting metrics logger for Web2 with full AI headers...
[2025-10-22T06:30:49.278981] CPU=0.134, MEM=4837376.000, LATENCY=0.002, OVERALL=1574.712
[2025-10-22T06:30:54.347689] CPU=0.134, MEM=4837376.000, LATENCY=0.001, OVERALL=1574.712
[2025-10-22T06:30:59.400959] CPU=0.134, MEM=4837376.000, LATENCY=0.001, OVERALL=1574.712
[2025-10-22T06:31:04.436881] CPU=0.134, MEM=4837376.000, LATENCY=0.003, OVERALL=1574.712
[2025-10-22T06:31:09.484434] CPU=0.134, MEM=4837376.000, LATENCY=0.000, OVERALL=1574.712
[2025-10-22T06:31:14.510340] CPU=0.134, MEM=4837376.000, LATENCY=0.001, OVERALL=1574.712
[2025-10-22T06:31:19.564375] CPU=0.134, MEM=4837376.000, LATENCY=0.001, OVERALL=1574.712
[2025-10-22T06:31:24.591695] CPU=0.134, MEM=4837376.000, LATENCY=0.001, OVERALL=1574.712
[2025-10-22T06:31:29.631706] CPU=0.134, MEM=4837376.000, LATENCY=0.001, OVERALL=1574.712
[2025-10-22T06:31:34.659278] CPU=0.134, MEM=4837376.000, LATENCY=0.001, OVERALL=1574.712
[2025-10-22T06:31:39.685444] CPU=0.134, MEM=4837376.000, LATENCY=0.001, OVERALL=1574.712
[2025-10-22T06:31:44.712250] CPU=0.134, MEM=4837376.000, LATENCY=0.005, OVERALL=1574.712
[2025-10-22T06:31:49.770951] CPU=0.134, MEM=4837376.000, LATENCY=0.001, OVERALL=1574.712
[2025-10-22T06:31:54.813649] CPU=0.134, MEM=4837376.000, LATENCY=0.001, OVERALL=1574.712
[2025-10-22T06:31:59.858864] CPU=0.134, MEM=4837376.000, LATENCY=0.001, OVERALL=1574.712
[2025-10-22T06:32:04.885596] CPU=0.134, MEM=4837376.000, LATENCY=0.001, OVERALL=1574.712
[2025-10-22T06:32:09.934770] CPU=0.134, MEM=4837376.000, LATENCY=0.000, OVERALL=1574.712
[2025-10-22T06:32:14.955071] CPU=0.134, MEM=4837376.000, LATENCY=0.001, OVERALL=1574.712
[2025-10-22T06:32:20.049768] CPU=0.134, MEM=4837376.000, LATENCY=0.001, OVERALL=1574.712
[2025-10-22T06:32:25.073759] CPU=0.134, MEM=4837376.000, LATENCY=0.000, OVERALL=1574.711
[2025-10-22T06:32:30.090065] CPU=0.134, MEM=4837376.000, LATENCY=0.004, OVERALL=1574.712
[2025-10-22T06:32:35.209119] CPU=0.134, MEM=4837376.000, LATENCY=0.003, OVERALL=1574.712
[2025-10-22T06:32:40.255082] CPU=0.134, MEM=4837376.000, LATENCY=0.001, OVERALL=1574.712
[2025-10-22T06:32:45.280206] CPU=0.134, MEM=4837376.000, LATENCY=0.001, OVERALL=1574.712
[2025-10-22T06:32:50.335149] CPU=0.134, MEM=4837376.000, LATENCY=0.001, OVERALL=1574.712
[2025-10-22T06:32:55.367444] CPU=0.134, MEM=4837376.000, LATENCY=0.001, OVERALL=1574.712
[2025-10-22T06:33:00.395537] CPU=0.134, MEM=4837376.000, LATENCY=0.001, OVERALL=1574.712
[2025-10-22T06:33:05.437330] CPU=0.134, MEM=4837376.000, LATENCY=0.001, OVERALL=1574.712
[2025-10-22T06:33:10.466377] CPU=0.134, MEM=4837376.000, LATENCY=0.001, OVERALL=1574.712
[2025-10-22T06:33:15.488918] CPU=0.134, MEM=4837376.000, LATENCY=0.001, OVERALL=1574.712
[2025-10-22T06:33:20.523138] CPU=0.134, MEM=4837376.000, LATENCY=0.001, OVERALL=1574.712
[2025-10-22T06:33:25.550749] CPU=0.134, MEM=4837376.000, LATENCY=0.001, OVERALL=1574.712
[2025-10-22T06:33:30.600174] CPU=0.134, MEM=4837376.000, LATENCY=0.001, OVERALL=1574.712
[2025-10-22T06:33:35.623111] CPU=0.134, MEM=4837376.000, LATENCY=0.001, OVERALL=1574.712
[2025-10-22T06:33:40.646330] CPU=0.134, MEM=4837376.000, LATENCY=0.002, OVERALL=1574.712
[2025-10-22T06:33:45.698979] CPU=0.134, MEM=4837376.000, LATENCY=0.001, OVERALL=1574.712
[2025-10-22T06:33:50.720818] CPU=0.134, MEM=4837376.000, LATENCY=0.001, OVERALL=1574.712
[2025-10-22T06:33:55.742535] CPU=0.134, MEM=4837376.000, LATENCY=0.001, OVERALL=1574.712
[2025-10-22T06:34:00.771523] CPU=0.134, MEM=4837376.000, LATENCY=0.001, OVERALL=1574.712
[2025-10-22T06:34:05.796500] CPU=0.134, MEM=4837376.000, LATENCY=0.001, OVERALL=1574.712
[2025-10-22T06:34:10.820381] CPU=0.134, MEM=4837376.000, LATENCY=0.001, OVERALL=1574.712
[2025-10-22T06:34:15.844428] CPU=0.134, MEM=4837376.000, LATENCY=0.001, OVERALL=1574.712
[2025-10-22T06:34:20.868883] CPU=0.134, MEM=4837376.000, LATENCY=0.001, OVERALL=1574.712
[2025-10-22T06:34:25.894109] CPU=0.134, MEM=4837376.000, LATENCY=0.000, OVERALL=1574.712
[2025-10-22T06:34:30.920469] CPU=0.134, MEM=4837376.000, LATENCY=0.001, OVERALL=1574.712
[2025-10-22T06:34:35.952478] CPU=0.134, MEM=4837376.000, LATENCY=0.001, OVERALL=1574.712
[2025-10-22T06:34:40.980190] CPU=0.134, MEM=4837376.000, LATENCY=0.006, OVERALL=1574.712
[2025-10-22T06:34:46.054887] CPU=0.134, MEM=4837376.000, LATENCY=0.001, OVERALL=1574.712
[2025-10-22T06:34:51.103851] CPU=0.134, MEM=4837376.000, LATENCY=0.001, OVERALL=1574.712
[2025-10-22T06:34:56.149015] CPU=0.134, MEM=4837376.000, LATENCY=0.001, OVERALL=1574.712
[2025-10-22T06:35:01.175176] CPU=0.134, MEM=4837376.000, LATENCY=0.001, OVERALL=1574.712
[2025-10-22T06:35:06.213517] CPU=0.134, MEM=4837376.000, LATENCY=0.001, OVERALL=1574.712
[2025-10-22T06:35:11.244877] CPU=0.134, MEM=4837376.000, LATENCY=0.001, OVERALL=1574.712
[2025-10-22T06:35:16.284891] CPU=0.134, MEM=4837376.000, LATENCY=0.001, OVERALL=1574.712
[2025-10-22T06:35:21.320703] CPU=0.134, MEM=4837376.000, LATENCY=0.001, OVERALL=1574.712
[2025-10-22T06:35:26.365268] CPU=0.134, MEM=4837376.000, LATENCY=0.001, OVERALL=1574.712
[2025-10-22T06:35:31.402512] CPU=0.134, MEM=4837376.000, LATENCY=0.001, OVERALL=1574.712
[2025-10-22T06:35:36.436866] CPU=0.134, MEM=4837376.000, LATENCY=0.001, OVERALL=1574.712
[2025-10-22T06:35:41.472964] CPU=0.134, MEM=4837376.000, LATENCY=0.002, OVERALL=1574.712
[2025-10-22T06:35:46.511305] CPU=0.134, MEM=4837376.000, LATENCY=0.007, OVERALL=1574.713
[2025-10-22T06:35:51.568654] CPU=0.134, MEM=4837376.000, LATENCY=0.001, OVERALL=1574.712
[2025-10-22T06:35:56.600856] CPU=0.134, MEM=4837376.000, LATENCY=0.001, OVERALL=1574.712
[2025-10-22T06:36:01.630152] CPU=0.134, MEM=4837376.000, LATENCY=0.001, OVERALL=1574.712
[2025-10-22T06:36:06.772636] CPU=0.134, MEM=4837376.000, LATENCY=0.001, OVERALL=1574.712
[2025-10-22T06:36:11.808860] CPU=0.134, MEM=4837376.000, LATENCY=0.002, OVERALL=1574.712
[2025-10-22T06:36:16.904345] CPU=0.134, MEM=4837376.000, LATENCY=0.006, OVERALL=1574.712
[2025-10-22T06:36:22.003697] CPU=0.134, MEM=4837376.000, LATENCY=0.002, OVERALL=1574.712
[2025-10-22T06:36:27.025568] CPU=0.134, MEM=4837376.000, LATENCY=0.001, OVERALL=1574.712
[2025-10-22T06:36:32.064920] CPU=0.134, MEM=4837376.000, LATENCY=0.001, OVERALL=1574.712
[2025-10-22T06:36:37.100992] CPU=0.134, MEM=4837376.000, LATENCY=0.001, OVERALL=1574.712
[2025-10-22T06:36:42.124132] CPU=0.134, MEM=4837376.000, LATENCY=0.001, OVERALL=1574.712
[2025-10-22T06:36:47.152614] CPU=0.134, MEM=4837376.000, LATENCY=0.002, OVERALL=1574.712
[2025-10-22T06:36:52.198285] CPU=0.134, MEM=4837376.000, LATENCY=0.001, OVERALL=1574.712
[2025-10-22T06:36:57.226582] CPU=0.134, MEM=4837376.000, LATENCY=0.001, OVERALL=1574.712
[2025-10-22T06:37:02.248854] CPU=0.134, MEM=4837376.000, LATENCY=0.001, OVERALL=1574.712
[2025-10-22T06:37:07.272231] CPU=0.134, MEM=4837376.000, LATENCY=0.001, OVERALL=1574.712
[2025-10-22T06:37:12.292109] CPU=0.134, MEM=4837376.000, LATENCY=0.001, OVERALL=1574.712
[2025-10-22T06:37:17.324803] CPU=0.134, MEM=4837376.000, LATENCY=0.001, OVERALL=1574.712
[2025-10-22T06:37:22.352420] CPU=0.134, MEM=4837376.000, LATENCY=0.001, OVERALL=1574.712
[2025-10-22T06:37:27.408480] CPU=0.134, MEM=4837376.000, LATENCY=0.001, OVERALL=1574.712
[2025-10-22T06:37:32.432647] CPU=0.134, MEM=4837376.000, LATENCY=0.009, OVERALL=1574.713
[2025-10-22T06:37:37.477375] CPU=0.134, MEM=4837376.000, LATENCY=0.004, OVERALL=1574.712
[2025-10-22T06:37:42.518118] CPU=0.134, MEM=4837376.000, LATENCY=0.001, OVERALL=1574.712
[2025-10-22T06:37:47.545019] CPU=0.134, MEM=4837376.000, LATENCY=0.001, OVERALL=1574.712
[2025-10-22T06:37:52.572803] CPU=0.134, MEM=4837376.000, LATENCY=0.002, OVERALL=1574.712
[2025-10-22T06:37:57.622886] CPU=0.134, MEM=4837376.000, LATENCY=0.001, OVERALL=1574.712
[2025-10-22T06:38:02.664944] CPU=0.134, MEM=4837376.000, LATENCY=0.002, OVERALL=1574.712
[2025-10-22T06:38:07.698837] CPU=0.134, MEM=4837376.000, LATENCY=0.001, OVERALL=1574.712
[2025-10-22T06:38:12.729783] CPU=0.134, MEM=4837376.000, LATENCY=0.002, OVERALL=1574.712
[2025-10-22T06:38:17.769171] CPU=0.134, MEM=4837376.000, LATENCY=0.001, OVERALL=1574.712
[2025-10-22T06:38:22.801617] CPU=0.134, MEM=4837376.000, LATENCY=0.001, OVERALL=1574.712
[2025-10-22T06:38:27.832591] CPU=0.134, MEM=4837376.000, LATENCY=0.001, OVERALL=1574.712
[2025-10-22T06:38:32.854429] CPU=0.134, MEM=4837376.000, LATENCY=0.001, OVERALL=1574.712
[2025-10-22T06:38:37.878475] CPU=0.134, MEM=4837376.000, LATENCY=0.001, OVERALL=1574.712
[2025-10-22T06:38:42.909228] CPU=0.134, MEM=4837376.000, LATENCY=0.001, OVERALL=1574.712
[2025-10-22T06:38:47.931226] CPU=0.134, MEM=4837376.000, LATENCY=0.001, OVERALL=1574.712
[2025-10-22T06:38:52.954018] CPU=0.134, MEM=4837376.000, LATENCY=0.001, OVERALL=1574.712
[2025-10-22T06:38:57.979050] CPU=0.134, MEM=4837376.000, LATENCY=0.001, OVERALL=1574.712
[2025-10-22T06:39:03.021631] CPU=0.134, MEM=4837376.000, LATENCY=0.001, OVERALL=1574.712
[2025-10-22T06:39:08.048680] CPU=0.134, MEM=4837376.000, LATENCY=0.001, OVERALL=1574.712
[2025-10-22T06:39:13.078936] CPU=0.134, MEM=4837376.000, LATENCY=0.001, OVERALL=1574.712
[2025-10-22T06:39:18.101981] CPU=0.134, MEM=4837376.000, LATENCY=0.001, OVERALL=1574.712
[2025-10-22T06:39:23.124997] CPU=0.134, MEM=4837376.000, LATENCY=0.001, OVERALL=1574.712
[2025-10-22T06:39:28.145801] CPU=0.134, MEM=4837376.000, LATENCY=0.001, OVERALL=1574.712
[2025-10-22T06:39:33.173407] CPU=0.134, MEM=4837376.000, LATENCY=0.001, OVERALL=1574.712
[2025-10-22T06:39:38.202076] CPU=0.134, MEM=4837376.000, LATENCY=0.001, OVERALL=1574.712
[2025-10-22T06:39:43.225905] CPU=0.134, MEM=4837376.000, LATENCY=0.001, OVERALL=1574.712
[2025-10-22T06:39:48.258841] CPU=0.134, MEM=4837376.000, LATENCY=0.001, OVERALL=1574.712
[2025-10-22T06:39:53.283758] CPU=0.134, MEM=4837376.000, LATENCY=0.001, OVERALL=1574.712
[2025-10-22T06:39:58.303750] CPU=0.134, MEM=4837376.000, LATENCY=0.001, OVERALL=1574.712
[2025-10-22T06:40:03.325057] CPU=0.134, MEM=4837376.000, LATENCY=0.000, OVERALL=1574.712
[2025-10-22T06:40:08.353943] CPU=0.134, MEM=4837376.000, LATENCY=0.001, OVERALL=1574.712
[2025-10-22T06:40:13.376005] CPU=0.134, MEM=4837376.000, LATENCY=0.001, OVERALL=1574.712
[2025-10-22T06:40:18.401595] CPU=0.134, MEM=4837376.000, LATENCY=0.001, OVERALL=1574.712
[2025-10-22T06:40:23.425513] CPU=0.134, MEM=4837376.000, LATENCY=0.001, OVERALL=1574.712
[2025-10-22T06:40:28.454548] CPU=0.134, MEM=4837376.000, LATENCY=0.001, OVERALL=1574.712
[2025-10-22T06:40:33.473640] CPU=0.134, MEM=4837376.000, LATENCY=0.000, OVERALL=1574.712
[2025-10-22T06:40:38.493631] CPU=0.134, MEM=4837376.000, LATENCY=0.001, OVERALL=1574.712
[2025-10-22T06:40:43.526828] CPU=0.134, MEM=4837376.000, LATENCY=0.001, OVERALL=1574.712
[2025-10-22T06:40:48.561275] CPU=0.134, MEM=4837376.000, LATENCY=0.001, OVERALL=1574.712
[2025-10-22T06:40:53.592460] CPU=0.134, MEM=4837376.000, LATENCY=0.001, OVERALL=1574.712
[2025-10-22T06:40:58.621926] CPU=0.134, MEM=4837376.000, LATENCY=0.001, OVERALL=1574.712
[2025-10-22T06:41:03.648462] CPU=0.134, MEM=4837376.000, LATENCY=0.001, OVERALL=1574.712
[2025-10-22T06:41:08.697450] CPU=0.134, MEM=4837376.000, LATENCY=0.001, OVERALL=1574.712
[2025-10-22T06:41:13.718802] CPU=0.134, MEM=4837376.000, LATENCY=0.001, OVERALL=1574.712
[2025-10-22T06:41:18.738777] CPU=0.134, MEM=4837376.000, LATENCY=0.001, OVERALL=1574.712
[2025-10-22T06:41:23.777648] CPU=0.134, MEM=4837376.000, LATENCY=0.001, OVERALL=1574.712
[2025-10-22T06:41:28.808615] CPU=0.134, MEM=4837376.000, LATENCY=0.001, OVERALL=1574.712
[2025-10-22T06:41:33.844979] CPU=0.134, MEM=4837376.000, LATENCY=0.001, OVERALL=1574.712
[2025-10-22T06:41:38.864175] CPU=0.134, MEM=4837376.000, LATENCY=0.001, OVERALL=1574.712
[2025-10-22T06:41:43.892593] CPU=0.134, MEM=4837376.000, LATENCY=0.001, OVERALL=1574.712
[2025-10-22T06:41:48.924109] CPU=0.134, MEM=4837376.000, LATENCY=0.001, OVERALL=1574.712
[2025-10-22T06:41:53.947041] CPU=0.134, MEM=4837376.000, LATENCY=0.001, OVERALL=1574.712
[2025-10-22T06:41:58.976521] CPU=0.134, MEM=4837376.000, LATENCY=0.001, OVERALL=1574.712
[2025-10-22T06:42:04.002566] CPU=0.134, MEM=4837376.000, LATENCY=0.001, OVERALL=1574.712
[2025-10-22T06:42:09.027340] CPU=0.134, MEM=4837376.000, LATENCY=0.003, OVERALL=1574.712
[2025-10-22T06:42:14.053034] CPU=0.134, MEM=4837376.000, LATENCY=0.000, OVERALL=1574.711
[2025-10-22T06:42:19.070362] CPU=0.134, MEM=4837376.000, LATENCY=0.000, OVERALL=1574.712
[2025-10-22T06:42:24.088987] CPU=0.134, MEM=4837376.000, LATENCY=0.000, OVERALL=1574.712
[2025-10-22T06:42:29.104810] CPU=0.134, MEM=4837376.000, LATENCY=0.000, OVERALL=1574.712
[2025-10-22T06:42:34.122088] CPU=0.134, MEM=4837376.000, LATENCY=0.000, OVERALL=1574.712
[2025-10-22T06:42:39.138533] CPU=0.134, MEM=4837376.000, LATENCY=0.001, OVERALL=1574.712
[2025-10-22T06:42:44.156217] CPU=0.134, MEM=4837376.000, LATENCY=0.000, OVERALL=1574.712
[2025-10-22T06:42:49.172581] CPU=0.134, MEM=4837376.000, LATENCY=0.000, OVERALL=1574.712
[2025-10-22T06:42:54.188922] CPU=0.134, MEM=4837376.000, LATENCY=0.001, OVERALL=1574.712
[2025-10-22T06:42:59.212499] CPU=0.134, MEM=4837376.000, LATENCY=0.000, OVERALL=1574.712
[2025-10-22T06:43:04.228975] CPU=0.134, MEM=4837376.000, LATENCY=0.001, OVERALL=1574.712
[2025-10-22T06:43:09.246664] CPU=0.134, MEM=4837376.000, LATENCY=0.001, OVERALL=1574.712
[2025-10-22T06:43:14.277531] CPU=0.134, MEM=4837376.000, LATENCY=0.000, OVERALL=1574.712
[2025-10-22T06:43:19.299271] CPU=0.134, MEM=4837376.000, LATENCY=0.000, OVERALL=1574.712
[2025-10-22T06:43:24.317169] CPU=0.134, MEM=4837376.000, LATENCY=0.001, OVERALL=1574.712
[2025-10-22T06:43:29.335101] CPU=0.134, MEM=4837376.000, LATENCY=0.001, OVERALL=1574.712
[2025-10-22T06:43:34.352286] CPU=0.134, MEM=4837376.000, LATENCY=0.001, OVERALL=1574.712
[2025-10-22T06:43:39.377011] CPU=0.134, MEM=4837376.000, LATENCY=0.001, OVERALL=1574.712
[2025-10-22T06:43:44.401693] CPU=0.134, MEM=4837376.000, LATENCY=0.001, OVERALL=1574.712
[2025-10-22T06:43:49.423070] CPU=0.134, MEM=4837376.000, LATENCY=0.001, OVERALL=1574.712
[2025-10-22T06:43:54.454477] CPU=0.134, MEM=4837376.000, LATENCY=0.001, OVERALL=1574.712
[2025-10-22T06:43:59.475043] CPU=0.134, MEM=4837376.000, LATENCY=0.000, OVERALL=1574.712
[2025-10-22T06:44:04.492396] CPU=0.134, MEM=4837376.000, LATENCY=0.001, OVERALL=1574.712
[2025-10-22T06:44:09.508768] CPU=0.134, MEM=4837376.000, LATENCY=0.000, OVERALL=1574.711
[2025-10-22T06:44:14.525230] CPU=0.134, MEM=4837376.000, LATENCY=0.001, OVERALL=1574.712
[2025-10-22T06:44:19.549527] CPU=0.134, MEM=4837376.000, LATENCY=0.001, OVERALL=1574.712
[2025-10-22T06:44:24.566542] CPU=0.134, MEM=4837376.000, LATENCY=0.000, OVERALL=1574.712
[2025-10-22T06:44:29.583738] CPU=0.134, MEM=4837376.000, LATENCY=0.000, OVERALL=1574.712
[2025-10-22T06:44:34.599984] CPU=0.134, MEM=4837376.000, LATENCY=0.001, OVERALL=1574.712
[2025-10-22T06:44:39.618321] CPU=0.134, MEM=4837376.000, LATENCY=0.001, OVERALL=1574.712
[2025-10-22T06:44:44.635400] CPU=0.134, MEM=4837376.000, LATENCY=0.000, OVERALL=1574.712
[2025-10-22T06:44:49.652860] CPU=0.134, MEM=4837376.000, LATENCY=0.001, OVERALL=1574.712
[2025-10-22T06:44:54.680167] CPU=0.134, MEM=4837376.000, LATENCY=0.000, OVERALL=1574.711
[2025-10-22T06:44:59.698024] CPU=0.134, MEM=4837376.000, LATENCY=0.000, OVERALL=1574.712
[2025-10-22T06:45:04.720922] CPU=0.134, MEM=4837376.000, LATENCY=0.001, OVERALL=1574.712
[2025-10-22T06:45:09.738279] CPU=0.134, MEM=4837376.000, LATENCY=0.001, OVERALL=1574.712
[2025-10-22T06:45:14.755307] CPU=0.134, MEM=4837376.000, LATENCY=0.000, OVERALL=1574.711
[2025-10-22T06:45:19.772587] CPU=0.134, MEM=4837376.000, LATENCY=0.000, OVERALL=1574.712
[2025-10-22T06:45:24.790193] CPU=0.134, MEM=4837376.000, LATENCY=0.001, OVERALL=1574.712
[2025-10-22T06:45:29.814128] CPU=0.134, MEM=4837376.000, LATENCY=0.000, OVERALL=1574.712
[2025-10-22T06:45:34.830696] CPU=0.134, MEM=4837376.000, LATENCY=0.001, OVERALL=1574.712
[2025-10-22T06:45:39.848567] CPU=0.134, MEM=4837376.000, LATENCY=0.001, OVERALL=1574.712
[2025-10-22T06:45:44.864770] CPU=0.134, MEM=4837376.000, LATENCY=0.001, OVERALL=1574.712
[2025-10-22T06:45:49.883184] CPU=0.134, MEM=4837376.000, LATENCY=0.001, OVERALL=1574.712
[2025-10-22T06:45:54.922718] CPU=0.134, MEM=4837376.000, LATENCY=0.000, OVERALL=1574.712
[2025-10-22T06:45:59.943748] CPU=0.134, MEM=4837376.000, LATENCY=0.001, OVERALL=1574.712
[2025-10-22T06:46:04.973175] CPU=0.134, MEM=4837376.000, LATENCY=0.000, OVERALL=1574.712
[2025-10-22T06:46:09.989482] CPU=0.134, MEM=4837376.000, LATENCY=0.000, OVERALL=1574.712
[2025-10-22T06:46:15.005445] CPU=0.134, MEM=4837376.000, LATENCY=0.000, OVERALL=1574.712
[2025-10-22T06:46:20.034527] CPU=0.134, MEM=4837376.000, LATENCY=0.000, OVERALL=1574.712
[2025-10-22T06:46:25.052005] CPU=0.134, MEM=4837376.000, LATENCY=0.000, OVERALL=1574.711
[2025-10-22T06:46:30.069825] CPU=0.134, MEM=4837376.000, LATENCY=0.001, OVERALL=1574.712
[2025-10-22T06:46:35.086597] CPU=0.134, MEM=4837376.000, LATENCY=0.000, OVERALL=1574.711
[2025-10-22T06:46:40.103733] CPU=0.134, MEM=4837376.000, LATENCY=0.001, OVERALL=1574.712
[2025-10-22T06:46:45.127478] CPU=0.134, MEM=4837376.000, LATENCY=0.001, OVERALL=1574.712
[2025-10-22T06:46:50.153732] CPU=0.134, MEM=4837376.000, LATENCY=0.001, OVERALL=1574.712
[2025-10-22T06:46:55.173991] CPU=0.134, MEM=4837376.000, LATENCY=0.001, OVERALL=1574.712
[2025-10-22T06:47:00.193243] CPU=0.134, MEM=4837376.000, LATENCY=0.000, OVERALL=1574.712
[2025-10-22T06:47:05.211065] CPU=0.134, MEM=4837376.000, LATENCY=0.001, OVERALL=1574.712
[2025-10-22T06:47:10.227607] CPU=0.134, MEM=4837376.000, LATENCY=0.001, OVERALL=1574.712
[2025-10-22T06:47:15.252730] CPU=0.134, MEM=4837376.000, LATENCY=0.000, OVERALL=1574.712
[2025-10-22T06:47:20.270656] CPU=0.134, MEM=4837376.000, LATENCY=0.000, OVERALL=1574.712
[2025-10-22T06:47:25.288367] CPU=0.134, MEM=4837376.000, LATENCY=0.000, OVERALL=1574.712
[2025-10-22T06:47:30.303999] CPU=0.134, MEM=4837376.000, LATENCY=0.000, OVERALL=1574.712
[2025-10-22T06:47:35.320493] CPU=0.134, MEM=4837376.000, LATENCY=0.000, OVERALL=1574.711
[2025-10-22T06:47:40.335962] CPU=0.134, MEM=4837376.000, LATENCY=0.001, OVERALL=1574.712
[2025-10-22T06:47:45.353277] CPU=0.134, MEM=4837376.000, LATENCY=0.000, OVERALL=1574.712
[2025-10-22T06:47:50.370095] CPU=0.134, MEM=4837376.000, LATENCY=0.001, OVERALL=1574.712
[2025-10-22T06:47:55.392120] CPU=0.134, MEM=4837376.000, LATENCY=0.000, OVERALL=1574.712
[2025-10-22T06:48:00.408242] CPU=0.134, MEM=4837376.000, LATENCY=0.001, OVERALL=1574.712
[2025-10-22T06:48:05.426197] CPU=0.134, MEM=4837376.000, LATENCY=0.000, OVERALL=1574.712
[2025-10-22T06:48:10.442505] CPU=0.134, MEM=4837376.000, LATENCY=0.000, OVERALL=1574.712
[2025-10-22T06:48:15.465111] CPU=0.134, MEM=4837376.000, LATENCY=0.001, OVERALL=1574.712
[2025-10-22T06:48:20.482566] CPU=0.134, MEM=4837376.000, LATENCY=0.001, OVERALL=1574.712
[2025-10-22T06:48:25.503752] CPU=0.134, MEM=4837376.000, LATENCY=0.001, OVERALL=1574.712
[2025-10-22T06:48:30.530098] CPU=0.134, MEM=4837376.000, LATENCY=0.001, OVERALL=1574.712
[2025-10-22T06:48:35.552933] CPU=0.134, MEM=4837376.000, LATENCY=0.000, OVERALL=1574.711
[2025-10-22T06:48:40.569805] CPU=0.134, MEM=4837376.000, LATENCY=0.001, OVERALL=1574.712
[2025-10-22T06:48:45.590084] CPU=0.134, MEM=4837376.000, LATENCY=0.000, OVERALL=1574.712
[2025-10-22T06:48:50.606169] CPU=0.134, MEM=4837376.000, LATENCY=0.000, OVERALL=1574.712
[2025-10-22T06:48:55.631675] CPU=0.134, MEM=4837376.000, LATENCY=0.001, OVERALL=1574.712
[2025-10-22T06:49:00.656056] CPU=0.134, MEM=4837376.000, LATENCY=0.001, OVERALL=1574.712
[2025-10-22T06:49:05.699265] CPU=0.134, MEM=4837376.000, LATENCY=0.004, OVERALL=1574.712
[2025-10-22T06:49:10.766175] CPU=0.134, MEM=4837376.000, LATENCY=0.005, OVERALL=1574.712
[2025-10-22T06:49:15.840756] CPU=0.134, MEM=4837376.000, LATENCY=0.002, OVERALL=1574.712
[2025-10-22T06:49:20.935039] CPU=0.134, MEM=4837376.000, LATENCY=0.001, OVERALL=1574.712
[2025-10-22T06:49:25.976830] CPU=0.134, MEM=4837376.000, LATENCY=0.001, OVERALL=1574.712
[2025-10-22T06:49:31.043706] CPU=0.134, MEM=4837376.000, LATENCY=0.002, OVERALL=1574.712
[2025-10-22T06:49:36.078879] CPU=0.134, MEM=4837376.000, LATENCY=0.007, OVERALL=1574.713
[2025-10-22T06:49:41.151798] CPU=0.134, MEM=4837376.000, LATENCY=0.002, OVERALL=1574.712
[2025-10-22T06:49:46.224631] CPU=0.134, MEM=4837376.000, LATENCY=0.002, OVERALL=1574.712
[2025-10-22T06:49:51.293811] CPU=0.134, MEM=4837376.000, LATENCY=0.002, OVERALL=1574.712
[2025-10-22T06:49:56.375831] CPU=0.134, MEM=4837376.000, LATENCY=0.001, OVERALL=1574.712
[2025-10-22T06:50:01.395435] CPU=0.134, MEM=4837376.000, LATENCY=0.000, OVERALL=1574.712
[2025-10-22T06:50:06.413168] CPU=0.134, MEM=4837376.000, LATENCY=0.001, OVERALL=1574.712
[2025-10-22T06:50:11.456741] CPU=0.134, MEM=4837376.000, LATENCY=0.001, OVERALL=1574.712
[2025-10-22T06:50:16.480084] CPU=0.134, MEM=4837376.000, LATENCY=0.000, OVERALL=1574.712
[2025-10-22T06:50:21.497291] CPU=0.134, MEM=4837376.000, LATENCY=0.001, OVERALL=1574.712
[2025-10-22T06:50:26.541166] CPU=0.134, MEM=4837376.000, LATENCY=0.001, OVERALL=1574.712
[2025-10-22T06:50:31.572938] CPU=0.134, MEM=4837376.000, LATENCY=0.001, OVERALL=1574.712
[2025-10-22T06:50:36.603333] CPU=0.134, MEM=4837376.000, LATENCY=0.001, OVERALL=1574.712
[2025-10-22T06:50:41.624269] CPU=0.134, MEM=4837376.000, LATENCY=0.001, OVERALL=1574.712
[2025-10-22T06:50:46.678664] CPU=0.134, MEM=4837376.000, LATENCY=0.001, OVERALL=1574.712
[2025-10-22T06:50:51.730114] CPU=0.134, MEM=4837376.000, LATENCY=0.001, OVERALL=1574.712
[2025-10-22T06:50:56.757779] CPU=0.134, MEM=4837376.000, LATENCY=0.001, OVERALL=1574.712
[2025-10-22T06:51:01.780869] CPU=0.134, MEM=4837376.000, LATENCY=0.001, OVERALL=1574.712
[2025-10-22T06:51:06.802649] CPU=0.134, MEM=4837376.000, LATENCY=0.001, OVERALL=1574.712
[2025-10-22T06:51:11.831603] CPU=0.134, MEM=4837376.000, LATENCY=0.001, OVERALL=1574.712
[2025-10-22T06:51:16.857744] CPU=0.134, MEM=4837376.000, LATENCY=0.001, OVERALL=1574.712
[2025-10-22T06:51:21.907847] CPU=0.134, MEM=4837376.000, LATENCY=0.001, OVERALL=1574.712
[2025-10-22T06:51:26.931395] CPU=0.134, MEM=4837376.000, LATENCY=0.001, OVERALL=1574.712
[2025-10-22T06:51:31.963171] CPU=0.134, MEM=4837376.000, LATENCY=0.001, OVERALL=1574.712
[2025-10-22T06:51:36.993655] CPU=0.134, MEM=4837376.000, LATENCY=0.001, OVERALL=1574.712
[2025-10-22T06:51:42.013686] CPU=0.134, MEM=4837376.000, LATENCY=0.001, OVERALL=1574.712
[2025-10-22T06:51:47.040520] CPU=0.134, MEM=4837376.000, LATENCY=0.001, OVERALL=1574.712
[2025-10-22T06:51:52.075608] CPU=0.134, MEM=4837376.000, LATENCY=0.001, OVERALL=1574.712
[2025-10-22T06:51:57.097674] CPU=0.134, MEM=4837376.000, LATENCY=0.001, OVERALL=1574.712
[2025-10-22T06:52:02.124649] CPU=0.134, MEM=4837376.000, LATENCY=0.001, OVERALL=1574.712
[2025-10-22T06:52:07.147297] CPU=0.134, MEM=4837376.000, LATENCY=0.001, OVERALL=1574.712
[2025-10-22T06:52:12.177738] CPU=0.134, MEM=4837376.000, LATENCY=0.001, OVERALL=1574.712
[2025-10-22T06:52:17.198044] CPU=0.134, MEM=4837376.000, LATENCY=0.001, OVERALL=1574.712
[2025-10-22T06:52:22.217848] CPU=0.134, MEM=4837376.000, LATENCY=0.000, OVERALL=1574.712
[2025-10-22T06:52:27.235644] CPU=0.134, MEM=4837376.000, LATENCY=0.001, OVERALL=1574.712
[2025-10-22T06:52:32.256768] CPU=0.134, MEM=4837376.000, LATENCY=0.001, OVERALL=1574.712
[2025-10-22T06:52:37.279389] CPU=0.134, MEM=4837376.000, LATENCY=0.003, OVERALL=1574.712
[2025-10-22T06:52:42.324038] CPU=0.134, MEM=4837376.000, LATENCY=0.002, OVERALL=1574.712
[2025-10-22T06:52:47.372817] CPU=0.134, MEM=4837376.000, LATENCY=0.001, OVERALL=1574.712
[2025-10-22T06:52:52.410814] CPU=0.134, MEM=4837376.000, LATENCY=0.000, OVERALL=1574.712
[2025-10-22T06:52:57.428524] CPU=0.134, MEM=4837376.000, LATENCY=0.001, OVERALL=1574.712
[2025-10-22T06:53:02.446950] CPU=0.134, MEM=4837376.000, LATENCY=0.001, OVERALL=1574.712
[2025-10-22T06:53:07.491841] CPU=0.134, MEM=4837376.000, LATENCY=0.001, OVERALL=1574.712
[2025-10-22T06:53:12.510868] CPU=0.134, MEM=4837376.000, LATENCY=0.000, OVERALL=1574.712
[2025-10-22T06:53:17.531699] CPU=0.134, MEM=4837376.000, LATENCY=0.000, OVERALL=1574.712
[2025-10-22T06:53:22.552938] CPU=0.134, MEM=4837376.000, LATENCY=0.001, OVERALL=1574.712
[2025-10-22T06:53:27.575816] CPU=0.134, MEM=4837376.000, LATENCY=0.001, OVERALL=1574.712
[2025-10-22T06:53:32.603587] CPU=0.134, MEM=4837376.000, LATENCY=0.001, OVERALL=1574.712
[2025-10-22T06:53:37.623142] CPU=0.134, MEM=4837376.000, LATENCY=0.001, OVERALL=1574.712
[2025-10-22T06:53:42.644731] CPU=0.134, MEM=4837376.000, LATENCY=0.001, OVERALL=1574.712
[2025-10-22T06:53:47.665693] CPU=0.134, MEM=4837376.000, LATENCY=0.001, OVERALL=1574.712
[2025-10-22T06:53:52.691802] CPU=0.134, MEM=4837376.000, LATENCY=0.001, OVERALL=1574.712
[2025-10-22T06:53:57.717358] CPU=0.134, MEM=4837376.000, LATENCY=0.001, OVERALL=1574.712
[2025-10-22T06:54:02.743265] CPU=0.134, MEM=4837376.000, LATENCY=0.000, OVERALL=1574.712
[2025-10-22T06:54:07.767746] CPU=0.134, MEM=4837376.000, LATENCY=0.000, OVERALL=1574.712
[2025-10-22T06:54:12.792024] CPU=0.134, MEM=4837376.000, LATENCY=0.002, OVERALL=1574.712
[2025-10-22T06:54:17.818081] CPU=0.134, MEM=4837376.000, LATENCY=0.001, OVERALL=1574.712
[2025-10-22T06:54:22.838483] CPU=0.134, MEM=4837376.000, LATENCY=0.001, OVERALL=1574.712
[2025-10-22T06:54:27.857730] CPU=0.134, MEM=4837376.000, LATENCY=0.001, OVERALL=1574.712
[2025-10-22T06:54:32.888398] CPU=0.134, MEM=4837376.000, LATENCY=0.001, OVERALL=1574.712
[2025-10-22T06:54:37.911341] CPU=0.134, MEM=4837376.000, LATENCY=0.001, OVERALL=1574.712
[2025-10-22T06:54:42.938118] CPU=0.134, MEM=4837376.000, LATENCY=0.001, OVERALL=1574.712
[2025-10-22T06:54:47.958218] CPU=0.134, MEM=4837376.000, LATENCY=0.001, OVERALL=1574.712
[2025-10-22T06:54:52.978703] CPU=0.134, MEM=4837376.000, LATENCY=0.001, OVERALL=1574.712
[2025-10-22T06:54:57.997433] CPU=0.134, MEM=4837376.000, LATENCY=0.001, OVERALL=1574.712
[2025-10-22T06:55:03.018512] CPU=0.134, MEM=4837376.000, LATENCY=0.001, OVERALL=1574.712
[2025-10-22T06:55:08.056355] CPU=0.134, MEM=4837376.000, LATENCY=0.001, OVERALL=1574.712
[2025-10-22T06:55:13.079138] CPU=0.134, MEM=4837376.000, LATENCY=0.001, OVERALL=1574.712
[2025-10-22T06:55:18.099600] CPU=0.134, MEM=4837376.000, LATENCY=0.001, OVERALL=1574.712
[2025-10-22T06:55:23.119387] CPU=0.134, MEM=4837376.000, LATENCY=0.001, OVERALL=1574.712
[2025-10-22T06:55:28.141157] CPU=0.134, MEM=4837376.000, LATENCY=0.001, OVERALL=1574.712
[2025-10-22T06:55:33.177240] CPU=0.134, MEM=4837376.000, LATENCY=0.001, OVERALL=1574.712
[2025-10-22T06:55:38.199528] CPU=0.134, MEM=4837376.000, LATENCY=0.001, OVERALL=1574.712
[2025-10-22T06:55:43.231648] CPU=0.134, MEM=4837376.000, LATENCY=0.001, OVERALL=1574.712
[2025-10-22T06:55:48.252866] CPU=0.134, MEM=4837376.000, LATENCY=0.001, OVERALL=1574.712
[2025-10-22T06:55:53.273663] CPU=0.134, MEM=4837376.000, LATENCY=0.000, OVERALL=1574.712
[2025-10-22T06:55:58.303422] CPU=0.134, MEM=4837376.000, LATENCY=0.001, OVERALL=1574.712
[2025-10-22T06:56:03.331188] CPU=0.134, MEM=4837376.000, LATENCY=0.001, OVERALL=1574.712
[2025-10-22T06:56:08.355441] CPU=0.134, MEM=4837376.000, LATENCY=0.001, OVERALL=1574.712
[2025-10-22T06:56:13.375666] CPU=0.134, MEM=4837376.000, LATENCY=0.001, OVERALL=1574.712
[2025-10-22T06:56:18.396009] CPU=0.134, MEM=4837376.000, LATENCY=0.001, OVERALL=1574.712
[2025-10-22T06:56:23.432282] CPU=0.134, MEM=4837376.000, LATENCY=0.001, OVERALL=1574.712
[2025-10-22T06:56:28.464257] CPU=0.134, MEM=4837376.000, LATENCY=0.001, OVERALL=1574.712
[2025-10-22T06:56:33.484171] CPU=0.134, MEM=4837376.000, LATENCY=0.001, OVERALL=1574.712
[2025-10-22T06:56:38.505349] CPU=0.134, MEM=4837376.000, LATENCY=0.001, OVERALL=1574.712
[2025-10-22T06:56:43.524039] CPU=0.134, MEM=4837376.000, LATENCY=0.001, OVERALL=1574.712
[2025-10-22T06:56:48.552892] CPU=0.134, MEM=4837376.000, LATENCY=0.001, OVERALL=1574.712
[2025-10-22T06:56:53.579400] CPU=0.134, MEM=4837376.000, LATENCY=0.000, OVERALL=1574.712
[2025-10-22T06:56:58.600278] CPU=0.134, MEM=4837376.000, LATENCY=0.001, OVERALL=1574.712
[2025-10-22T06:57:03.621140] CPU=0.134, MEM=4837376.000, LATENCY=0.001, OVERALL=1574.712
[2025-10-22T06:57:08.641670] CPU=0.134, MEM=4837376.000, LATENCY=0.001, OVERALL=1574.712
[2025-10-22T06:57:13.671494] CPU=0.134, MEM=4837376.000, LATENCY=0.001, OVERALL=1574.712
[2025-10-22T06:57:18.703254] CPU=0.134, MEM=4837376.000, LATENCY=0.000, OVERALL=1574.712
[2025-10-22T06:57:23.720440] CPU=0.134, MEM=4837376.000, LATENCY=0.001, OVERALL=1574.712
[2025-10-22T06:57:28.742250] CPU=0.134, MEM=4837376.000, LATENCY=0.001, OVERALL=1574.712
[2025-10-22T06:57:33.762439] CPU=0.134, MEM=4837376.000, LATENCY=0.000, OVERALL=1574.711
[2025-10-22T06:57:38.790363] CPU=0.134, MEM=4837376.000, LATENCY=0.001, OVERALL=1574.712
[2025-10-22T06:57:43.815001] CPU=0.134, MEM=4837376.000, LATENCY=0.001, OVERALL=1574.712
[2025-10-22T06:57:48.837356] CPU=0.134, MEM=4837376.000, LATENCY=0.001, OVERALL=1574.712
[2025-10-22T06:57:53.861395] CPU=0.134, MEM=4837376.000, LATENCY=0.000, OVERALL=1574.712
[2025-10-22T06:57:58.881265] CPU=0.134, MEM=4837376.000, LATENCY=0.001, OVERALL=1574.712
[2025-10-22T06:58:03.900225] CPU=0.134, MEM=4837376.000, LATENCY=0.001, OVERALL=1574.712
[2025-10-22T06:58:08.924664] CPU=0.134, MEM=4837376.000, LATENCY=0.000, OVERALL=1574.712
[2025-10-22T06:58:13.940652] CPU=0.134, MEM=4837376.000, LATENCY=0.000, OVERALL=1574.712
[2025-10-22T06:58:18.958044] CPU=0.134, MEM=4837376.000, LATENCY=0.001, OVERALL=1574.712
[2025-10-22T06:58:23.980649] CPU=0.134, MEM=4837376.000, LATENCY=0.000, OVERALL=1574.711
[2025-10-22T06:58:28.997454] CPU=0.134, MEM=4837376.000, LATENCY=0.000, OVERALL=1574.711
[2025-10-22T06:58:34.013049] CPU=0.134, MEM=4837376.000, LATENCY=0.001, OVERALL=1574.712
[2025-10-22T06:58:39.043403] CPU=0.134, MEM=4837376.000, LATENCY=0.001, OVERALL=1574.712
[2025-10-22T06:58:44.063761] CPU=0.134, MEM=4837376.000, LATENCY=0.001, OVERALL=1574.712
[2025-10-22T06:58:49.091519] CPU=0.134, MEM=4837376.000, LATENCY=0.001, OVERALL=1574.712
[2025-10-22T06:58:54.116917] CPU=0.134, MEM=4837376.000, LATENCY=0.001, OVERALL=1574.712
[2025-10-22T06:58:59.137797] CPU=0.134, MEM=4837376.000, LATENCY=0.001, OVERALL=1574.712
[2025-10-22T06:59:04.156823] CPU=0.134, MEM=4837376.000, LATENCY=0.001, OVERALL=1574.712
[2025-10-22T06:59:09.184636] CPU=0.134, MEM=4837376.000, LATENCY=0.001, OVERALL=1574.712
[2025-10-22T06:59:14.202935] CPU=0.134, MEM=4837376.000, LATENCY=0.001, OVERALL=1574.712
[2025-10-22T06:59:19.220087] CPU=0.134, MEM=4837376.000, LATENCY=0.001, OVERALL=1574.712
[2025-10-22T06:59:24.237662] CPU=0.134, MEM=4837376.000, LATENCY=0.000, OVERALL=1574.712
[2025-10-22T06:59:29.254689] CPU=0.134, MEM=4837376.000, LATENCY=0.001, OVERALL=1574.712
[2025-10-22T06:59:34.279145] CPU=0.134, MEM=4837376.000, LATENCY=0.000, OVERALL=1574.712
[2025-10-22T06:59:39.295473] CPU=0.134, MEM=4837376.000, LATENCY=0.000, OVERALL=1574.712
[2025-10-22T06:59:44.311478] CPU=0.134, MEM=4837376.000, LATENCY=0.001, OVERALL=1574.712
[2025-10-22T06:59:49.327666] CPU=0.134, MEM=4837376.000, LATENCY=0.001, OVERALL=1574.712
[2025-10-22T06:59:54.344468] CPU=0.134, MEM=4837376.000, LATENCY=0.000, OVERALL=1574.712
[2025-10-22T06:59:59.360618] CPU=0.134, MEM=4837376.000, LATENCY=0.000, OVERALL=1574.712
[2025-10-22T07:00:04.377826] CPU=0.134, MEM=4837376.000, LATENCY=0.001, OVERALL=1574.712
[2025-10-22T07:00:09.400045] CPU=0.134, MEM=4837376.000, LATENCY=0.000, OVERALL=1574.711
[2025-10-22T07:00:14.415336] CPU=0.134, MEM=4837376.000, LATENCY=0.000, OVERALL=1574.712
[2025-10-22T07:00:19.431129] CPU=0.134, MEM=4837376.000, LATENCY=0.000, OVERALL=1574.712
[2025-10-22T07:00:24.448111] CPU=0.134, MEM=4837376.000, LATENCY=0.001, OVERALL=1574.712
[2025-10-22T07:00:29.464752] CPU=0.134, MEM=4837376.000, LATENCY=0.001, OVERALL=1574.712
[2025-10-22T07:00:34.492824] CPU=0.134, MEM=4837376.000, LATENCY=0.000, OVERALL=1574.712
[2025-10-22T07:00:39.510806] CPU=0.134, MEM=4837376.000, LATENCY=0.001, OVERALL=1574.712
[2025-10-22T07:00:44.528476] CPU=0.134, MEM=4837376.000, LATENCY=0.000, OVERALL=1574.712
[2025-10-22T07:00:49.552213] CPU=0.134, MEM=4837376.000, LATENCY=0.000, OVERALL=1574.712
[2025-10-22T07:00:54.568336] CPU=0.134, MEM=4837376.000, LATENCY=0.001, OVERALL=1574.712
[2025-10-22T07:00:59.584746] CPU=0.134, MEM=4837376.000, LATENCY=0.000, OVERALL=1574.712
[2025-10-22T07:01:04.600753] CPU=0.134, MEM=4837376.000, LATENCY=0.000, OVERALL=1574.712
[2025-10-22T07:01:09.618116] CPU=0.134, MEM=4837376.000, LATENCY=0.000, OVERALL=1574.712
[2025-10-22T07:01:14.634219] CPU=0.134, MEM=4837376.000, LATENCY=0.000, OVERALL=1574.712
[2025-10-22T07:01:19.650665] CPU=0.134, MEM=4837376.000, LATENCY=0.001, OVERALL=1574.712
[2025-10-22T07:01:24.675050] CPU=0.134, MEM=4837376.000, LATENCY=0.000, OVERALL=1574.712
[2025-10-22T07:01:29.700974] CPU=0.134, MEM=4837376.000, LATENCY=0.001, OVERALL=1574.712
[2025-10-22T07:01:34.722131] CPU=0.134, MEM=4837376.000, LATENCY=0.001, OVERALL=1574.712
[2025-10-22T07:01:39.747977] CPU=0.134, MEM=4837376.000, LATENCY=0.001, OVERALL=1574.712
[2025-10-22T07:01:44.775280] CPU=0.134, MEM=4837376.000, LATENCY=0.000, OVERALL=1574.712
[2025-10-22T07:01:49.792132] CPU=0.134, MEM=4837376.000, LATENCY=0.001, OVERALL=1574.712
[2025-10-22T07:01:54.808892] CPU=0.134, MEM=4837376.000, LATENCY=0.000, OVERALL=1574.712
[2025-10-22T07:01:59.824933] CPU=0.134, MEM=4837376.000, LATENCY=0.000, OVERALL=1574.712
[2025-10-22T07:02:04.841991] CPU=0.134, MEM=4837376.000, LATENCY=0.001, OVERALL=1574.712
[2025-10-22T07:02:09.860034] CPU=0.134, MEM=4837376.000, LATENCY=0.001, OVERALL=1574.712
[2025-10-22T07:02:14.878488] CPU=0.134, MEM=4837376.000, LATENCY=0.001, OVERALL=1574.712
[2025-10-22T07:02:19.901909] CPU=0.134, MEM=4837376.000, LATENCY=0.000, OVERALL=1574.711
[2025-10-22T07:02:24.918390] CPU=0.134, MEM=4837376.000, LATENCY=0.001, OVERALL=1574.712
[2025-10-22T07:02:29.937413] CPU=0.134, MEM=4837376.000, LATENCY=0.001, OVERALL=1574.712
[2025-10-22T07:02:34.953243] CPU=0.134, MEM=4837376.000, LATENCY=0.000, OVERALL=1574.712
[2025-10-22T07:02:39.969165] CPU=0.134, MEM=4837376.000, LATENCY=0.000, OVERALL=1574.712
[2025-10-22T07:02:44.987076] CPU=0.134, MEM=4837376.000, LATENCY=0.000, OVERALL=1574.711
[2025-10-22T07:02:50.003021] CPU=0.134, MEM=4837376.000, LATENCY=0.000, OVERALL=1574.712
[2025-10-22T07:02:55.019053] CPU=0.134, MEM=4837376.000, LATENCY=0.001, OVERALL=1574.712
[2025-10-22T07:03:00.034803] CPU=0.134, MEM=4837376.000, LATENCY=0.000, OVERALL=1574.712
[2025-10-22T07:03:05.052155] CPU=0.134, MEM=4837376.000, LATENCY=0.001, OVERALL=1574.712
[2025-10-22T07:03:10.077983] CPU=0.134, MEM=4837376.000, LATENCY=0.000, OVERALL=1574.712
[2025-10-22T07:03:15.135140] CPU=0.134, MEM=4837376.000, LATENCY=0.002, OVERALL=1574.712
[2025-10-22T07:03:20.153730] CPU=0.134, MEM=4837376.000, LATENCY=0.000, OVERALL=1574.712
[2025-10-22T07:03:25.175980] CPU=0.134, MEM=4837376.000, LATENCY=0.000, OVERALL=1574.712
[2025-10-22T07:03:30.192586] CPU=0.134, MEM=4837376.000, LATENCY=0.001, OVERALL=1574.712
[2025-10-22T07:03:35.208245] CPU=0.134, MEM=4837376.000, LATENCY=0.001, OVERALL=1574.712
[2025-10-22T07:03:40.230696] CPU=0.134, MEM=4837376.000, LATENCY=0.000, OVERALL=1574.712
[2025-10-22T07:03:45.247852] CPU=0.134, MEM=4837376.000, LATENCY=0.000, OVERALL=1574.712
[2025-10-22T07:03:50.267852] CPU=0.134, MEM=4837376.000, LATENCY=0.001, OVERALL=1574.712
[2025-10-22T07:03:55.290642] CPU=0.134, MEM=4837376.000, LATENCY=0.000, OVERALL=1574.712
[2025-10-22T07:04:00.312894] CPU=0.134, MEM=4837376.000, LATENCY=0.000, OVERALL=1574.712
[2025-10-22T07:04:05.337386] CPU=0.134, MEM=4837376.000, LATENCY=0.000, OVERALL=1574.711
[2025-10-22T07:04:10.354442] CPU=0.134, MEM=4837376.000, LATENCY=0.000, OVERALL=1574.712
[2025-10-22T07:04:15.371120] CPU=0.134, MEM=4837376.000, LATENCY=0.001, OVERALL=1574.712
[2025-10-22T07:04:20.388515] CPU=0.134, MEM=4837376.000, LATENCY=0.001, OVERALL=1574.712
[2025-10-22T07:04:25.406844] CPU=0.134, MEM=4837376.000, LATENCY=0.001, OVERALL=1574.712
[2025-10-22T07:04:30.425810] CPU=0.134, MEM=4837376.000, LATENCY=0.000, OVERALL=1574.712
[2025-10-22T07:04:35.442864] CPU=0.134, MEM=4837376.000, LATENCY=0.001, OVERALL=1574.712
[2025-10-22T07:04:40.462646] CPU=0.134, MEM=4837376.000, LATENCY=0.001, OVERALL=1574.712
[2025-10-22T07:04:45.481801] CPU=0.134, MEM=4837376.000, LATENCY=0.000, OVERALL=1574.712
[2025-10-22T07:04:50.499011] CPU=0.134, MEM=4837376.000, LATENCY=0.001, OVERALL=1574.712
[2025-10-22T07:04:55.515969] CPU=0.134, MEM=4837376.000, LATENCY=0.001, OVERALL=1574.712
[2025-10-22T07:05:00.534599] CPU=0.134, MEM=4837376.000, LATENCY=0.000, OVERALL=1574.712
[2025-10-22T07:05:05.552194] CPU=0.134, MEM=4837376.000, LATENCY=0.000, OVERALL=1574.712
[2025-10-22T07:05:10.569356] CPU=0.134, MEM=4837376.000, LATENCY=0.001, OVERALL=1574.712
[2025-10-22T07:05:15.598738] CPU=0.134, MEM=4837376.000, LATENCY=0.001, OVERALL=1574.712
[2025-10-22T07:05:20.621959] CPU=0.134, MEM=4837376.000, LATENCY=0.001, OVERALL=1574.712
[2025-10-22T07:05:25.644694] CPU=0.134, MEM=4837376.000, LATENCY=0.001, OVERALL=1574.712
[2025-10-22T07:05:30.668397] CPU=0.134, MEM=4837376.000, LATENCY=0.000, OVERALL=1574.712
[2025-10-22T07:05:35.685998] CPU=0.134, MEM=4837376.000, LATENCY=0.000, OVERALL=1574.712
[2025-10-22T07:05:40.704708] CPU=0.134, MEM=4837376.000, LATENCY=0.001, OVERALL=1574.712
[2025-10-22T07:05:45.727914] CPU=0.134, MEM=4837376.000, LATENCY=0.001, OVERALL=1574.712
[2025-10-22T07:05:50.753105] CPU=0.134, MEM=4837376.000, LATENCY=0.001, OVERALL=1574.712
[2025-10-22T07:05:55.788374] CPU=0.134, MEM=4837376.000, LATENCY=0.001, OVERALL=1574.712
[2025-10-22T07:06:00.810810] CPU=0.134, MEM=4837376.000, LATENCY=0.000, OVERALL=1574.712
[2025-10-22T07:06:05.828037] CPU=0.134, MEM=4837376.000, LATENCY=0.001, OVERALL=1574.712
[2025-10-22T07:06:10.844660] CPU=0.134, MEM=4837376.000, LATENCY=0.001, OVERALL=1574.712
[2025-10-22T07:06:15.861230] CPU=0.134, MEM=4837376.000, LATENCY=0.001, OVERALL=1574.712
[2025-10-22T07:06:20.878426] CPU=0.134, MEM=4837376.000, LATENCY=0.000, OVERALL=1574.712
[2025-10-22T07:06:25.901267] CPU=0.134, MEM=4837376.000, LATENCY=0.001, OVERALL=1574.712
[2025-10-22T07:06:30.917768] CPU=0.134, MEM=4837376.000, LATENCY=0.001, OVERALL=1574.712
[2025-10-22T07:06:35.940691] CPU=0.134, MEM=4837376.000, LATENCY=0.000, OVERALL=1574.712
[2025-10-22T07:06:40.959352] CPU=0.134, MEM=4837376.000, LATENCY=0.000, OVERALL=1574.712
[2025-10-22T07:06:45.976301] CPU=0.134, MEM=4837376.000, LATENCY=0.001, OVERALL=1574.712
[2025-10-22T07:06:50.993643] CPU=0.134, MEM=4837376.000, LATENCY=0.001, OVERALL=1574.712
[2025-10-22T07:06:56.011284] CPU=0.134, MEM=4837376.000, LATENCY=0.003, OVERALL=1574.712
[2025-10-22T07:07:01.034606] CPU=0.134, MEM=4837376.000, LATENCY=0.001, OVERALL=1574.712
[2025-10-22T07:07:06.052851] CPU=0.134, MEM=4837376.000, LATENCY=0.001, OVERALL=1574.712
[2025-10-22T07:07:11.080689] CPU=0.134, MEM=4837376.000, LATENCY=0.001, OVERALL=1574.712
[2025-10-22T07:07:16.106494] CPU=0.134, MEM=4837376.000, LATENCY=0.000, OVERALL=1574.712
[2025-10-22T07:07:21.130945] CPU=0.134, MEM=4837376.000, LATENCY=0.001, OVERALL=1574.712
[2025-10-22T07:07:26.165851] CPU=0.134, MEM=4837376.000, LATENCY=0.001, OVERALL=1574.712
[2025-10-22T07:07:31.184655] CPU=0.134, MEM=4837376.000, LATENCY=0.000, OVERALL=1574.712
[2025-10-22T07:07:36.201247] CPU=0.134, MEM=4837376.000, LATENCY=0.001, OVERALL=1574.712
[2025-10-22T07:07:41.218414] CPU=0.134, MEM=4837376.000, LATENCY=0.000, OVERALL=1574.712
[2025-10-22T07:07:46.238404] CPU=0.134, MEM=4837376.000, LATENCY=0.001, OVERALL=1574.712
[2025-10-22T07:07:51.263110] CPU=0.134, MEM=4837376.000, LATENCY=0.001, OVERALL=1574.712
[2025-10-22T07:07:56.279377] CPU=0.134, MEM=4837376.000, LATENCY=0.000, OVERALL=1574.712
[2025-10-22T07:08:01.295575] CPU=0.134, MEM=4837376.000, LATENCY=0.000, OVERALL=1574.711
[2025-10-22T07:08:06.311129] CPU=0.134, MEM=4837376.000, LATENCY=0.001, OVERALL=1574.712
[2025-10-22T07:08:11.326970] CPU=0.134, MEM=4837376.000, LATENCY=0.000, OVERALL=1574.712
[2025-10-22T07:08:16.342965] CPU=0.134, MEM=4837376.000, LATENCY=0.000, OVERALL=1574.712
[2025-10-22T07:08:21.359450] CPU=0.134, MEM=4837376.000, LATENCY=0.000, OVERALL=1574.712
[2025-10-22T07:08:26.377047] CPU=0.134, MEM=4837376.000, LATENCY=0.001, OVERALL=1574.712
[2025-10-22T07:08:31.393137] CPU=0.134, MEM=4837376.000, LATENCY=0.000, OVERALL=1574.712
[2025-10-22T07:08:36.412675] CPU=0.134, MEM=4837376.000, LATENCY=0.000, OVERALL=1574.712
[2025-10-22T07:08:41.429297] CPU=0.134, MEM=4837376.000, LATENCY=0.001, OVERALL=1574.712
[2025-10-22T07:08:46.446248] CPU=0.134, MEM=4837376.000, LATENCY=0.000, OVERALL=1574.712
[2025-10-22T07:08:51.462305] CPU=0.134, MEM=4837376.000, LATENCY=0.000, OVERALL=1574.712
[2025-10-22T07:08:56.478157] CPU=0.134, MEM=4837376.000, LATENCY=0.000, OVERALL=1574.712
[2025-10-22T07:09:01.494262] CPU=0.134, MEM=4837376.000, LATENCY=0.000, OVERALL=1574.711
[2025-10-22T07:09:06.520843] CPU=0.134, MEM=4837376.000, LATENCY=0.001, OVERALL=1574.712
[2025-10-22T07:09:11.537465] CPU=0.134, MEM=4837376.000, LATENCY=0.000, OVERALL=1574.712
[2025-10-22T07:09:16.553309] CPU=0.134, MEM=4837376.000, LATENCY=0.000, OVERALL=1574.712
[2025-10-22T07:09:21.568710] CPU=0.134, MEM=4837376.000, LATENCY=0.000, OVERALL=1574.712
[2025-10-22T07:09:26.586541] CPU=0.134, MEM=4837376.000, LATENCY=0.001, OVERALL=1574.712
[2025-10-22T07:09:31.616663] CPU=0.134, MEM=4837376.000, LATENCY=0.001, OVERALL=1574.712
[2025-10-22T07:09:36.637360] CPU=0.134, MEM=4837376.000, LATENCY=0.001, OVERALL=1574.712
[2025-10-22T07:09:41.662456] CPU=0.134, MEM=4837376.000, LATENCY=0.001, OVERALL=1574.712
[2025-10-22T07:09:46.690752] CPU=0.134, MEM=4837376.000, LATENCY=0.001, OVERALL=1574.712
[2025-10-22T07:09:51.707135] CPU=0.134, MEM=4837376.000, LATENCY=0.001, OVERALL=1574.712
[2025-10-22T07:09:56.725236] CPU=0.134, MEM=4837376.000, LATENCY=0.001, OVERALL=1574.712
[2025-10-22T07:10:01.743895] CPU=0.134, MEM=4837376.000, LATENCY=0.000, OVERALL=1574.712
[2025-10-22T07:10:06.760409] CPU=0.134, MEM=4837376.000, LATENCY=0.000, OVERALL=1574.711
[2025-10-22T07:10:11.775831] CPU=0.134, MEM=4837376.000, LATENCY=0.001, OVERALL=1574.712
[2025-10-22T07:10:16.793796] CPU=0.134, MEM=4837376.000, LATENCY=0.001, OVERALL=1574.712
[2025-10-22T07:10:21.810283] CPU=0.134, MEM=4837376.000, LATENCY=0.001, OVERALL=1574.712
[2025-10-22T07:10:26.834655] CPU=0.134, MEM=4837376.000, LATENCY=0.000, OVERALL=1574.711
[2025-10-22T07:10:31.852772] CPU=0.134, MEM=4837376.000, LATENCY=0.000, OVERALL=1574.712
[2025-10-22T07:10:36.871869] CPU=0.134, MEM=4837376.000, LATENCY=0.000, OVERALL=1574.712
[2025-10-22T07:10:41.888145] CPU=0.134, MEM=4837376.000, LATENCY=0.000, OVERALL=1574.712
[2025-10-22T07:10:46.904046] CPU=0.134, MEM=4837376.000, LATENCY=0.000, OVERALL=1574.712
[2025-10-22T07:10:51.921081] CPU=0.134, MEM=4837376.000, LATENCY=0.001, OVERALL=1574.712
[2025-10-22T07:10:56.937048] CPU=0.134, MEM=4837376.000, LATENCY=0.003, OVERALL=1574.712
[2025-10-22T07:11:01.962789] CPU=0.134, MEM=4837376.000, LATENCY=0.000, OVERALL=1574.712
[2025-10-22T07:11:07.015108] CPU=0.134, MEM=4837376.000, LATENCY=0.000, OVERALL=1574.712
[2025-10-22T07:11:12.031559] CPU=0.134, MEM=4837376.000, LATENCY=0.000, OVERALL=1574.712
[2025-10-22T07:11:17.049798] CPU=0.134, MEM=4837376.000, LATENCY=0.000, OVERALL=1574.711
[2025-10-22T07:11:22.066661] CPU=0.134, MEM=4837376.000, LATENCY=0.000, OVERALL=1574.711
[2025-10-22T07:11:27.091515] CPU=0.134, MEM=4837376.000, LATENCY=0.001, OVERALL=1574.712
[2025-10-22T07:11:32.114030] CPU=0.134, MEM=4837376.000, LATENCY=0.001, OVERALL=1574.712
[2025-10-22T07:11:37.130836] CPU=0.134, MEM=4837376.000, LATENCY=0.001, OVERALL=1574.712
[2025-10-22T07:11:42.152808] CPU=0.134, MEM=4837376.000, LATENCY=0.001, OVERALL=1574.712
[2025-10-22T07:11:47.174285] CPU=0.134, MEM=4837376.000, LATENCY=0.001, OVERALL=1574.712
[2025-10-22T07:11:52.196483] CPU=0.134, MEM=4837376.000, LATENCY=0.001, OVERALL=1574.712
[2025-10-22T07:11:57.213670] CPU=0.134, MEM=4837376.000, LATENCY=0.000, OVERALL=1574.712
[2025-10-22T07:12:02.231315] CPU=0.134, MEM=4837376.000, LATENCY=0.001, OVERALL=1574.712
[2025-10-22T07:12:07.247610] CPU=0.134, MEM=4837376.000, LATENCY=0.000, OVERALL=1574.712
[2025-10-22T07:12:12.264894] CPU=0.134, MEM=4837376.000, LATENCY=0.001, OVERALL=1574.712
[2025-10-22T07:12:17.289148] CPU=0.134, MEM=4837376.000, LATENCY=0.000, OVERALL=1574.712
[2025-10-22T07:12:22.306010] CPU=0.134, MEM=4837376.000, LATENCY=0.000, OVERALL=1574.712
[2025-10-22T07:12:27.322674] CPU=0.134, MEM=4837376.000, LATENCY=0.000, OVERALL=1574.711
[2025-10-22T07:12:32.340599] CPU=0.134, MEM=4837376.000, LATENCY=0.000, OVERALL=1574.712
[2025-10-22T07:12:37.358727] CPU=0.134, MEM=4837376.000, LATENCY=0.000, OVERALL=1574.712
[2025-10-22T07:12:42.375245] CPU=0.134, MEM=4837376.000, LATENCY=0.000, OVERALL=1574.712
[2025-10-22T07:12:47.394000] CPU=0.134, MEM=4837376.000, LATENCY=0.000, OVERALL=1574.712
[2025-10-22T07:12:52.410962] CPU=0.134, MEM=4837376.000, LATENCY=0.001, OVERALL=1574.712
[2025-10-22T07:12:57.434135] CPU=0.134, MEM=4837376.000, LATENCY=0.001, OVERALL=1574.712
[2025-10-22T07:13:02.451102] CPU=0.134, MEM=4837376.000, LATENCY=0.000, OVERALL=1574.712
[2025-10-22T07:13:07.467213] CPU=0.134, MEM=4837376.000, LATENCY=0.000, OVERALL=1574.712
[2025-10-22T07:13:12.492251] CPU=0.134, MEM=4837376.000, LATENCY=0.000, OVERALL=1574.712
[2025-10-22T07:13:17.508338] CPU=0.134, MEM=4837376.000, LATENCY=0.001, OVERALL=1574.712
[2025-10-22T07:13:22.524361] CPU=0.134, MEM=4837376.000, LATENCY=0.000, OVERALL=1574.712
[2025-10-22T07:13:27.542042] CPU=0.134, MEM=4837376.000, LATENCY=0.000, OVERALL=1574.711
[2025-10-22T07:13:32.558717] CPU=0.134, MEM=4837376.000, LATENCY=0.001, OVERALL=1574.712
[2025-10-22T07:13:37.575494] CPU=0.134, MEM=4837376.000, LATENCY=0.000, OVERALL=1574.712
[2025-10-22T07:13:42.591768] CPU=0.134, MEM=4837376.000, LATENCY=0.000, OVERALL=1574.712
[2025-10-22T07:13:47.608607] CPU=0.134, MEM=4837376.000, LATENCY=0.000, OVERALL=1574.712
[2025-10-22T07:13:52.632417] CPU=0.134, MEM=4837376.000, LATENCY=0.000, OVERALL=1574.711
[2025-10-22T07:13:57.648543] CPU=0.134, MEM=4837376.000, LATENCY=0.001, OVERALL=1574.712
[2025-10-22T07:14:02.666424] CPU=0.134, MEM=4837376.000, LATENCY=0.000, OVERALL=1574.712
[2025-10-22T07:14:07.683930] CPU=0.134, MEM=4837376.000, LATENCY=0.001, OVERALL=1574.712
[2025-10-22T07:14:12.701149] CPU=0.134, MEM=4837376.000, LATENCY=0.000, OVERALL=1574.712
[2025-10-22T07:14:17.717608] CPU=0.134, MEM=4837376.000, LATENCY=0.000, OVERALL=1574.711
[2025-10-22T07:14:22.741031] CPU=0.134, MEM=4837376.000, LATENCY=0.001, OVERALL=1574.712
[2025-10-22T07:14:27.765039] CPU=0.134, MEM=4837376.000, LATENCY=0.001, OVERALL=1574.712
[2025-10-22T07:14:32.783898] CPU=0.134, MEM=4837376.000, LATENCY=0.000, OVERALL=1574.712
[2025-10-22T07:14:37.799626] CPU=0.134, MEM=4837376.000, LATENCY=0.001, OVERALL=1574.712
[2025-10-22T07:14:42.815737] CPU=0.134, MEM=4837376.000, LATENCY=0.000, OVERALL=1574.712
[2025-10-22T07:14:47.831971] CPU=0.134, MEM=4837376.000, LATENCY=0.000, OVERALL=1574.711
[2025-10-22T07:14:52.856058] CPU=0.134, MEM=4837376.000, LATENCY=0.000, OVERALL=1574.712
[2025-10-22T07:14:57.872740] CPU=0.134, MEM=4837376.000, LATENCY=0.000, OVERALL=1574.712
[2025-10-22T07:15:02.889134] CPU=0.134, MEM=4837376.000, LATENCY=0.000, OVERALL=1574.712
[2025-10-22T07:15:07.905595] CPU=0.134, MEM=4837376.000, LATENCY=0.000, OVERALL=1574.711
[2025-10-22T07:15:12.922909] CPU=0.134, MEM=4837376.000, LATENCY=0.001, OVERALL=1574.712
[2025-10-22T07:15:17.942659] CPU=0.134, MEM=4837376.000, LATENCY=0.000, OVERALL=1574.711
[2025-10-22T07:15:22.959444] CPU=0.134, MEM=4837376.000, LATENCY=0.000, OVERALL=1574.712
[2025-10-22T07:15:27.977004] CPU=0.134, MEM=4837376.000, LATENCY=0.001, OVERALL=1574.712
[2025-10-22T07:15:33.001345] CPU=0.134, MEM=4837376.000, LATENCY=0.000, OVERALL=1574.711
[2025-10-22T07:15:38.020334] CPU=0.134, MEM=4837376.000, LATENCY=0.001, OVERALL=1574.712
[2025-10-22T07:15:43.039016] CPU=0.134, MEM=4837376.000, LATENCY=0.001, OVERALL=1574.712
[2025-10-22T07:15:48.062722] CPU=0.134, MEM=4837376.000, LATENCY=0.000, OVERALL=1574.712
[2025-10-22T07:15:53.078868] CPU=0.134, MEM=4837376.000, LATENCY=0.000, OVERALL=1574.712
[2025-10-22T07:15:58.095853] CPU=0.134, MEM=4837376.000, LATENCY=0.000, OVERALL=1574.712
[2025-10-22T07:16:03.113082] CPU=0.134, MEM=4837376.000, LATENCY=0.000, OVERALL=1574.712
[2025-10-22T07:16:08.130220] CPU=0.134, MEM=4837376.000, LATENCY=0.000, OVERALL=1574.712
[2025-10-22T07:16:13.146673] CPU=0.134, MEM=4837376.000, LATENCY=0.000, OVERALL=1574.712
[2025-10-22T07:16:18.163275] CPU=0.134, MEM=4837376.000, LATENCY=0.000, OVERALL=1574.711
[2025-10-22T07:16:23.179720] CPU=0.134, MEM=4837376.000, LATENCY=0.001, OVERALL=1574.712
[2025-10-22T07:16:28.209635] CPU=0.134, MEM=4837376.000, LATENCY=0.001, OVERALL=1574.712
[2025-10-22T07:16:33.233415] CPU=0.134, MEM=4837376.000, LATENCY=0.001, OVERALL=1574.712
[2025-10-22T07:16:38.251653] CPU=0.134, MEM=4837376.000, LATENCY=0.001, OVERALL=1574.712
[2025-10-22T07:16:43.285364] CPU=0.134, MEM=4837376.000, LATENCY=0.001, OVERALL=1574.712
[2025-10-22T07:16:48.307579] CPU=0.134, MEM=4837376.000, LATENCY=0.001, OVERALL=1574.712
[2025-10-22T07:16:53.330576] CPU=0.134, MEM=4837376.000, LATENCY=0.001, OVERALL=1574.712
[2025-10-22T07:16:58.356282] CPU=0.134, MEM=4837376.000, LATENCY=0.001, OVERALL=1574.712
[2025-10-22T07:17:03.373486] CPU=0.134, MEM=4837376.000, LATENCY=0.001, OVERALL=1574.712
[2025-10-22T07:17:08.397243] CPU=0.134, MEM=4837376.000, LATENCY=0.000, OVERALL=1574.712
[2025-10-22T07:17:13.414188] CPU=0.134, MEM=4837376.000, LATENCY=0.000, OVERALL=1574.712
[2025-10-22T07:17:18.429683] CPU=0.134, MEM=4837376.000, LATENCY=0.000, OVERALL=1574.712
[2025-10-22T07:17:23.451973] CPU=0.134, MEM=4837376.000, LATENCY=0.001, OVERALL=1574.712
[2025-10-22T07:17:28.468396] CPU=0.134, MEM=4837376.000, LATENCY=0.001, OVERALL=1574.712
[2025-10-22T07:17:33.487605] CPU=0.134, MEM=4837376.000, LATENCY=0.000, OVERALL=1574.712
[2025-10-22T07:17:38.503248] CPU=0.134, MEM=4837376.000, LATENCY=0.000, OVERALL=1574.711
[2025-10-22T07:17:43.519978] CPU=0.134, MEM=4837376.000, LATENCY=0.000, OVERALL=1574.712
[2025-10-22T07:17:48.544078] CPU=0.134, MEM=4837376.000, LATENCY=0.000, OVERALL=1574.712
[2025-10-22T07:17:53.560452] CPU=0.134, MEM=4837376.000, LATENCY=0.001, OVERALL=1574.712
[2025-10-22T07:17:58.577376] CPU=0.134, MEM=4837376.000, LATENCY=0.000, OVERALL=1574.711
[2025-10-22T07:18:03.594655] CPU=0.134, MEM=4837376.000, LATENCY=0.000, OVERALL=1574.712
[2025-10-22T07:18:08.612516] CPU=0.134, MEM=4837376.000, LATENCY=0.000, OVERALL=1574.711
[2025-10-22T07:18:13.631031] CPU=0.134, MEM=4837376.000, LATENCY=0.001, OVERALL=1574.712
[2025-10-22T07:18:18.648866] CPU=0.134, MEM=4837376.000, LATENCY=0.001, OVERALL=1574.712
[2025-10-22T07:18:23.675673] CPU=0.134, MEM=4837376.000, LATENCY=0.001, OVERALL=1574.712
[2025-10-22T07:18:28.691703] CPU=0.134, MEM=4837376.000, LATENCY=0.000, OVERALL=1574.712
[2025-10-22T07:18:33.709010] CPU=0.134, MEM=4837376.000, LATENCY=0.001, OVERALL=1574.712
[2025-10-22T07:18:38.726020] CPU=0.134, MEM=4837376.000, LATENCY=0.001, OVERALL=1574.712
[2025-10-22T07:18:43.743586] CPU=0.134, MEM=4837376.000, LATENCY=0.001, OVERALL=1574.712
[2025-10-22T07:18:48.767852] CPU=0.134, MEM=4837376.000, LATENCY=0.000, OVERALL=1574.712
[2025-10-22T07:18:53.784876] CPU=0.134, MEM=4837376.000, LATENCY=0.000, OVERALL=1574.712
[2025-10-22T07:18:58.802955] CPU=0.134, MEM=4837376.000, LATENCY=0.000, OVERALL=1574.711
[2025-10-22T07:19:03.819782] CPU=0.134, MEM=4837376.000, LATENCY=0.000, OVERALL=1574.712
[2025-10-22T07:19:08.837244] CPU=0.134, MEM=4837376.000, LATENCY=0.001, OVERALL=1574.712
[2025-10-22T07:19:13.862438] CPU=0.134, MEM=4837376.000, LATENCY=0.001, OVERALL=1574.712
[2025-10-22T07:19:18.883248] CPU=0.134, MEM=4837376.000, LATENCY=0.001, OVERALL=1574.712
[2025-10-22T07:19:23.904844] CPU=0.134, MEM=4837376.000, LATENCY=0.001, OVERALL=1574.712
[2025-10-22T07:19:28.929949] CPU=0.134, MEM=4837376.000, LATENCY=0.001, OVERALL=1574.712
[2025-10-22T07:19:33.953371] CPU=0.134, MEM=4837376.000, LATENCY=0.001, OVERALL=1574.712
[2025-10-22T07:19:38.979556] CPU=0.134, MEM=4837376.000, LATENCY=0.001, OVERALL=1574.712
[2025-10-22T07:19:43.996988] CPU=0.134, MEM=4837376.000, LATENCY=0.001, OVERALL=1574.712
[2025-10-22T07:19:49.012642] CPU=0.134, MEM=4837376.000, LATENCY=0.000, OVERALL=1574.712
[2025-10-22T07:19:54.030066] CPU=0.134, MEM=4837376.000, LATENCY=0.001, OVERALL=1574.712
[2025-10-22T07:19:59.047888] CPU=0.134, MEM=4837376.000, LATENCY=0.000, OVERALL=1574.712
[2025-10-22T07:20:04.072405] CPU=0.134, MEM=4837376.000, LATENCY=0.000, OVERALL=1574.712
[2025-10-22T07:20:09.088293] CPU=0.134, MEM=4837376.000, LATENCY=0.001, OVERALL=1574.712
[2025-10-22T07:20:14.105197] CPU=0.134, MEM=4837376.000, LATENCY=0.000, OVERALL=1574.711
[2025-10-22T07:20:19.122569] CPU=0.134, MEM=4837376.000, LATENCY=0.000, OVERALL=1574.712
[2025-10-22T07:20:24.138819] CPU=0.134, MEM=4837376.000, LATENCY=0.001, OVERALL=1574.712
[2025-10-22T07:20:29.163474] CPU=0.134, MEM=4837376.000, LATENCY=0.001, OVERALL=1574.712
[2025-10-22T07:20:34.183925] CPU=0.134, MEM=4837376.000, LATENCY=0.000, OVERALL=1574.711
[2025-10-22T07:20:39.202276] CPU=0.134, MEM=4837376.000, LATENCY=0.000, OVERALL=1574.712
[2025-10-22T07:20:44.219195] CPU=0.134, MEM=4837376.000, LATENCY=0.000, OVERALL=1574.712
[2025-10-22T07:20:49.236359] CPU=0.134, MEM=4837376.000, LATENCY=0.000, OVERALL=1574.712
[2025-10-22T07:20:54.261403] CPU=0.134, MEM=4837376.000, LATENCY=0.000, OVERALL=1574.712
[2025-10-22T07:20:59.279091] CPU=0.134, MEM=4837376.000, LATENCY=0.000, OVERALL=1574.712
[2025-10-22T07:21:04.301960] CPU=0.134, MEM=4837376.000, LATENCY=0.001, OVERALL=1574.712
[2025-10-22T07:21:09.319076] CPU=0.134, MEM=4837376.000, LATENCY=0.000, OVERALL=1574.712
[2025-10-22T07:21:14.338149] CPU=0.134, MEM=4837376.000, LATENCY=0.000, OVERALL=1574.711
[2025-10-22T07:21:19.360981] CPU=0.134, MEM=4837376.000, LATENCY=0.000, OVERALL=1574.712
[2025-10-22T07:21:24.377920] CPU=0.134, MEM=4837376.000, LATENCY=0.002, OVERALL=1574.712
[2025-10-22T07:21:29.396576] CPU=0.134, MEM=4837376.000, LATENCY=0.001, OVERALL=1574.712
[2025-10-22T07:21:34.421458] CPU=0.134, MEM=4837376.000, LATENCY=0.000, OVERALL=1574.711
[2025-10-22T07:21:39.438741] CPU=0.134, MEM=4837376.000, LATENCY=0.000, OVERALL=1574.712
[2025-10-22T07:21:44.455420] CPU=0.134, MEM=4837376.000, LATENCY=0.001, OVERALL=1574.712
[2025-10-22T07:21:49.478500] CPU=0.134, MEM=4837376.000, LATENCY=0.001, OVERALL=1574.712
[2025-10-22T07:21:54.499744] CPU=0.134, MEM=4837376.000, LATENCY=0.001, OVERALL=1574.712
[2025-10-22T07:21:59.523080] CPU=0.134, MEM=4837376.000, LATENCY=0.000, OVERALL=1574.712
[2025-10-22T07:22:04.540682] CPU=0.134, MEM=4837376.000, LATENCY=0.001, OVERALL=1574.712
[2025-10-22T07:22:09.564964] CPU=0.134, MEM=4837376.000, LATENCY=0.000, OVERALL=1574.712
[2025-10-22T07:22:14.581587] CPU=0.134, MEM=4837376.000, LATENCY=0.000, OVERALL=1574.711
[2025-10-22T07:22:19.598051] CPU=0.134, MEM=4837376.000, LATENCY=0.001, OVERALL=1574.712
[2025-10-22T07:22:24.615518] CPU=0.134, MEM=4837376.000, LATENCY=0.000, OVERALL=1574.712
[2025-10-22T07:22:29.632851] CPU=0.134, MEM=4837376.000, LATENCY=0.000, OVERALL=1574.712
[2025-10-22T07:22:34.649647] CPU=0.134, MEM=4837376.000, LATENCY=0.000, OVERALL=1574.712
[2025-10-22T07:22:39.665909] CPU=0.134, MEM=4837376.000, LATENCY=0.001, OVERALL=1574.712
[2025-10-22T07:22:44.689448] CPU=0.134, MEM=4837376.000, LATENCY=0.000, OVERALL=1574.712
[2025-10-22T07:22:49.705249] CPU=0.134, MEM=4837376.000, LATENCY=0.001, OVERALL=1574.712
[2025-10-22T07:24:25.038691] CPU=0.134, MEM=4837376.000, LATENCY=0.001, OVERALL=1574.712
[2025-10-22T07:24:30.060294] CPU=0.134, MEM=4837376.000, LATENCY=0.001, OVERALL=1574.712
[2025-10-22T07:24:35.107170] CPU=0.134, MEM=4837376.000, LATENCY=0.000, OVERALL=1574.712
[2025-10-22T07:24:40.124208] CPU=0.134, MEM=4837376.000, LATENCY=0.001, OVERALL=1574.712
[2025-10-22T07:24:45.145314] CPU=0.134, MEM=4837376.000, LATENCY=0.001, OVERALL=1574.712
[2025-10-22T07:24:50.192597] CPU=0.134, MEM=4837376.000, LATENCY=0.001, OVERALL=1574.712
[2025-10-22T07:24:55.221497] CPU=0.134, MEM=4837376.000, LATENCY=0.001, OVERALL=1574.712
[2025-10-22T07:25:00.252616] CPU=0.134, MEM=4837376.000, LATENCY=0.001, OVERALL=1574.712
[2025-10-22T07:25:05.276930] CPU=0.134, MEM=4837376.000, LATENCY=0.001, OVERALL=1574.712
[2025-10-22T07:25:10.294401] CPU=0.137, MEM=6377472.000, LATENCY=0.001, OVERALL=2076.046
[2025-10-22T07:25:15.324312] CPU=0.137, MEM=6377472.000, LATENCY=0.001, OVERALL=2076.046
[2025-10-22T07:25:20.349269] CPU=0.137, MEM=6377472.000, LATENCY=0.001, OVERALL=2076.046
[2025-10-22T07:25:25.370009] CPU=0.137, MEM=6377472.000, LATENCY=0.001, OVERALL=2076.046
[2025-10-22T07:25:30.399949] CPU=0.137, MEM=6377472.000, LATENCY=0.001, OVERALL=2076.046
[2025-10-22T07:25:35.424519] CPU=0.137, MEM=6377472.000, LATENCY=0.001, OVERALL=2076.046
[2025-10-22T07:25:40.444327] CPU=0.137, MEM=6377472.000, LATENCY=0.001, OVERALL=2076.046
[2025-10-22T07:25:45.463810] CPU=0.137, MEM=6377472.000, LATENCY=0.001, OVERALL=2076.046
[2025-10-22T07:25:50.492962] CPU=0.137, MEM=6377472.000, LATENCY=0.001, OVERALL=2076.046
[2025-10-22T07:25:55.520860] CPU=0.137, MEM=6377472.000, LATENCY=0.001, OVERALL=2076.046
[2025-10-22T07:26:00.541823] CPU=0.137, MEM=6377472.000, LATENCY=0.001, OVERALL=2076.046
[2025-10-22T07:26:05.565289] CPU=0.137, MEM=6377472.000, LATENCY=0.001, OVERALL=2076.046
[2025-10-22T07:26:10.586186] CPU=0.137, MEM=6377472.000, LATENCY=0.001, OVERALL=2076.046
[2025-10-22T07:26:15.607540] CPU=0.137, MEM=6377472.000, LATENCY=0.001, OVERALL=2076.046
[2025-10-22T07:26:20.639100] CPU=0.137, MEM=6377472.000, LATENCY=0.001, OVERALL=2076.046
[2025-10-22T07:26:25.662824] CPU=0.137, MEM=6377472.000, LATENCY=0.001, OVERALL=2076.046
[2025-10-22T07:26:30.699109] CPU=0.137, MEM=6377472.000, LATENCY=0.001, OVERALL=2076.046
[2025-10-22T07:26:35.718553] CPU=0.137, MEM=6377472.000, LATENCY=0.001, OVERALL=2076.046
[2025-10-22T07:26:40.740106] CPU=0.137, MEM=6377472.000, LATENCY=0.001, OVERALL=2076.046
[2025-10-22T07:26:45.768895] CPU=0.137, MEM=6377472.000, LATENCY=0.001, OVERALL=2076.046
[2025-10-22T07:26:50.789479] CPU=0.137, MEM=6377472.000, LATENCY=0.001, OVERALL=2076.046
[2025-10-22T07:26:55.809546] CPU=0.137, MEM=6377472.000, LATENCY=0.001, OVERALL=2076.046
[2025-10-22T07:27:00.830923] CPU=0.137, MEM=6377472.000, LATENCY=0.001, OVERALL=2076.046
[2025-10-22T07:27:05.873101] CPU=0.137, MEM=6377472.000, LATENCY=0.001, OVERALL=2076.046
[2025-10-22T07:27:10.898973] CPU=0.137, MEM=6377472.000, LATENCY=0.001, OVERALL=2076.046
[2025-10-22T07:27:15.915758] CPU=0.137, MEM=6377472.000, LATENCY=0.000, OVERALL=2076.046
[2025-10-22T07:27:20.932662] CPU=0.137, MEM=6377472.000, LATENCY=0.000, OVERALL=2076.046
[2025-10-22T07:27:25.955205] CPU=0.137, MEM=6377472.000, LATENCY=0.001, OVERALL=2076.046
[2025-10-22T07:27:30.990738] CPU=0.137, MEM=6377472.000, LATENCY=0.001, OVERALL=2076.046
[2025-10-22T07:27:36.011755] CPU=0.137, MEM=6377472.000, LATENCY=0.000, OVERALL=2076.046
[2025-10-22T07:27:41.031614] CPU=0.137, MEM=6377472.000, LATENCY=0.001, OVERALL=2076.046
[2025-10-22T07:27:46.052089] CPU=0.137, MEM=6377472.000, LATENCY=0.001, OVERALL=2076.046
[2025-10-22T07:27:51.071844] CPU=0.137, MEM=6377472.000, LATENCY=0.001, OVERALL=2076.046
[2025-10-22T07:27:56.096568] CPU=0.137, MEM=6377472.000, LATENCY=0.001, OVERALL=2076.046
[2025-10-22T07:28:01.124922] CPU=0.137, MEM=6377472.000, LATENCY=0.001, OVERALL=2076.046
[2025-10-22T07:28:06.148463] CPU=0.137, MEM=6377472.000, LATENCY=0.001, OVERALL=2076.046
[2025-10-22T07:28:11.177337] CPU=0.137, MEM=6377472.000, LATENCY=0.001, OVERALL=2076.046
[2025-10-22T07:28:16.198893] CPU=0.137, MEM=6377472.000, LATENCY=0.005, OVERALL=2076.047
[2025-10-22T07:28:21.236321] CPU=0.137, MEM=6377472.000, LATENCY=0.001, OVERALL=2076.046
[2025-10-22T07:28:26.256994] CPU=0.137, MEM=6377472.000, LATENCY=0.001, OVERALL=2076.046
[2025-10-22T07:28:31.277738] CPU=0.137, MEM=6377472.000, LATENCY=0.001, OVERALL=2076.046
[2025-10-22T07:28:36.308847] CPU=0.137, MEM=6377472.000, LATENCY=0.001, OVERALL=2076.046
[2025-10-22T07:28:41.328572] CPU=0.137, MEM=6377472.000, LATENCY=0.001, OVERALL=2076.046
[2025-10-22T07:28:46.360471] CPU=0.137, MEM=6377472.000, LATENCY=0.001, OVERALL=2076.046
[2025-10-22T07:28:51.384582] CPU=0.137, MEM=6377472.000, LATENCY=0.001, OVERALL=2076.046
[2025-10-22T07:28:56.407052] CPU=0.137, MEM=6377472.000, LATENCY=0.001, OVERALL=2076.046
[2025-10-22T07:29:01.430733] CPU=0.137, MEM=6377472.000, LATENCY=0.001, OVERALL=2076.046
[2025-10-22T07:29:06.458163] CPU=0.137, MEM=6377472.000, LATENCY=0.001, OVERALL=2076.046
[2025-10-22T07:29:11.487850] CPU=0.137, MEM=6377472.000, LATENCY=0.001, OVERALL=2076.046
[2025-10-22T07:29:16.505906] CPU=0.137, MEM=6377472.000, LATENCY=0.001, OVERALL=2076.046
[2025-10-22T07:29:21.528065] CPU=0.137, MEM=6377472.000, LATENCY=0.000, OVERALL=2076.046
[2025-10-22T07:29:26.547073] CPU=0.137, MEM=6377472.000, LATENCY=0.001, OVERALL=2076.046
[2025-10-22T07:29:31.577699] CPU=0.137, MEM=6377472.000, LATENCY=0.001, OVERALL=2076.046
[2025-10-22T07:29:36.610400] CPU=0.137, MEM=6377472.000, LATENCY=0.001, OVERALL=2076.046
[2025-10-22T07:29:41.629492] CPU=0.137, MEM=6377472.000, LATENCY=0.001, OVERALL=2076.046
[2025-10-22T07:29:46.662283] CPU=0.137, MEM=6377472.000, LATENCY=0.001, OVERALL=2076.046
[2025-10-22T07:29:51.726021] CPU=0.137, MEM=6377472.000, LATENCY=0.002, OVERALL=2076.046
[2025-10-22T07:29:56.753490] CPU=0.137, MEM=6377472.000, LATENCY=0.000, OVERALL=2076.046
[2025-10-22T07:30:01.780209] CPU=0.137, MEM=6377472.000, LATENCY=0.001, OVERALL=2076.046
[2025-10-22T07:30:06.800486] CPU=0.137, MEM=6377472.000, LATENCY=0.001, OVERALL=2076.046
[2025-10-22T07:30:11.819833] CPU=0.137, MEM=6377472.000, LATENCY=0.000, OVERALL=2076.046
[2025-10-22T07:30:16.844866] CPU=0.137, MEM=6377472.000, LATENCY=0.000, OVERALL=2076.046
[2025-10-22T07:30:21.861154] CPU=0.137, MEM=6377472.000, LATENCY=0.001, OVERALL=2076.046
[2025-10-22T07:30:26.877611] CPU=0.137, MEM=6377472.000, LATENCY=0.000, OVERALL=2076.046
[2025-10-22T07:30:31.893111] CPU=0.137, MEM=6377472.000, LATENCY=0.000, OVERALL=2076.046
[2025-10-22T07:30:36.909344] CPU=0.137, MEM=6377472.000, LATENCY=0.000, OVERALL=2076.046
[2025-10-22T07:30:41.925580] CPU=0.137, MEM=6377472.000, LATENCY=0.000, OVERALL=2076.046
[2025-10-22T07:30:46.942033] CPU=0.137, MEM=6377472.000, LATENCY=0.000, OVERALL=2076.046
[2025-10-22T07:30:51.959071] CPU=0.137, MEM=6377472.000, LATENCY=0.000, OVERALL=2076.046
[2025-10-22T07:30:56.975559] CPU=0.137, MEM=6377472.000, LATENCY=0.001, OVERALL=2076.046
[2025-10-22T07:31:01.993373] CPU=0.137, MEM=6377472.000, LATENCY=0.001, OVERALL=2076.046
[2025-10-22T07:31:07.024939] CPU=0.137, MEM=6377472.000, LATENCY=0.001, OVERALL=2076.046
[2025-10-22T07:31:12.042932] CPU=0.137, MEM=6377472.000, LATENCY=0.000, OVERALL=2076.046
[2025-10-22T07:31:17.074602] CPU=0.137, MEM=6377472.000, LATENCY=0.001, OVERALL=2076.046
[2025-10-22T07:31:22.095773] CPU=0.137, MEM=6377472.000, LATENCY=0.000, OVERALL=2076.046
[2025-10-22T07:31:27.119941] CPU=0.137, MEM=6377472.000, LATENCY=0.001, OVERALL=2076.046
[2025-10-22T07:31:32.144713] CPU=0.137, MEM=6377472.000, LATENCY=0.001, OVERALL=2076.046
[2025-10-22T07:31:37.161568] CPU=0.137, MEM=6377472.000, LATENCY=0.000, OVERALL=2076.046
[2025-10-22T07:31:42.177240] CPU=0.137, MEM=6377472.000, LATENCY=0.001, OVERALL=2076.046
[2025-10-22T07:31:47.193333] CPU=0.137, MEM=6377472.000, LATENCY=0.000, OVERALL=2076.046
[2025-10-22T07:31:52.211100] CPU=0.137, MEM=6377472.000, LATENCY=0.000, OVERALL=2076.046
[2025-10-22T07:31:57.228992] CPU=0.137, MEM=6377472.000, LATENCY=0.000, OVERALL=2076.046
[2025-10-22T07:32:02.244639] CPU=0.137, MEM=6377472.000, LATENCY=0.000, OVERALL=2076.046
[2025-10-22T07:32:07.263203] CPU=0.137, MEM=6377472.000, LATENCY=0.001, OVERALL=2076.046
[2025-10-22T07:32:12.281085] CPU=0.137, MEM=6377472.000, LATENCY=0.000, OVERALL=2076.046
[2025-10-22T07:32:17.304197] CPU=0.137, MEM=6377472.000, LATENCY=0.001, OVERALL=2076.046
[2025-10-22T07:32:22.324598] CPU=0.137, MEM=6377472.000, LATENCY=0.000, OVERALL=2076.046
[2025-10-22T07:32:27.341624] CPU=0.137, MEM=6377472.000, LATENCY=0.000, OVERALL=2076.046
[2025-10-22T07:32:32.360554] CPU=0.137, MEM=6377472.000, LATENCY=0.000, OVERALL=2076.046
[2025-10-22T07:32:37.384657] CPU=0.137, MEM=6377472.000, LATENCY=0.001, OVERALL=2076.046
[2025-10-22T07:32:42.401647] CPU=0.137, MEM=6377472.000, LATENCY=0.000, OVERALL=2076.046
[2025-10-22T07:32:47.417135] CPU=0.137, MEM=6377472.000, LATENCY=0.000, OVERALL=2076.046
[2025-10-22T07:32:52.441047] CPU=0.137, MEM=6377472.000, LATENCY=0.000, OVERALL=2076.046
[2025-10-22T07:32:57.458199] CPU=0.137, MEM=6377472.000, LATENCY=0.001, OVERALL=2076.046
[2025-10-22T07:33:02.476658] CPU=0.137, MEM=6377472.000, LATENCY=0.001, OVERALL=2076.046
[2025-10-22T07:33:07.497609] CPU=0.137, MEM=6377472.000, LATENCY=0.000, OVERALL=2076.046
[2025-10-22T07:33:12.514148] CPU=0.137, MEM=6377472.000, LATENCY=0.001, OVERALL=2076.046
[2025-10-22T07:33:17.537017] CPU=0.137, MEM=6377472.000, LATENCY=0.000, OVERALL=2076.046
[2025-10-22T07:33:22.553708] CPU=0.137, MEM=6377472.000, LATENCY=0.001, OVERALL=2076.046
[2025-10-22T07:33:27.570310] CPU=0.137, MEM=6377472.000, LATENCY=0.000, OVERALL=2076.046
[2025-10-22T07:33:32.586600] CPU=0.137, MEM=6377472.000, LATENCY=0.001, OVERALL=2076.046
[2025-10-22T07:33:37.604782] CPU=0.137, MEM=6377472.000, LATENCY=0.001, OVERALL=2076.046
[2025-10-22T07:33:42.627747] CPU=0.137, MEM=6377472.000, LATENCY=0.001, OVERALL=2076.046
[2025-10-22T07:33:47.650904] CPU=0.137, MEM=6377472.000, LATENCY=0.001, OVERALL=2076.046
[2025-10-22T07:33:52.671606] CPU=0.137, MEM=6377472.000, LATENCY=0.001, OVERALL=2076.046
[2025-10-22T07:33:57.705626] CPU=0.137, MEM=6377472.000, LATENCY=0.000, OVERALL=2076.046
[2025-10-22T07:34:02.721931] CPU=0.137, MEM=6377472.000, LATENCY=0.001, OVERALL=2076.046
[2025-10-22T07:34:07.744405] CPU=0.137, MEM=6377472.000, LATENCY=0.001, OVERALL=2076.046
[2025-10-22T07:34:12.763690] CPU=0.137, MEM=6377472.000, LATENCY=0.001, OVERALL=2076.046
[2025-10-22T07:34:17.781028] CPU=0.137, MEM=6377472.000, LATENCY=0.000, OVERALL=2076.046
[2025-10-22T07:34:22.801653] CPU=0.137, MEM=6377472.000, LATENCY=0.000, OVERALL=2076.046
[2025-10-22T07:34:27.820558] CPU=0.137, MEM=6377472.000, LATENCY=0.001, OVERALL=2076.046
[2025-10-22T07:34:32.839584] CPU=0.137, MEM=6377472.000, LATENCY=0.000, OVERALL=2076.046
[2025-10-22T07:34:37.856087] CPU=0.137, MEM=6377472.000, LATENCY=0.001, OVERALL=2076.046
[2025-10-22T07:34:42.880311] CPU=0.137, MEM=6377472.000, LATENCY=0.001, OVERALL=2076.046
[2025-10-22T07:34:47.896501] CPU=0.137, MEM=6377472.000, LATENCY=0.000, OVERALL=2076.046
[2025-10-22T07:34:52.914095] CPU=0.137, MEM=6377472.000, LATENCY=0.001, OVERALL=2076.046
[2025-10-22T07:34:57.937050] CPU=0.137, MEM=6377472.000, LATENCY=0.002, OVERALL=2076.046
[2025-10-22T07:35:02.959008] CPU=0.137, MEM=6377472.000, LATENCY=0.000, OVERALL=2076.046
[2025-10-22T07:35:07.982102] CPU=0.137, MEM=6377472.000, LATENCY=0.001, OVERALL=2076.046
[2025-10-22T07:35:12.998217] CPU=0.137, MEM=6377472.000, LATENCY=0.000, OVERALL=2076.046
[2025-10-22T07:35:18.019267] CPU=0.137, MEM=6377472.000, LATENCY=0.001, OVERALL=2076.046
[2025-10-22T07:35:23.046555] CPU=0.137, MEM=6377472.000, LATENCY=0.001, OVERALL=2076.046
[2025-10-22T07:35:28.080376] CPU=0.137, MEM=6377472.000, LATENCY=0.001, OVERALL=2076.046
[2025-10-22T07:35:33.104100] CPU=0.137, MEM=6377472.000, LATENCY=0.000, OVERALL=2076.046
[2025-10-22T07:35:38.119848] CPU=0.137, MEM=6377472.000, LATENCY=0.001, OVERALL=2076.046
[2025-10-22T07:35:43.136421] CPU=0.137, MEM=6377472.000, LATENCY=0.000, OVERALL=2076.046
[2025-10-22T07:35:48.153388] CPU=0.137, MEM=6377472.000, LATENCY=0.001, OVERALL=2076.046
[2025-10-22T07:35:53.169882] CPU=0.137, MEM=6377472.000, LATENCY=0.000, OVERALL=2076.046
[2025-10-22T07:35:58.187820] CPU=0.137, MEM=6377472.000, LATENCY=0.000, OVERALL=2076.046
[2025-10-22T07:36:03.205737] CPU=0.137, MEM=6377472.000, LATENCY=0.000, OVERALL=2076.046
[2025-10-22T07:36:08.224212] CPU=0.137, MEM=6377472.000, LATENCY=0.000, OVERALL=2076.046
[2025-10-22T07:36:13.241899] CPU=0.137, MEM=6377472.000, LATENCY=0.000, OVERALL=2076.046
[2025-10-22T07:36:18.268130] CPU=0.137, MEM=6377472.000, LATENCY=0.000, OVERALL=2076.046
[2025-10-22T07:36:23.285071] CPU=0.137, MEM=6377472.000, LATENCY=0.000, OVERALL=2076.046
[2025-10-22T07:36:28.301452] CPU=0.137, MEM=6377472.000, LATENCY=0.000, OVERALL=2076.046
[2025-10-22T07:36:33.324877] CPU=0.137, MEM=6377472.000, LATENCY=0.001, OVERALL=2076.046
[2025-10-22T07:36:38.343009] CPU=0.137, MEM=6377472.000, LATENCY=0.001, OVERALL=2076.046
[2025-10-22T07:36:43.360146] CPU=0.137, MEM=6377472.000, LATENCY=0.000, OVERALL=2076.046
[2025-10-22T07:36:48.377036] CPU=0.137, MEM=6377472.000, LATENCY=0.000, OVERALL=2076.046
[2025-10-22T07:36:53.395378] CPU=0.137, MEM=6377472.000, LATENCY=0.001, OVERALL=2076.046
[2025-10-22T07:36:58.420563] CPU=0.137, MEM=6377472.000, LATENCY=0.001, OVERALL=2076.046
[2025-10-22T07:37:03.450251] CPU=0.137, MEM=6377472.000, LATENCY=0.001, OVERALL=2076.046
[2025-10-22T07:37:08.484415] CPU=0.137, MEM=6377472.000, LATENCY=0.001, OVERALL=2076.046
[2025-10-22T07:37:13.501457] CPU=0.137, MEM=6377472.000, LATENCY=0.000, OVERALL=2076.046
[2025-10-22T07:37:18.525111] CPU=0.137, MEM=6377472.000, LATENCY=0.001, OVERALL=2076.046
[2025-10-22T07:37:23.541366] CPU=0.137, MEM=6377472.000, LATENCY=0.000, OVERALL=2076.046
[2025-10-22T07:37:28.559599] CPU=0.137, MEM=6377472.000, LATENCY=0.000, OVERALL=2076.046
[2025-10-22T07:37:33.575756] CPU=0.137, MEM=6377472.000, LATENCY=0.001, OVERALL=2076.046
[2025-10-22T07:37:38.593269] CPU=0.137, MEM=6377472.000, LATENCY=0.001, OVERALL=2076.046
[2025-10-22T07:37:43.628311] CPU=0.137, MEM=6377472.000, LATENCY=0.001, OVERALL=2076.046
[2025-10-22T07:37:48.646042] CPU=0.137, MEM=6377472.000, LATENCY=0.000, OVERALL=2076.046
[2025-10-22T07:37:53.664406] CPU=0.137, MEM=6377472.000, LATENCY=0.001, OVERALL=2076.046
[2025-10-22T07:37:58.696731] CPU=0.137, MEM=6377472.000, LATENCY=0.001, OVERALL=2076.046
[2025-10-22T07:38:03.719015] CPU=0.137, MEM=6377472.000, LATENCY=0.001, OVERALL=2076.046
[2025-10-22T07:38:08.747972] CPU=0.137, MEM=6377472.000, LATENCY=0.001, OVERALL=2076.046
[2025-10-22T07:38:13.770293] CPU=0.137, MEM=6377472.000, LATENCY=0.001, OVERALL=2076.046
[2025-10-22T07:38:18.793459] CPU=0.137, MEM=6377472.000, LATENCY=0.001, OVERALL=2076.046
[2025-10-22T07:38:23.824110] CPU=0.137, MEM=6377472.000, LATENCY=0.001, OVERALL=2076.046
[2025-10-22T07:38:28.847170] CPU=0.137, MEM=6377472.000, LATENCY=0.001, OVERALL=2076.046
[2025-10-22T07:38:33.877276] CPU=0.137, MEM=6377472.000, LATENCY=0.001, OVERALL=2076.046
[2025-10-22T07:38:38.897028] CPU=0.137, MEM=6377472.000, LATENCY=0.001, OVERALL=2076.046
[2025-10-22T07:38:43.914864] CPU=0.137, MEM=6377472.000, LATENCY=0.000, OVERALL=2076.046
[2025-10-22T07:38:48.932767] CPU=0.137, MEM=6377472.000, LATENCY=0.000, OVERALL=2076.046
[2025-10-22T07:38:53.948658] CPU=0.137, MEM=6377472.000, LATENCY=0.001, OVERALL=2076.046
[2025-10-22T07:38:58.974279] CPU=0.137, MEM=6377472.000, LATENCY=0.002, OVERALL=2076.046
[2025-10-22T07:39:03.996179] CPU=0.137, MEM=6377472.000, LATENCY=0.001, OVERALL=2076.046
[2025-10-22T07:39:09.032840] CPU=0.137, MEM=6377472.000, LATENCY=0.001, OVERALL=2076.046
[2025-10-22T07:39:14.063989] CPU=0.137, MEM=6377472.000, LATENCY=0.001, OVERALL=2076.046
[2025-10-22T07:39:19.086690] CPU=0.137, MEM=6377472.000, LATENCY=0.001, OVERALL=2076.046
[2025-10-22T07:39:24.108109] CPU=0.137, MEM=6377472.000, LATENCY=0.001, OVERALL=2076.046
[2025-10-22T07:39:29.130067] CPU=0.137, MEM=6377472.000, LATENCY=0.001, OVERALL=2076.046
[2025-10-22T07:39:34.163697] CPU=0.137, MEM=6377472.000, LATENCY=0.001, OVERALL=2076.046
[2025-10-22T07:39:39.194205] CPU=0.137, MEM=6377472.000, LATENCY=0.001, OVERALL=2076.046
[2025-10-22T07:39:44.214809] CPU=0.137, MEM=6377472.000, LATENCY=0.001, OVERALL=2076.046
[2025-10-22T07:39:49.236727] CPU=0.137, MEM=6377472.000, LATENCY=0.001, OVERALL=2076.046
[2025-10-22T07:39:54.258590] CPU=0.137, MEM=6377472.000, LATENCY=0.001, OVERALL=2076.046
[2025-10-22T07:39:59.289499] CPU=0.137, MEM=6377472.000, LATENCY=0.003, OVERALL=2076.046
[2025-10-22T07:40:04.352011] CPU=0.137, MEM=6377472.000, LATENCY=0.001, OVERALL=2076.046
[2025-10-22T07:40:09.420750] CPU=0.137, MEM=6377472.000, LATENCY=0.002, OVERALL=2076.046
[2025-10-22T07:40:14.521108] CPU=0.137, MEM=6377472.000, LATENCY=0.001, OVERALL=2076.046
[2025-10-22T07:40:19.631598] CPU=0.137, MEM=6377472.000, LATENCY=0.001, OVERALL=2076.046
[2025-10-22T07:40:24.702633] CPU=0.137, MEM=5156864.000, LATENCY=0.001, OVERALL=1678.712
[2025-10-22T07:40:29.752175] CPU=0.137, MEM=5156864.000, LATENCY=0.001, OVERALL=1678.712
[2025-10-22T07:40:34.784298] CPU=0.137, MEM=5156864.000, LATENCY=0.002, OVERALL=1678.713
[2025-10-22T07:40:39.842687] CPU=0.137, MEM=5156864.000, LATENCY=0.001, OVERALL=1678.712
[2025-10-22T07:40:44.888353] CPU=0.137, MEM=5156864.000, LATENCY=0.003, OVERALL=1678.713
[2025-10-22T07:40:49.923711] CPU=0.137, MEM=5156864.000, LATENCY=0.001, OVERALL=1678.712
[2025-10-22T07:40:54.986950] CPU=0.137, MEM=4894720.000, LATENCY=0.000, OVERALL=1593.379
[2025-10-22T07:41:00.015550] CPU=0.137, MEM=4894720.000, LATENCY=0.001, OVERALL=1593.379
[2025-10-22T07:41:05.144948] CPU=0.137, MEM=4894720.000, LATENCY=0.001, OVERALL=1593.379
[2025-10-22T07:41:10.222109] CPU=0.137, MEM=4894720.000, LATENCY=0.003, OVERALL=1593.379
[2025-10-22T07:41:15.283995] CPU=0.137, MEM=4894720.000, LATENCY=0.001, OVERALL=1593.379
[2025-10-22T07:41:20.317207] CPU=0.137, MEM=4894720.000, LATENCY=0.002, OVERALL=1593.379
[2025-10-22T07:41:25.370768] CPU=0.137, MEM=4894720.000, LATENCY=0.001, OVERALL=1593.379
[2025-10-22T07:41:30.406369] CPU=0.137, MEM=4894720.000, LATENCY=0.002, OVERALL=1593.379
[2025-10-22T07:41:35.440060] CPU=0.137, MEM=4894720.000, LATENCY=0.001, OVERALL=1593.379
[2025-10-22T07:41:40.462277] CPU=0.137, MEM=4894720.000, LATENCY=0.004, OVERALL=1593.380
[2025-10-22T07:41:45.486408] CPU=0.137, MEM=4894720.000, LATENCY=0.001, OVERALL=1593.379
[2025-10-22T07:41:50.528424] CPU=0.137, MEM=4894720.000, LATENCY=0.001, OVERALL=1593.379
[2025-10-22T07:41:55.571764] CPU=0.137, MEM=4894720.000, LATENCY=0.001, OVERALL=1593.379
[2025-10-22T07:42:00.606943] CPU=0.137, MEM=4894720.000, LATENCY=0.001, OVERALL=1593.379
[2025-10-22T07:42:05.640866] CPU=0.137, MEM=4894720.000, LATENCY=0.001, OVERALL=1593.379
[2025-10-22T07:42:10.665539] CPU=0.137, MEM=4894720.000, LATENCY=0.001, OVERALL=1593.379
[2025-10-22T07:42:15.690988] CPU=0.137, MEM=4894720.000, LATENCY=0.001, OVERALL=1593.379